[2025-07-15T21:28:10.490+0000] {processor.py:161} INFO - Started process (PID=35) to work on /opt/airflow/dags/DAG 3.py
[2025-07-15T21:28:10.494+0000] {processor.py:830} INFO - Processing file /opt/airflow/dags/DAG 3.py for tasks to queue
[2025-07-15T21:28:10.504+0000] {logging_mixin.py:188} INFO - [2025-07-15T21:28:10.503+0000] {dagbag.py:540} INFO - Filling up the DagBag from /opt/airflow/dags/DAG 3.py
[2025-07-15T21:28:12.743+0000] {processor.py:840} INFO - DAG(s) 'Projeto_Joao_Motta' retrieved from /opt/airflow/dags/DAG 3.py
[2025-07-15T21:28:12.785+0000] {logging_mixin.py:188} INFO - [2025-07-15T21:28:12.784+0000] {dag.py:3096} INFO - Sync 1 DAGs
[2025-07-15T21:28:12.823+0000] {logging_mixin.py:188} INFO - [2025-07-15T21:28:12.822+0000] {dag.py:3954} INFO - Setting next_dagrun for Projeto_Joao_Motta to None, run_after=None
[2025-07-15T21:28:12.866+0000] {processor.py:183} INFO - Processing /opt/airflow/dags/DAG 3.py took 2.394 seconds
[2025-07-15T21:28:43.357+0000] {processor.py:161} INFO - Started process (PID=67) to work on /opt/airflow/dags/DAG 3.py
[2025-07-15T21:28:43.360+0000] {processor.py:830} INFO - Processing file /opt/airflow/dags/DAG 3.py for tasks to queue
[2025-07-15T21:28:43.366+0000] {logging_mixin.py:188} INFO - [2025-07-15T21:28:43.364+0000] {dagbag.py:540} INFO - Filling up the DagBag from /opt/airflow/dags/DAG 3.py
[2025-07-15T21:28:45.198+0000] {processor.py:840} INFO - DAG(s) 'Projeto_Joao_Motta' retrieved from /opt/airflow/dags/DAG 3.py
[2025-07-15T21:28:45.353+0000] {logging_mixin.py:188} INFO - [2025-07-15T21:28:45.352+0000] {dag.py:3096} INFO - Sync 1 DAGs
[2025-07-15T21:28:45.385+0000] {logging_mixin.py:188} INFO - [2025-07-15T21:28:45.384+0000] {dag.py:3954} INFO - Setting next_dagrun for Projeto_Joao_Motta to None, run_after=None
[2025-07-15T21:28:45.413+0000] {processor.py:183} INFO - Processing /opt/airflow/dags/DAG 3.py took 2.077 seconds
[2025-07-15T21:29:16.041+0000] {processor.py:161} INFO - Started process (PID=77) to work on /opt/airflow/dags/DAG 3.py
[2025-07-15T21:29:16.044+0000] {processor.py:830} INFO - Processing file /opt/airflow/dags/DAG 3.py for tasks to queue
[2025-07-15T21:29:16.048+0000] {logging_mixin.py:188} INFO - [2025-07-15T21:29:16.047+0000] {dagbag.py:540} INFO - Filling up the DagBag from /opt/airflow/dags/DAG 3.py
[2025-07-15T21:29:17.628+0000] {processor.py:840} INFO - DAG(s) 'Projeto_Joao_Motta' retrieved from /opt/airflow/dags/DAG 3.py
[2025-07-15T21:29:17.666+0000] {logging_mixin.py:188} INFO - [2025-07-15T21:29:17.665+0000] {dag.py:3096} INFO - Sync 1 DAGs
[2025-07-15T21:29:17.688+0000] {logging_mixin.py:188} INFO - [2025-07-15T21:29:17.687+0000] {dag.py:3954} INFO - Setting next_dagrun for Projeto_Joao_Motta to None, run_after=None
[2025-07-15T21:29:17.713+0000] {processor.py:183} INFO - Processing /opt/airflow/dags/DAG 3.py took 1.686 seconds
[2025-07-15T21:30:40.395+0000] {processor.py:161} INFO - Started process (PID=35) to work on /opt/airflow/dags/DAG 3.py
[2025-07-15T21:30:40.398+0000] {processor.py:830} INFO - Processing file /opt/airflow/dags/DAG 3.py for tasks to queue
[2025-07-15T21:30:40.402+0000] {logging_mixin.py:188} INFO - [2025-07-15T21:30:40.401+0000] {dagbag.py:540} INFO - Filling up the DagBag from /opt/airflow/dags/DAG 3.py
[2025-07-15T21:30:41.977+0000] {processor.py:840} INFO - DAG(s) 'Projeto_Joao_Motta' retrieved from /opt/airflow/dags/DAG 3.py
[2025-07-15T21:30:42.014+0000] {logging_mixin.py:188} INFO - [2025-07-15T21:30:42.014+0000] {dag.py:3096} INFO - Sync 1 DAGs
[2025-07-15T21:30:42.032+0000] {logging_mixin.py:188} INFO - [2025-07-15T21:30:42.032+0000] {dag.py:3954} INFO - Setting next_dagrun for Projeto_Joao_Motta to None, run_after=None
[2025-07-15T21:30:42.067+0000] {processor.py:183} INFO - Processing /opt/airflow/dags/DAG 3.py took 1.691 seconds
[2025-07-15T21:31:12.814+0000] {processor.py:161} INFO - Started process (PID=61) to work on /opt/airflow/dags/DAG 3.py
[2025-07-15T21:31:12.817+0000] {processor.py:830} INFO - Processing file /opt/airflow/dags/DAG 3.py for tasks to queue
[2025-07-15T21:31:12.828+0000] {logging_mixin.py:188} INFO - [2025-07-15T21:31:12.828+0000] {dagbag.py:540} INFO - Filling up the DagBag from /opt/airflow/dags/DAG 3.py
[2025-07-15T21:31:14.961+0000] {processor.py:840} INFO - DAG(s) 'Projeto_Joao_Motta' retrieved from /opt/airflow/dags/DAG 3.py
[2025-07-15T21:31:15.160+0000] {logging_mixin.py:188} INFO - [2025-07-15T21:31:15.159+0000] {dag.py:3096} INFO - Sync 1 DAGs
[2025-07-15T21:31:15.174+0000] {logging_mixin.py:188} INFO - [2025-07-15T21:31:15.174+0000] {dag.py:3954} INFO - Setting next_dagrun for Projeto_Joao_Motta to None, run_after=None
[2025-07-15T21:31:15.206+0000] {processor.py:183} INFO - Processing /opt/airflow/dags/DAG 3.py took 2.429 seconds
[2025-07-15T21:31:45.692+0000] {processor.py:161} INFO - Started process (PID=67) to work on /opt/airflow/dags/DAG 3.py
[2025-07-15T21:31:45.694+0000] {processor.py:830} INFO - Processing file /opt/airflow/dags/DAG 3.py for tasks to queue
[2025-07-15T21:31:45.698+0000] {logging_mixin.py:188} INFO - [2025-07-15T21:31:45.697+0000] {dagbag.py:540} INFO - Filling up the DagBag from /opt/airflow/dags/DAG 3.py
[2025-07-15T21:31:46.998+0000] {processor.py:840} INFO - DAG(s) 'Projeto_Joao_Motta' retrieved from /opt/airflow/dags/DAG 3.py
[2025-07-15T21:31:47.028+0000] {logging_mixin.py:188} INFO - [2025-07-15T21:31:47.027+0000] {dag.py:3096} INFO - Sync 1 DAGs
[2025-07-15T21:31:47.045+0000] {logging_mixin.py:188} INFO - [2025-07-15T21:31:47.045+0000] {dag.py:3954} INFO - Setting next_dagrun for Projeto_Joao_Motta to None, run_after=None
[2025-07-15T21:31:47.089+0000] {processor.py:183} INFO - Processing /opt/airflow/dags/DAG 3.py took 1.408 seconds
[2025-07-15T21:32:17.556+0000] {processor.py:161} INFO - Started process (PID=72) to work on /opt/airflow/dags/DAG 3.py
[2025-07-15T21:32:17.558+0000] {processor.py:830} INFO - Processing file /opt/airflow/dags/DAG 3.py for tasks to queue
[2025-07-15T21:32:17.561+0000] {logging_mixin.py:188} INFO - [2025-07-15T21:32:17.561+0000] {dagbag.py:540} INFO - Filling up the DagBag from /opt/airflow/dags/DAG 3.py
[2025-07-15T21:32:18.915+0000] {processor.py:840} INFO - DAG(s) 'Projeto_Joao_Motta' retrieved from /opt/airflow/dags/DAG 3.py
[2025-07-15T21:32:18.946+0000] {logging_mixin.py:188} INFO - [2025-07-15T21:32:18.945+0000] {dag.py:3096} INFO - Sync 1 DAGs
[2025-07-15T21:32:18.961+0000] {logging_mixin.py:188} INFO - [2025-07-15T21:32:18.960+0000] {dag.py:3954} INFO - Setting next_dagrun for Projeto_Joao_Motta to None, run_after=None
[2025-07-15T21:32:18.989+0000] {processor.py:183} INFO - Processing /opt/airflow/dags/DAG 3.py took 1.443 seconds
[2025-07-15T21:32:49.449+0000] {processor.py:161} INFO - Started process (PID=77) to work on /opt/airflow/dags/DAG 3.py
[2025-07-15T21:32:49.451+0000] {processor.py:830} INFO - Processing file /opt/airflow/dags/DAG 3.py for tasks to queue
[2025-07-15T21:32:49.454+0000] {logging_mixin.py:188} INFO - [2025-07-15T21:32:49.453+0000] {dagbag.py:540} INFO - Filling up the DagBag from /opt/airflow/dags/DAG 3.py
[2025-07-15T21:32:50.972+0000] {processor.py:840} INFO - DAG(s) 'Projeto_Joao_Motta' retrieved from /opt/airflow/dags/DAG 3.py
[2025-07-15T21:32:51.008+0000] {logging_mixin.py:188} INFO - [2025-07-15T21:32:51.007+0000] {dag.py:3096} INFO - Sync 1 DAGs
[2025-07-15T21:32:51.024+0000] {logging_mixin.py:188} INFO - [2025-07-15T21:32:51.023+0000] {dag.py:3954} INFO - Setting next_dagrun for Projeto_Joao_Motta to None, run_after=None
[2025-07-15T21:32:51.058+0000] {processor.py:183} INFO - Processing /opt/airflow/dags/DAG 3.py took 1.619 seconds
[2025-07-15T21:33:21.420+0000] {processor.py:161} INFO - Started process (PID=82) to work on /opt/airflow/dags/DAG 3.py
[2025-07-15T21:33:21.421+0000] {processor.py:830} INFO - Processing file /opt/airflow/dags/DAG 3.py for tasks to queue
[2025-07-15T21:33:21.425+0000] {logging_mixin.py:188} INFO - [2025-07-15T21:33:21.425+0000] {dagbag.py:540} INFO - Filling up the DagBag from /opt/airflow/dags/DAG 3.py
[2025-07-15T21:33:23.114+0000] {processor.py:840} INFO - DAG(s) 'Projeto_Joao_Motta' retrieved from /opt/airflow/dags/DAG 3.py
[2025-07-15T21:33:23.140+0000] {logging_mixin.py:188} INFO - [2025-07-15T21:33:23.140+0000] {dag.py:3096} INFO - Sync 1 DAGs
[2025-07-15T21:33:23.168+0000] {logging_mixin.py:188} INFO - [2025-07-15T21:33:23.168+0000] {dag.py:3954} INFO - Setting next_dagrun for Projeto_Joao_Motta to None, run_after=None
[2025-07-15T21:33:23.207+0000] {processor.py:183} INFO - Processing /opt/airflow/dags/DAG 3.py took 1.797 seconds
[2025-07-15T21:33:53.708+0000] {processor.py:161} INFO - Started process (PID=87) to work on /opt/airflow/dags/DAG 3.py
[2025-07-15T21:33:53.710+0000] {processor.py:830} INFO - Processing file /opt/airflow/dags/DAG 3.py for tasks to queue
[2025-07-15T21:33:53.713+0000] {logging_mixin.py:188} INFO - [2025-07-15T21:33:53.712+0000] {dagbag.py:540} INFO - Filling up the DagBag from /opt/airflow/dags/DAG 3.py
[2025-07-15T21:33:55.017+0000] {processor.py:840} INFO - DAG(s) 'Projeto_Joao_Motta' retrieved from /opt/airflow/dags/DAG 3.py
[2025-07-15T21:33:55.047+0000] {logging_mixin.py:188} INFO - [2025-07-15T21:33:55.047+0000] {dag.py:3096} INFO - Sync 1 DAGs
[2025-07-15T21:33:55.061+0000] {logging_mixin.py:188} INFO - [2025-07-15T21:33:55.061+0000] {dag.py:3954} INFO - Setting next_dagrun for Projeto_Joao_Motta to None, run_after=None
[2025-07-15T21:33:55.092+0000] {processor.py:183} INFO - Processing /opt/airflow/dags/DAG 3.py took 1.394 seconds
[2025-07-15T21:34:25.409+0000] {processor.py:161} INFO - Started process (PID=92) to work on /opt/airflow/dags/DAG 3.py
[2025-07-15T21:34:25.410+0000] {processor.py:830} INFO - Processing file /opt/airflow/dags/DAG 3.py for tasks to queue
[2025-07-15T21:34:25.414+0000] {logging_mixin.py:188} INFO - [2025-07-15T21:34:25.413+0000] {dagbag.py:540} INFO - Filling up the DagBag from /opt/airflow/dags/DAG 3.py
[2025-07-15T21:34:26.894+0000] {processor.py:840} INFO - DAG(s) 'Projeto_Joao_Motta' retrieved from /opt/airflow/dags/DAG 3.py
[2025-07-15T21:34:26.925+0000] {logging_mixin.py:188} INFO - [2025-07-15T21:34:26.925+0000] {dag.py:3096} INFO - Sync 1 DAGs
[2025-07-15T21:34:26.942+0000] {logging_mixin.py:188} INFO - [2025-07-15T21:34:26.941+0000] {dag.py:3954} INFO - Setting next_dagrun for Projeto_Joao_Motta to None, run_after=None
[2025-07-15T21:34:26.971+0000] {processor.py:183} INFO - Processing /opt/airflow/dags/DAG 3.py took 1.573 seconds
[2025-07-15T21:34:57.949+0000] {processor.py:161} INFO - Started process (PID=97) to work on /opt/airflow/dags/DAG 3.py
[2025-07-15T21:34:57.950+0000] {processor.py:830} INFO - Processing file /opt/airflow/dags/DAG 3.py for tasks to queue
[2025-07-15T21:34:57.953+0000] {logging_mixin.py:188} INFO - [2025-07-15T21:34:57.953+0000] {dagbag.py:540} INFO - Filling up the DagBag from /opt/airflow/dags/DAG 3.py
[2025-07-15T21:34:59.591+0000] {processor.py:840} INFO - DAG(s) 'Projeto_Joao_Motta' retrieved from /opt/airflow/dags/DAG 3.py
[2025-07-15T21:34:59.637+0000] {logging_mixin.py:188} INFO - [2025-07-15T21:34:59.636+0000] {dag.py:3096} INFO - Sync 1 DAGs
[2025-07-15T21:34:59.655+0000] {logging_mixin.py:188} INFO - [2025-07-15T21:34:59.654+0000] {dag.py:3954} INFO - Setting next_dagrun for Projeto_Joao_Motta to None, run_after=None
[2025-07-15T21:34:59.688+0000] {processor.py:183} INFO - Processing /opt/airflow/dags/DAG 3.py took 1.750 seconds
[2025-07-15T21:39:15.321+0000] {processor.py:161} INFO - Started process (PID=26) to work on /opt/airflow/dags/DAG 3.py
[2025-07-15T21:39:15.323+0000] {processor.py:830} INFO - Processing file /opt/airflow/dags/DAG 3.py for tasks to queue
[2025-07-15T21:39:15.329+0000] {logging_mixin.py:188} INFO - [2025-07-15T21:39:15.328+0000] {dagbag.py:540} INFO - Filling up the DagBag from /opt/airflow/dags/DAG 3.py
[2025-07-15T21:39:19.112+0000] {processor.py:840} INFO - DAG(s) 'Projeto_Joao_Motta' retrieved from /opt/airflow/dags/DAG 3.py
[2025-07-15T21:39:19.156+0000] {logging_mixin.py:188} INFO - [2025-07-15T21:39:19.155+0000] {dag.py:3096} INFO - Sync 1 DAGs
[2025-07-15T21:39:19.178+0000] {logging_mixin.py:188} INFO - [2025-07-15T21:39:19.178+0000] {dag.py:3954} INFO - Setting next_dagrun for Projeto_Joao_Motta to None, run_after=None
[2025-07-15T21:39:19.219+0000] {processor.py:183} INFO - Processing /opt/airflow/dags/DAG 3.py took 3.911 seconds
[2025-07-15T21:39:22.084+0000] {processor.py:161} INFO - Started process (PID=35) to work on /opt/airflow/dags/DAG 3.py
[2025-07-15T21:39:22.087+0000] {processor.py:830} INFO - Processing file /opt/airflow/dags/DAG 3.py for tasks to queue
[2025-07-15T21:39:22.097+0000] {logging_mixin.py:188} INFO - [2025-07-15T21:39:22.097+0000] {dagbag.py:540} INFO - Filling up the DagBag from /opt/airflow/dags/DAG 3.py
[2025-07-15T21:39:24.263+0000] {processor.py:840} INFO - DAG(s) 'Projeto_Joao_Motta' retrieved from /opt/airflow/dags/DAG 3.py
[2025-07-15T21:39:24.297+0000] {logging_mixin.py:188} INFO - [2025-07-15T21:39:24.296+0000] {dag.py:3096} INFO - Sync 1 DAGs
[2025-07-15T21:39:24.321+0000] {logging_mixin.py:188} INFO - [2025-07-15T21:39:24.321+0000] {dag.py:3954} INFO - Setting next_dagrun for Projeto_Joao_Motta to None, run_after=None
[2025-07-15T21:39:24.352+0000] {processor.py:183} INFO - Processing /opt/airflow/dags/DAG 3.py took 2.286 seconds
[2025-07-15T21:39:49.687+0000] {processor.py:161} INFO - Started process (PID=31) to work on /opt/airflow/dags/DAG 3.py
[2025-07-15T21:39:49.689+0000] {processor.py:830} INFO - Processing file /opt/airflow/dags/DAG 3.py for tasks to queue
[2025-07-15T21:39:49.693+0000] {logging_mixin.py:188} INFO - [2025-07-15T21:39:49.693+0000] {dagbag.py:540} INFO - Filling up the DagBag from /opt/airflow/dags/DAG 3.py
[2025-07-15T21:39:52.091+0000] {processor.py:840} INFO - DAG(s) 'Projeto_Joao_Motta' retrieved from /opt/airflow/dags/DAG 3.py
[2025-07-15T21:39:52.435+0000] {logging_mixin.py:188} INFO - [2025-07-15T21:39:52.434+0000] {dag.py:3096} INFO - Sync 1 DAGs
[2025-07-15T21:39:52.449+0000] {logging_mixin.py:188} INFO - [2025-07-15T21:39:52.448+0000] {dag.py:3954} INFO - Setting next_dagrun for Projeto_Joao_Motta to None, run_after=None
[2025-07-15T21:39:52.478+0000] {processor.py:183} INFO - Processing /opt/airflow/dags/DAG 3.py took 2.803 seconds
[2025-07-15T21:39:54.520+0000] {processor.py:161} INFO - Started process (PID=62) to work on /opt/airflow/dags/DAG 3.py
[2025-07-15T21:39:54.525+0000] {processor.py:830} INFO - Processing file /opt/airflow/dags/DAG 3.py for tasks to queue
[2025-07-15T21:39:54.529+0000] {logging_mixin.py:188} INFO - [2025-07-15T21:39:54.528+0000] {dagbag.py:540} INFO - Filling up the DagBag from /opt/airflow/dags/DAG 3.py
[2025-07-15T21:39:56.421+0000] {processor.py:840} INFO - DAG(s) 'Projeto_Joao_Motta' retrieved from /opt/airflow/dags/DAG 3.py
[2025-07-15T21:39:56.439+0000] {logging_mixin.py:188} INFO - [2025-07-15T21:39:56.438+0000] {dag.py:3096} INFO - Sync 1 DAGs
[2025-07-15T21:39:56.463+0000] {logging_mixin.py:188} INFO - [2025-07-15T21:39:56.462+0000] {dag.py:3954} INFO - Setting next_dagrun for Projeto_Joao_Motta to None, run_after=None
[2025-07-15T21:39:56.496+0000] {processor.py:183} INFO - Processing /opt/airflow/dags/DAG 3.py took 1.992 seconds
[2025-07-15T21:40:23.064+0000] {processor.py:161} INFO - Started process (PID=36) to work on /opt/airflow/dags/DAG 3.py
[2025-07-15T21:40:23.066+0000] {processor.py:830} INFO - Processing file /opt/airflow/dags/DAG 3.py for tasks to queue
[2025-07-15T21:40:23.070+0000] {logging_mixin.py:188} INFO - [2025-07-15T21:40:23.070+0000] {dagbag.py:540} INFO - Filling up the DagBag from /opt/airflow/dags/DAG 3.py
[2025-07-15T21:40:24.494+0000] {processor.py:840} INFO - DAG(s) 'Projeto_Joao_Motta' retrieved from /opt/airflow/dags/DAG 3.py
[2025-07-15T21:40:24.525+0000] {logging_mixin.py:188} INFO - [2025-07-15T21:40:24.524+0000] {dag.py:3096} INFO - Sync 1 DAGs
[2025-07-15T21:40:24.540+0000] {logging_mixin.py:188} INFO - [2025-07-15T21:40:24.539+0000] {dag.py:3954} INFO - Setting next_dagrun for Projeto_Joao_Motta to None, run_after=None
[2025-07-15T21:40:24.569+0000] {processor.py:183} INFO - Processing /opt/airflow/dags/DAG 3.py took 1.519 seconds
[2025-07-15T21:40:26.942+0000] {processor.py:161} INFO - Started process (PID=67) to work on /opt/airflow/dags/DAG 3.py
[2025-07-15T21:40:26.944+0000] {processor.py:830} INFO - Processing file /opt/airflow/dags/DAG 3.py for tasks to queue
[2025-07-15T21:40:26.949+0000] {logging_mixin.py:188} INFO - [2025-07-15T21:40:26.948+0000] {dagbag.py:540} INFO - Filling up the DagBag from /opt/airflow/dags/DAG 3.py
[2025-07-15T21:40:28.676+0000] {processor.py:840} INFO - DAG(s) 'Projeto_Joao_Motta' retrieved from /opt/airflow/dags/DAG 3.py
[2025-07-15T21:40:28.718+0000] {logging_mixin.py:188} INFO - [2025-07-15T21:40:28.718+0000] {dag.py:3096} INFO - Sync 1 DAGs
[2025-07-15T21:40:28.742+0000] {logging_mixin.py:188} INFO - [2025-07-15T21:40:28.742+0000] {dag.py:3954} INFO - Setting next_dagrun for Projeto_Joao_Motta to None, run_after=None
[2025-07-15T21:40:28.779+0000] {processor.py:183} INFO - Processing /opt/airflow/dags/DAG 3.py took 1.853 seconds
[2025-07-15T21:40:54.720+0000] {processor.py:161} INFO - Started process (PID=41) to work on /opt/airflow/dags/DAG 3.py
[2025-07-15T21:40:54.722+0000] {processor.py:830} INFO - Processing file /opt/airflow/dags/DAG 3.py for tasks to queue
[2025-07-15T21:40:54.726+0000] {logging_mixin.py:188} INFO - [2025-07-15T21:40:54.726+0000] {dagbag.py:540} INFO - Filling up the DagBag from /opt/airflow/dags/DAG 3.py
[2025-07-15T21:40:56.626+0000] {processor.py:840} INFO - DAG(s) 'Projeto_Joao_Motta' retrieved from /opt/airflow/dags/DAG 3.py
[2025-07-15T21:40:56.665+0000] {logging_mixin.py:188} INFO - [2025-07-15T21:40:56.664+0000] {dag.py:3096} INFO - Sync 1 DAGs
[2025-07-15T21:40:56.685+0000] {logging_mixin.py:188} INFO - [2025-07-15T21:40:56.685+0000] {dag.py:3954} INFO - Setting next_dagrun for Projeto_Joao_Motta to None, run_after=None
[2025-07-15T21:40:56.714+0000] {processor.py:183} INFO - Processing /opt/airflow/dags/DAG 3.py took 2.006 seconds
[2025-07-15T21:40:59.286+0000] {processor.py:161} INFO - Started process (PID=72) to work on /opt/airflow/dags/DAG 3.py
[2025-07-15T21:40:59.288+0000] {processor.py:830} INFO - Processing file /opt/airflow/dags/DAG 3.py for tasks to queue
[2025-07-15T21:40:59.292+0000] {logging_mixin.py:188} INFO - [2025-07-15T21:40:59.291+0000] {dagbag.py:540} INFO - Filling up the DagBag from /opt/airflow/dags/DAG 3.py
[2025-07-15T21:41:00.739+0000] {processor.py:840} INFO - DAG(s) 'Projeto_Joao_Motta' retrieved from /opt/airflow/dags/DAG 3.py
[2025-07-15T21:41:00.782+0000] {logging_mixin.py:188} INFO - [2025-07-15T21:41:00.780+0000] {dag.py:3096} INFO - Sync 1 DAGs
[2025-07-15T21:41:00.797+0000] {logging_mixin.py:188} INFO - [2025-07-15T21:41:00.797+0000] {dag.py:3954} INFO - Setting next_dagrun for Projeto_Joao_Motta to None, run_after=None
[2025-07-15T21:41:00.822+0000] {processor.py:183} INFO - Processing /opt/airflow/dags/DAG 3.py took 1.548 seconds
[2025-07-15T21:41:27.119+0000] {processor.py:161} INFO - Started process (PID=46) to work on /opt/airflow/dags/DAG 3.py
[2025-07-15T21:41:27.121+0000] {processor.py:830} INFO - Processing file /opt/airflow/dags/DAG 3.py for tasks to queue
[2025-07-15T21:41:27.124+0000] {logging_mixin.py:188} INFO - [2025-07-15T21:41:27.124+0000] {dagbag.py:540} INFO - Filling up the DagBag from /opt/airflow/dags/DAG 3.py
[2025-07-15T21:41:28.551+0000] {processor.py:840} INFO - DAG(s) 'Projeto_Joao_Motta' retrieved from /opt/airflow/dags/DAG 3.py
[2025-07-15T21:41:28.581+0000] {logging_mixin.py:188} INFO - [2025-07-15T21:41:28.580+0000] {dag.py:3096} INFO - Sync 1 DAGs
[2025-07-15T21:41:28.597+0000] {logging_mixin.py:188} INFO - [2025-07-15T21:41:28.597+0000] {dag.py:3954} INFO - Setting next_dagrun for Projeto_Joao_Motta to None, run_after=None
[2025-07-15T21:41:28.626+0000] {processor.py:183} INFO - Processing /opt/airflow/dags/DAG 3.py took 1.517 seconds
[2025-07-15T21:41:31.180+0000] {processor.py:161} INFO - Started process (PID=77) to work on /opt/airflow/dags/DAG 3.py
[2025-07-15T21:41:31.183+0000] {processor.py:830} INFO - Processing file /opt/airflow/dags/DAG 3.py for tasks to queue
[2025-07-15T21:41:31.186+0000] {logging_mixin.py:188} INFO - [2025-07-15T21:41:31.186+0000] {dagbag.py:540} INFO - Filling up the DagBag from /opt/airflow/dags/DAG 3.py
[2025-07-15T21:41:32.590+0000] {processor.py:840} INFO - DAG(s) 'Projeto_Joao_Motta' retrieved from /opt/airflow/dags/DAG 3.py
[2025-07-15T21:41:32.623+0000] {logging_mixin.py:188} INFO - [2025-07-15T21:41:32.622+0000] {dag.py:3096} INFO - Sync 1 DAGs
[2025-07-15T21:41:32.638+0000] {logging_mixin.py:188} INFO - [2025-07-15T21:41:32.637+0000] {dag.py:3954} INFO - Setting next_dagrun for Projeto_Joao_Motta to None, run_after=None
[2025-07-15T21:41:32.667+0000] {processor.py:183} INFO - Processing /opt/airflow/dags/DAG 3.py took 1.497 seconds
[2025-07-15T21:41:59.064+0000] {processor.py:161} INFO - Started process (PID=51) to work on /opt/airflow/dags/DAG 3.py
[2025-07-15T21:41:59.066+0000] {processor.py:830} INFO - Processing file /opt/airflow/dags/DAG 3.py for tasks to queue
[2025-07-15T21:41:59.070+0000] {logging_mixin.py:188} INFO - [2025-07-15T21:41:59.069+0000] {dagbag.py:540} INFO - Filling up the DagBag from /opt/airflow/dags/DAG 3.py
[2025-07-15T21:42:00.713+0000] {processor.py:840} INFO - DAG(s) 'Projeto_Joao_Motta' retrieved from /opt/airflow/dags/DAG 3.py
[2025-07-15T21:42:00.769+0000] {logging_mixin.py:188} INFO - [2025-07-15T21:42:00.768+0000] {dag.py:3096} INFO - Sync 1 DAGs
[2025-07-15T21:42:00.786+0000] {logging_mixin.py:188} INFO - [2025-07-15T21:42:00.785+0000] {dag.py:3954} INFO - Setting next_dagrun for Projeto_Joao_Motta to None, run_after=None
[2025-07-15T21:42:00.824+0000] {processor.py:183} INFO - Processing /opt/airflow/dags/DAG 3.py took 1.780 seconds
[2025-07-15T21:42:03.044+0000] {processor.py:161} INFO - Started process (PID=82) to work on /opt/airflow/dags/DAG 3.py
[2025-07-15T21:42:03.049+0000] {processor.py:830} INFO - Processing file /opt/airflow/dags/DAG 3.py for tasks to queue
[2025-07-15T21:42:03.053+0000] {logging_mixin.py:188} INFO - [2025-07-15T21:42:03.053+0000] {dagbag.py:540} INFO - Filling up the DagBag from /opt/airflow/dags/DAG 3.py
[2025-07-15T21:42:04.532+0000] {processor.py:840} INFO - DAG(s) 'Projeto_Joao_Motta' retrieved from /opt/airflow/dags/DAG 3.py
[2025-07-15T21:42:04.564+0000] {logging_mixin.py:188} INFO - [2025-07-15T21:42:04.563+0000] {dag.py:3096} INFO - Sync 1 DAGs
[2025-07-15T21:42:04.579+0000] {logging_mixin.py:188} INFO - [2025-07-15T21:42:04.579+0000] {dag.py:3954} INFO - Setting next_dagrun for Projeto_Joao_Motta to None, run_after=None
[2025-07-15T21:42:04.609+0000] {processor.py:183} INFO - Processing /opt/airflow/dags/DAG 3.py took 1.578 seconds
[2025-07-15T21:42:31.308+0000] {processor.py:161} INFO - Started process (PID=56) to work on /opt/airflow/dags/DAG 3.py
[2025-07-15T21:42:31.316+0000] {processor.py:830} INFO - Processing file /opt/airflow/dags/DAG 3.py for tasks to queue
[2025-07-15T21:42:31.322+0000] {logging_mixin.py:188} INFO - [2025-07-15T21:42:31.321+0000] {dagbag.py:540} INFO - Filling up the DagBag from /opt/airflow/dags/DAG 3.py
[2025-07-15T21:42:34.354+0000] {processor.py:840} INFO - DAG(s) 'Projeto_Joao_Motta' retrieved from /opt/airflow/dags/DAG 3.py
[2025-07-15T21:42:34.392+0000] {logging_mixin.py:188} INFO - [2025-07-15T21:42:34.392+0000] {dag.py:3096} INFO - Sync 1 DAGs
[2025-07-15T21:42:34.410+0000] {logging_mixin.py:188} INFO - [2025-07-15T21:42:34.410+0000] {dag.py:3954} INFO - Setting next_dagrun for Projeto_Joao_Motta to None, run_after=None
[2025-07-15T21:42:34.442+0000] {processor.py:183} INFO - Processing /opt/airflow/dags/DAG 3.py took 3.161 seconds
[2025-07-15T21:42:34.970+0000] {processor.py:161} INFO - Started process (PID=87) to work on /opt/airflow/dags/DAG 3.py
[2025-07-15T21:42:34.972+0000] {processor.py:830} INFO - Processing file /opt/airflow/dags/DAG 3.py for tasks to queue
[2025-07-15T21:42:34.975+0000] {logging_mixin.py:188} INFO - [2025-07-15T21:42:34.975+0000] {dagbag.py:540} INFO - Filling up the DagBag from /opt/airflow/dags/DAG 3.py
[2025-07-15T21:42:37.058+0000] {processor.py:840} INFO - DAG(s) 'Projeto_Joao_Motta' retrieved from /opt/airflow/dags/DAG 3.py
[2025-07-15T21:42:37.104+0000] {logging_mixin.py:188} INFO - [2025-07-15T21:42:37.104+0000] {dag.py:3096} INFO - Sync 1 DAGs
[2025-07-15T21:42:37.127+0000] {logging_mixin.py:188} INFO - [2025-07-15T21:42:37.126+0000] {dag.py:3954} INFO - Setting next_dagrun for Projeto_Joao_Motta to None, run_after=None
[2025-07-15T21:42:37.171+0000] {processor.py:183} INFO - Processing /opt/airflow/dags/DAG 3.py took 2.213 seconds
[2025-07-15T21:43:04.756+0000] {processor.py:161} INFO - Started process (PID=61) to work on /opt/airflow/dags/DAG 3.py
[2025-07-15T21:43:04.758+0000] {processor.py:830} INFO - Processing file /opt/airflow/dags/DAG 3.py for tasks to queue
[2025-07-15T21:43:04.762+0000] {logging_mixin.py:188} INFO - [2025-07-15T21:43:04.761+0000] {dagbag.py:540} INFO - Filling up the DagBag from /opt/airflow/dags/DAG 3.py
[2025-07-15T21:43:07.155+0000] {processor.py:840} INFO - DAG(s) 'Projeto_Joao_Motta' retrieved from /opt/airflow/dags/DAG 3.py
[2025-07-15T21:43:07.202+0000] {logging_mixin.py:188} INFO - [2025-07-15T21:43:07.201+0000] {dag.py:3096} INFO - Sync 1 DAGs
[2025-07-15T21:43:07.221+0000] {logging_mixin.py:188} INFO - [2025-07-15T21:43:07.220+0000] {dag.py:3954} INFO - Setting next_dagrun for Projeto_Joao_Motta to None, run_after=None
[2025-07-15T21:43:07.247+0000] {processor.py:183} INFO - Processing /opt/airflow/dags/DAG 3.py took 2.503 seconds
[2025-07-15T21:43:07.407+0000] {processor.py:161} INFO - Started process (PID=92) to work on /opt/airflow/dags/DAG 3.py
[2025-07-15T21:43:07.409+0000] {processor.py:830} INFO - Processing file /opt/airflow/dags/DAG 3.py for tasks to queue
[2025-07-15T21:43:07.412+0000] {logging_mixin.py:188} INFO - [2025-07-15T21:43:07.412+0000] {dagbag.py:540} INFO - Filling up the DagBag from /opt/airflow/dags/DAG 3.py
[2025-07-15T21:43:09.091+0000] {processor.py:840} INFO - DAG(s) 'Projeto_Joao_Motta' retrieved from /opt/airflow/dags/DAG 3.py
[2025-07-15T21:43:09.147+0000] {logging_mixin.py:188} INFO - [2025-07-15T21:43:09.145+0000] {dag.py:3096} INFO - Sync 1 DAGs
[2025-07-15T21:43:09.174+0000] {logging_mixin.py:188} INFO - [2025-07-15T21:43:09.173+0000] {dag.py:3954} INFO - Setting next_dagrun for Projeto_Joao_Motta to None, run_after=None
[2025-07-15T21:43:09.204+0000] {processor.py:183} INFO - Processing /opt/airflow/dags/DAG 3.py took 1.808 seconds
[2025-07-15T21:43:37.570+0000] {processor.py:161} INFO - Started process (PID=66) to work on /opt/airflow/dags/DAG 3.py
[2025-07-15T21:43:37.572+0000] {processor.py:830} INFO - Processing file /opt/airflow/dags/DAG 3.py for tasks to queue
[2025-07-15T21:43:37.575+0000] {logging_mixin.py:188} INFO - [2025-07-15T21:43:37.575+0000] {dagbag.py:540} INFO - Filling up the DagBag from /opt/airflow/dags/DAG 3.py
[2025-07-15T21:43:39.118+0000] {processor.py:840} INFO - DAG(s) 'Projeto_Joao_Motta' retrieved from /opt/airflow/dags/DAG 3.py
[2025-07-15T21:43:39.153+0000] {logging_mixin.py:188} INFO - [2025-07-15T21:43:39.152+0000] {dag.py:3096} INFO - Sync 1 DAGs
[2025-07-15T21:43:39.169+0000] {logging_mixin.py:188} INFO - [2025-07-15T21:43:39.169+0000] {dag.py:3954} INFO - Setting next_dagrun for Projeto_Joao_Motta to None, run_after=None
[2025-07-15T21:43:39.202+0000] {processor.py:183} INFO - Processing /opt/airflow/dags/DAG 3.py took 1.642 seconds
[2025-07-15T21:43:39.573+0000] {processor.py:161} INFO - Started process (PID=97) to work on /opt/airflow/dags/DAG 3.py
[2025-07-15T21:43:39.574+0000] {processor.py:830} INFO - Processing file /opt/airflow/dags/DAG 3.py for tasks to queue
[2025-07-15T21:43:39.577+0000] {logging_mixin.py:188} INFO - [2025-07-15T21:43:39.577+0000] {dagbag.py:540} INFO - Filling up the DagBag from /opt/airflow/dags/DAG 3.py
[2025-07-15T21:43:40.803+0000] {processor.py:840} INFO - DAG(s) 'Projeto_Joao_Motta' retrieved from /opt/airflow/dags/DAG 3.py
[2025-07-15T21:43:40.832+0000] {logging_mixin.py:188} INFO - [2025-07-15T21:43:40.831+0000] {dag.py:3096} INFO - Sync 1 DAGs
[2025-07-15T21:43:40.845+0000] {logging_mixin.py:188} INFO - [2025-07-15T21:43:40.845+0000] {dag.py:3954} INFO - Setting next_dagrun for Projeto_Joao_Motta to None, run_after=None
[2025-07-15T21:43:40.873+0000] {processor.py:183} INFO - Processing /opt/airflow/dags/DAG 3.py took 1.310 seconds
[2025-07-15T21:44:09.730+0000] {processor.py:161} INFO - Started process (PID=71) to work on /opt/airflow/dags/DAG 3.py
[2025-07-15T21:44:09.732+0000] {processor.py:830} INFO - Processing file /opt/airflow/dags/DAG 3.py for tasks to queue
[2025-07-15T21:44:09.736+0000] {logging_mixin.py:188} INFO - [2025-07-15T21:44:09.735+0000] {dagbag.py:540} INFO - Filling up the DagBag from /opt/airflow/dags/DAG 3.py
[2025-07-15T21:44:11.208+0000] {processor.py:161} INFO - Started process (PID=102) to work on /opt/airflow/dags/DAG 3.py
[2025-07-15T21:44:11.210+0000] {processor.py:830} INFO - Processing file /opt/airflow/dags/DAG 3.py for tasks to queue
[2025-07-15T21:44:11.214+0000] {logging_mixin.py:188} INFO - [2025-07-15T21:44:11.213+0000] {dagbag.py:540} INFO - Filling up the DagBag from /opt/airflow/dags/DAG 3.py
[2025-07-15T21:44:11.376+0000] {processor.py:840} INFO - DAG(s) 'Projeto_Joao_Motta' retrieved from /opt/airflow/dags/DAG 3.py
[2025-07-15T21:44:11.407+0000] {logging_mixin.py:188} INFO - [2025-07-15T21:44:11.404+0000] {dag.py:3096} INFO - Sync 1 DAGs
[2025-07-15T21:44:11.429+0000] {logging_mixin.py:188} INFO - [2025-07-15T21:44:11.429+0000] {dag.py:3954} INFO - Setting next_dagrun for Projeto_Joao_Motta to None, run_after=None
[2025-07-15T21:44:11.466+0000] {processor.py:183} INFO - Processing /opt/airflow/dags/DAG 3.py took 1.754 seconds
[2025-07-15T21:44:12.758+0000] {processor.py:840} INFO - DAG(s) 'Projeto_Joao_Motta' retrieved from /opt/airflow/dags/DAG 3.py
[2025-07-15T21:44:12.793+0000] {logging_mixin.py:188} INFO - [2025-07-15T21:44:12.792+0000] {dag.py:3096} INFO - Sync 1 DAGs
[2025-07-15T21:44:12.812+0000] {logging_mixin.py:188} INFO - [2025-07-15T21:44:12.811+0000] {dag.py:3954} INFO - Setting next_dagrun for Projeto_Joao_Motta to None, run_after=None
[2025-07-15T21:44:12.868+0000] {processor.py:183} INFO - Processing /opt/airflow/dags/DAG 3.py took 1.675 seconds
[2025-07-15T21:44:41.902+0000] {processor.py:161} INFO - Started process (PID=76) to work on /opt/airflow/dags/DAG 3.py
[2025-07-15T21:44:41.904+0000] {processor.py:830} INFO - Processing file /opt/airflow/dags/DAG 3.py for tasks to queue
[2025-07-15T21:44:41.907+0000] {logging_mixin.py:188} INFO - [2025-07-15T21:44:41.906+0000] {dagbag.py:540} INFO - Filling up the DagBag from /opt/airflow/dags/DAG 3.py
[2025-07-15T21:44:43.168+0000] {processor.py:840} INFO - DAG(s) 'Projeto_Joao_Motta' retrieved from /opt/airflow/dags/DAG 3.py
[2025-07-15T21:44:43.195+0000] {logging_mixin.py:188} INFO - [2025-07-15T21:44:43.195+0000] {dag.py:3096} INFO - Sync 1 DAGs
[2025-07-15T21:44:43.208+0000] {logging_mixin.py:188} INFO - [2025-07-15T21:44:43.208+0000] {dag.py:3954} INFO - Setting next_dagrun for Projeto_Joao_Motta to None, run_after=None
[2025-07-15T21:44:43.235+0000] {processor.py:183} INFO - Processing /opt/airflow/dags/DAG 3.py took 1.342 seconds
[2025-07-15T21:44:43.368+0000] {processor.py:161} INFO - Started process (PID=107) to work on /opt/airflow/dags/DAG 3.py
[2025-07-15T21:44:43.370+0000] {processor.py:830} INFO - Processing file /opt/airflow/dags/DAG 3.py for tasks to queue
[2025-07-15T21:44:43.373+0000] {logging_mixin.py:188} INFO - [2025-07-15T21:44:43.373+0000] {dagbag.py:540} INFO - Filling up the DagBag from /opt/airflow/dags/DAG 3.py
[2025-07-15T21:44:44.560+0000] {processor.py:840} INFO - DAG(s) 'Projeto_Joao_Motta' retrieved from /opt/airflow/dags/DAG 3.py
[2025-07-15T21:44:44.587+0000] {logging_mixin.py:188} INFO - [2025-07-15T21:44:44.587+0000] {dag.py:3096} INFO - Sync 1 DAGs
[2025-07-15T21:44:44.601+0000] {logging_mixin.py:188} INFO - [2025-07-15T21:44:44.600+0000] {dag.py:3954} INFO - Setting next_dagrun for Projeto_Joao_Motta to None, run_after=None
[2025-07-15T21:44:44.631+0000] {processor.py:183} INFO - Processing /opt/airflow/dags/DAG 3.py took 1.272 seconds
[2025-07-15T21:45:13.696+0000] {processor.py:161} INFO - Started process (PID=81) to work on /opt/airflow/dags/DAG 3.py
[2025-07-15T21:45:13.698+0000] {processor.py:830} INFO - Processing file /opt/airflow/dags/DAG 3.py for tasks to queue
[2025-07-15T21:45:13.702+0000] {logging_mixin.py:188} INFO - [2025-07-15T21:45:13.701+0000] {dagbag.py:540} INFO - Filling up the DagBag from /opt/airflow/dags/DAG 3.py
[2025-07-15T21:45:14.985+0000] {processor.py:161} INFO - Started process (PID=112) to work on /opt/airflow/dags/DAG 3.py
[2025-07-15T21:45:14.987+0000] {processor.py:830} INFO - Processing file /opt/airflow/dags/DAG 3.py for tasks to queue
[2025-07-15T21:45:14.990+0000] {logging_mixin.py:188} INFO - [2025-07-15T21:45:14.990+0000] {dagbag.py:540} INFO - Filling up the DagBag from /opt/airflow/dags/DAG 3.py
[2025-07-15T21:45:15.214+0000] {processor.py:840} INFO - DAG(s) 'Projeto_Joao_Motta' retrieved from /opt/airflow/dags/DAG 3.py
[2025-07-15T21:45:15.244+0000] {logging_mixin.py:188} INFO - [2025-07-15T21:45:15.244+0000] {dag.py:3096} INFO - Sync 1 DAGs
[2025-07-15T21:45:15.259+0000] {logging_mixin.py:188} INFO - [2025-07-15T21:45:15.259+0000] {dag.py:3954} INFO - Setting next_dagrun for Projeto_Joao_Motta to None, run_after=None
[2025-07-15T21:45:15.293+0000] {processor.py:183} INFO - Processing /opt/airflow/dags/DAG 3.py took 1.613 seconds
[2025-07-15T21:45:16.285+0000] {processor.py:840} INFO - DAG(s) 'Projeto_Joao_Motta' retrieved from /opt/airflow/dags/DAG 3.py
[2025-07-15T21:45:16.315+0000] {logging_mixin.py:188} INFO - [2025-07-15T21:45:16.314+0000] {dag.py:3096} INFO - Sync 1 DAGs
[2025-07-15T21:45:16.330+0000] {logging_mixin.py:188} INFO - [2025-07-15T21:45:16.329+0000] {dag.py:3954} INFO - Setting next_dagrun for Projeto_Joao_Motta to None, run_after=None
[2025-07-15T21:45:16.357+0000] {processor.py:183} INFO - Processing /opt/airflow/dags/DAG 3.py took 1.381 seconds
[2025-07-15T21:45:45.677+0000] {processor.py:161} INFO - Started process (PID=86) to work on /opt/airflow/dags/DAG 3.py
[2025-07-15T21:45:45.678+0000] {processor.py:830} INFO - Processing file /opt/airflow/dags/DAG 3.py for tasks to queue
[2025-07-15T21:45:45.682+0000] {logging_mixin.py:188} INFO - [2025-07-15T21:45:45.682+0000] {dagbag.py:540} INFO - Filling up the DagBag from /opt/airflow/dags/DAG 3.py
[2025-07-15T21:45:46.673+0000] {processor.py:161} INFO - Started process (PID=117) to work on /opt/airflow/dags/DAG 3.py
[2025-07-15T21:45:46.675+0000] {processor.py:830} INFO - Processing file /opt/airflow/dags/DAG 3.py for tasks to queue
[2025-07-15T21:45:46.679+0000] {logging_mixin.py:188} INFO - [2025-07-15T21:45:46.678+0000] {dagbag.py:540} INFO - Filling up the DagBag from /opt/airflow/dags/DAG 3.py
[2025-07-15T21:45:46.984+0000] {processor.py:840} INFO - DAG(s) 'Projeto_Joao_Motta' retrieved from /opt/airflow/dags/DAG 3.py
[2025-07-15T21:45:47.013+0000] {logging_mixin.py:188} INFO - [2025-07-15T21:45:47.013+0000] {dag.py:3096} INFO - Sync 1 DAGs
[2025-07-15T21:45:47.031+0000] {logging_mixin.py:188} INFO - [2025-07-15T21:45:47.030+0000] {dag.py:3954} INFO - Setting next_dagrun for Projeto_Joao_Motta to None, run_after=None
[2025-07-15T21:45:47.057+0000] {processor.py:183} INFO - Processing /opt/airflow/dags/DAG 3.py took 1.391 seconds
[2025-07-15T21:45:48.230+0000] {processor.py:840} INFO - DAG(s) 'Projeto_Joao_Motta' retrieved from /opt/airflow/dags/DAG 3.py
[2025-07-15T21:45:48.258+0000] {logging_mixin.py:188} INFO - [2025-07-15T21:45:48.258+0000] {dag.py:3096} INFO - Sync 1 DAGs
[2025-07-15T21:45:48.271+0000] {logging_mixin.py:188} INFO - [2025-07-15T21:45:48.270+0000] {dag.py:3954} INFO - Setting next_dagrun for Projeto_Joao_Motta to None, run_after=None
[2025-07-15T21:45:48.296+0000] {processor.py:183} INFO - Processing /opt/airflow/dags/DAG 3.py took 1.632 seconds
[2025-07-15T21:48:48.497+0000] {processor.py:161} INFO - Started process (PID=32) to work on /opt/airflow/dags/DAG 3.py
[2025-07-15T21:48:48.499+0000] {processor.py:830} INFO - Processing file /opt/airflow/dags/DAG 3.py for tasks to queue
[2025-07-15T21:48:48.503+0000] {logging_mixin.py:188} INFO - [2025-07-15T21:48:48.502+0000] {dagbag.py:540} INFO - Filling up the DagBag from /opt/airflow/dags/DAG 3.py
[2025-07-15T21:48:51.901+0000] {processor.py:840} INFO - DAG(s) 'Projeto_Joao_Motta' retrieved from /opt/airflow/dags/DAG 3.py
[2025-07-15T21:48:52.121+0000] {logging_mixin.py:188} INFO - [2025-07-15T21:48:52.120+0000] {override.py:1829} INFO - Created Permission View: can edit on DAG:Projeto_Joao_Motta
[2025-07-15T21:48:52.139+0000] {logging_mixin.py:188} INFO - [2025-07-15T21:48:52.139+0000] {override.py:1829} INFO - Created Permission View: can read on DAG:Projeto_Joao_Motta
[2025-07-15T21:48:52.153+0000] {logging_mixin.py:188} INFO - [2025-07-15T21:48:52.152+0000] {override.py:1829} INFO - Created Permission View: can delete on DAG:Projeto_Joao_Motta
[2025-07-15T21:48:52.155+0000] {logging_mixin.py:188} INFO - [2025-07-15T21:48:52.154+0000] {dag.py:3096} INFO - Sync 1 DAGs
[2025-07-15T21:48:52.176+0000] {logging_mixin.py:188} INFO - [2025-07-15T21:48:52.175+0000] {dag.py:3118} INFO - Creating ORM DAG for Projeto_Joao_Motta
[2025-07-15T21:48:52.177+0000] {logging_mixin.py:188} INFO - [2025-07-15T21:48:52.177+0000] {dag.py:3954} INFO - Setting next_dagrun for Projeto_Joao_Motta to None, run_after=None
[2025-07-15T21:48:52.215+0000] {processor.py:183} INFO - Processing /opt/airflow/dags/DAG 3.py took 3.730 seconds
[2025-07-15T21:49:12.692+0000] {processor.py:161} INFO - Started process (PID=35) to work on /opt/airflow/dags/DAG 3.py
[2025-07-15T21:49:12.694+0000] {processor.py:830} INFO - Processing file /opt/airflow/dags/DAG 3.py for tasks to queue
[2025-07-15T21:49:12.697+0000] {logging_mixin.py:188} INFO - [2025-07-15T21:49:12.697+0000] {dagbag.py:540} INFO - Filling up the DagBag from /opt/airflow/dags/DAG 3.py
[2025-07-15T21:49:14.802+0000] {processor.py:840} INFO - DAG(s) 'Projeto_Joao_Motta' retrieved from /opt/airflow/dags/DAG 3.py
[2025-07-15T21:49:14.845+0000] {logging_mixin.py:188} INFO - [2025-07-15T21:49:14.845+0000] {dag.py:3096} INFO - Sync 1 DAGs
[2025-07-15T21:49:14.873+0000] {logging_mixin.py:188} INFO - [2025-07-15T21:49:14.872+0000] {dag.py:3954} INFO - Setting next_dagrun for Projeto_Joao_Motta to None, run_after=None
[2025-07-15T21:49:14.906+0000] {processor.py:183} INFO - Processing /opt/airflow/dags/DAG 3.py took 2.231 seconds
[2025-07-15T21:49:23.005+0000] {processor.py:161} INFO - Started process (PID=58) to work on /opt/airflow/dags/DAG 3.py
[2025-07-15T21:49:23.009+0000] {processor.py:830} INFO - Processing file /opt/airflow/dags/DAG 3.py for tasks to queue
[2025-07-15T21:49:23.018+0000] {logging_mixin.py:188} INFO - [2025-07-15T21:49:23.017+0000] {dagbag.py:540} INFO - Filling up the DagBag from /opt/airflow/dags/DAG 3.py
[2025-07-15T21:49:25.867+0000] {processor.py:840} INFO - DAG(s) 'Projeto_Joao_Motta' retrieved from /opt/airflow/dags/DAG 3.py
[2025-07-15T21:49:25.900+0000] {logging_mixin.py:188} INFO - [2025-07-15T21:49:25.899+0000] {dag.py:3096} INFO - Sync 1 DAGs
[2025-07-15T21:49:25.931+0000] {logging_mixin.py:188} INFO - [2025-07-15T21:49:25.931+0000] {dag.py:3954} INFO - Setting next_dagrun for Projeto_Joao_Motta to None, run_after=None
[2025-07-15T21:49:25.973+0000] {processor.py:183} INFO - Processing /opt/airflow/dags/DAG 3.py took 2.990 seconds
[2025-07-15T21:49:45.169+0000] {processor.py:161} INFO - Started process (PID=61) to work on /opt/airflow/dags/DAG 3.py
[2025-07-15T21:49:45.171+0000] {processor.py:830} INFO - Processing file /opt/airflow/dags/DAG 3.py for tasks to queue
[2025-07-15T21:49:45.178+0000] {logging_mixin.py:188} INFO - [2025-07-15T21:49:45.177+0000] {dagbag.py:540} INFO - Filling up the DagBag from /opt/airflow/dags/DAG 3.py
[2025-07-15T21:49:46.927+0000] {processor.py:840} INFO - DAG(s) 'Projeto_Joao_Motta' retrieved from /opt/airflow/dags/DAG 3.py
[2025-07-15T21:49:47.085+0000] {logging_mixin.py:188} INFO - [2025-07-15T21:49:47.085+0000] {dag.py:3096} INFO - Sync 1 DAGs
[2025-07-15T21:49:47.108+0000] {logging_mixin.py:188} INFO - [2025-07-15T21:49:47.107+0000] {dag.py:3954} INFO - Setting next_dagrun for Projeto_Joao_Motta to None, run_after=None
[2025-07-15T21:49:47.152+0000] {processor.py:183} INFO - Processing /opt/airflow/dags/DAG 3.py took 1.998 seconds
[2025-07-15T21:49:56.261+0000] {processor.py:161} INFO - Started process (PID=63) to work on /opt/airflow/dags/DAG 3.py
[2025-07-15T21:49:56.262+0000] {processor.py:830} INFO - Processing file /opt/airflow/dags/DAG 3.py for tasks to queue
[2025-07-15T21:49:56.266+0000] {logging_mixin.py:188} INFO - [2025-07-15T21:49:56.265+0000] {dagbag.py:540} INFO - Filling up the DagBag from /opt/airflow/dags/DAG 3.py
[2025-07-15T21:49:57.877+0000] {processor.py:840} INFO - DAG(s) 'Projeto_Joao_Motta' retrieved from /opt/airflow/dags/DAG 3.py
[2025-07-15T21:49:57.894+0000] {logging_mixin.py:188} INFO - [2025-07-15T21:49:57.894+0000] {dag.py:3096} INFO - Sync 1 DAGs
[2025-07-15T21:49:57.909+0000] {logging_mixin.py:188} INFO - [2025-07-15T21:49:57.909+0000] {dag.py:3954} INFO - Setting next_dagrun for Projeto_Joao_Motta to None, run_after=None
[2025-07-15T21:49:57.940+0000] {processor.py:183} INFO - Processing /opt/airflow/dags/DAG 3.py took 1.691 seconds
[2025-07-15T21:50:17.779+0000] {processor.py:161} INFO - Started process (PID=66) to work on /opt/airflow/dags/DAG 3.py
[2025-07-15T21:50:17.784+0000] {processor.py:830} INFO - Processing file /opt/airflow/dags/DAG 3.py for tasks to queue
[2025-07-15T21:50:17.797+0000] {logging_mixin.py:188} INFO - [2025-07-15T21:50:17.795+0000] {dagbag.py:540} INFO - Filling up the DagBag from /opt/airflow/dags/DAG 3.py
[2025-07-15T21:51:38.865+0000] {processor.py:161} INFO - Started process (PID=32) to work on /opt/airflow/dags/DAG 3.py
[2025-07-15T21:51:38.869+0000] {processor.py:830} INFO - Processing file /opt/airflow/dags/DAG 3.py for tasks to queue
[2025-07-15T21:51:38.873+0000] {logging_mixin.py:188} INFO - [2025-07-15T21:51:38.873+0000] {dagbag.py:540} INFO - Filling up the DagBag from /opt/airflow/dags/DAG 3.py
[2025-07-15T21:51:41.972+0000] {processor.py:840} INFO - DAG(s) 'Projeto_Joao_Motta' retrieved from /opt/airflow/dags/DAG 3.py
[2025-07-15T21:51:42.375+0000] {logging_mixin.py:188} INFO - [2025-07-15T21:51:42.374+0000] {override.py:1829} INFO - Created Permission View: can read on DAG:Projeto_Joao_Motta
[2025-07-15T21:51:42.410+0000] {logging_mixin.py:188} INFO - [2025-07-15T21:51:42.409+0000] {override.py:1829} INFO - Created Permission View: can delete on DAG:Projeto_Joao_Motta
[2025-07-15T21:51:42.462+0000] {logging_mixin.py:188} INFO - [2025-07-15T21:51:42.461+0000] {override.py:1829} INFO - Created Permission View: can edit on DAG:Projeto_Joao_Motta
[2025-07-15T21:51:42.464+0000] {logging_mixin.py:188} INFO - [2025-07-15T21:51:42.463+0000] {dag.py:3096} INFO - Sync 1 DAGs
[2025-07-15T21:51:42.486+0000] {logging_mixin.py:188} INFO - [2025-07-15T21:51:42.485+0000] {dag.py:3118} INFO - Creating ORM DAG for Projeto_Joao_Motta
[2025-07-15T21:51:42.488+0000] {logging_mixin.py:188} INFO - [2025-07-15T21:51:42.488+0000] {dag.py:3954} INFO - Setting next_dagrun for Projeto_Joao_Motta to None, run_after=None
[2025-07-15T21:51:42.528+0000] {processor.py:183} INFO - Processing /opt/airflow/dags/DAG 3.py took 3.677 seconds
[2025-07-15T21:51:59.427+0000] {processor.py:161} INFO - Started process (PID=35) to work on /opt/airflow/dags/DAG 3.py
[2025-07-15T21:51:59.429+0000] {processor.py:830} INFO - Processing file /opt/airflow/dags/DAG 3.py for tasks to queue
[2025-07-15T21:51:59.434+0000] {logging_mixin.py:188} INFO - [2025-07-15T21:51:59.433+0000] {dagbag.py:540} INFO - Filling up the DagBag from /opt/airflow/dags/DAG 3.py
[2025-07-15T21:52:01.141+0000] {processor.py:840} INFO - DAG(s) 'Projeto_Joao_Motta' retrieved from /opt/airflow/dags/DAG 3.py
[2025-07-15T21:52:01.177+0000] {logging_mixin.py:188} INFO - [2025-07-15T21:52:01.176+0000] {dag.py:3096} INFO - Sync 1 DAGs
[2025-07-15T21:52:01.201+0000] {logging_mixin.py:188} INFO - [2025-07-15T21:52:01.200+0000] {dag.py:3954} INFO - Setting next_dagrun for Projeto_Joao_Motta to None, run_after=None
[2025-07-15T21:52:01.230+0000] {processor.py:183} INFO - Processing /opt/airflow/dags/DAG 3.py took 1.815 seconds
[2025-07-15T21:52:12.841+0000] {processor.py:161} INFO - Started process (PID=58) to work on /opt/airflow/dags/DAG 3.py
[2025-07-15T21:52:12.843+0000] {processor.py:830} INFO - Processing file /opt/airflow/dags/DAG 3.py for tasks to queue
[2025-07-15T21:52:12.850+0000] {logging_mixin.py:188} INFO - [2025-07-15T21:52:12.849+0000] {dagbag.py:540} INFO - Filling up the DagBag from /opt/airflow/dags/DAG 3.py
[2025-07-15T21:52:14.619+0000] {processor.py:840} INFO - DAG(s) 'Projeto_Joao_Motta' retrieved from /opt/airflow/dags/DAG 3.py
[2025-07-15T21:52:14.637+0000] {logging_mixin.py:188} INFO - [2025-07-15T21:52:14.636+0000] {dag.py:3096} INFO - Sync 1 DAGs
[2025-07-15T21:52:14.657+0000] {logging_mixin.py:188} INFO - [2025-07-15T21:52:14.656+0000] {dag.py:3954} INFO - Setting next_dagrun for Projeto_Joao_Motta to None, run_after=None
[2025-07-15T21:52:14.690+0000] {processor.py:183} INFO - Processing /opt/airflow/dags/DAG 3.py took 1.860 seconds
[2025-07-15T21:52:31.718+0000] {processor.py:161} INFO - Started process (PID=61) to work on /opt/airflow/dags/DAG 3.py
[2025-07-15T21:52:31.734+0000] {processor.py:830} INFO - Processing file /opt/airflow/dags/DAG 3.py for tasks to queue
[2025-07-15T21:52:31.753+0000] {logging_mixin.py:188} INFO - [2025-07-15T21:52:31.752+0000] {dagbag.py:540} INFO - Filling up the DagBag from /opt/airflow/dags/DAG 3.py
[2025-07-15T21:52:36.075+0000] {processor.py:840} INFO - DAG(s) 'Projeto_Joao_Motta' retrieved from /opt/airflow/dags/DAG 3.py
[2025-07-15T21:52:36.235+0000] {logging_mixin.py:188} INFO - [2025-07-15T21:52:36.234+0000] {dag.py:3096} INFO - Sync 1 DAGs
[2025-07-15T21:52:36.247+0000] {logging_mixin.py:188} INFO - [2025-07-15T21:52:36.246+0000] {dag.py:3954} INFO - Setting next_dagrun for Projeto_Joao_Motta to None, run_after=None
[2025-07-15T21:52:36.299+0000] {processor.py:183} INFO - Processing /opt/airflow/dags/DAG 3.py took 4.679 seconds
[2025-07-15T21:52:45.179+0000] {processor.py:161} INFO - Started process (PID=63) to work on /opt/airflow/dags/DAG 3.py
[2025-07-15T21:52:45.180+0000] {processor.py:830} INFO - Processing file /opt/airflow/dags/DAG 3.py for tasks to queue
[2025-07-15T21:52:45.183+0000] {logging_mixin.py:188} INFO - [2025-07-15T21:52:45.183+0000] {dagbag.py:540} INFO - Filling up the DagBag from /opt/airflow/dags/DAG 3.py
[2025-07-15T21:52:46.476+0000] {processor.py:840} INFO - DAG(s) 'Projeto_Joao_Motta' retrieved from /opt/airflow/dags/DAG 3.py
[2025-07-15T21:52:46.493+0000] {logging_mixin.py:188} INFO - [2025-07-15T21:52:46.492+0000] {dag.py:3096} INFO - Sync 1 DAGs
[2025-07-15T21:52:46.507+0000] {logging_mixin.py:188} INFO - [2025-07-15T21:52:46.507+0000] {dag.py:3954} INFO - Setting next_dagrun for Projeto_Joao_Motta to None, run_after=None
[2025-07-15T21:52:46.538+0000] {processor.py:183} INFO - Processing /opt/airflow/dags/DAG 3.py took 1.373 seconds
[2025-07-15T21:53:06.649+0000] {processor.py:161} INFO - Started process (PID=66) to work on /opt/airflow/dags/DAG 3.py
[2025-07-15T21:53:06.650+0000] {processor.py:830} INFO - Processing file /opt/airflow/dags/DAG 3.py for tasks to queue
[2025-07-15T21:53:06.653+0000] {logging_mixin.py:188} INFO - [2025-07-15T21:53:06.653+0000] {dagbag.py:540} INFO - Filling up the DagBag from /opt/airflow/dags/DAG 3.py
[2025-07-15T21:53:08.131+0000] {processor.py:840} INFO - DAG(s) 'Projeto_Joao_Motta' retrieved from /opt/airflow/dags/DAG 3.py
[2025-07-15T21:53:08.164+0000] {logging_mixin.py:188} INFO - [2025-07-15T21:53:08.163+0000] {dag.py:3096} INFO - Sync 1 DAGs
[2025-07-15T21:53:08.179+0000] {logging_mixin.py:188} INFO - [2025-07-15T21:53:08.179+0000] {dag.py:3954} INFO - Setting next_dagrun for Projeto_Joao_Motta to None, run_after=None
[2025-07-15T21:53:08.211+0000] {processor.py:183} INFO - Processing /opt/airflow/dags/DAG 3.py took 1.572 seconds
[2025-07-15T21:53:16.670+0000] {processor.py:161} INFO - Started process (PID=68) to work on /opt/airflow/dags/DAG 3.py
[2025-07-15T21:53:16.672+0000] {processor.py:830} INFO - Processing file /opt/airflow/dags/DAG 3.py for tasks to queue
[2025-07-15T21:53:16.676+0000] {logging_mixin.py:188} INFO - [2025-07-15T21:53:16.675+0000] {dagbag.py:540} INFO - Filling up the DagBag from /opt/airflow/dags/DAG 3.py
[2025-07-15T21:53:18.017+0000] {processor.py:840} INFO - DAG(s) 'Projeto_Joao_Motta' retrieved from /opt/airflow/dags/DAG 3.py
[2025-07-15T21:53:18.069+0000] {logging_mixin.py:188} INFO - [2025-07-15T21:53:18.068+0000] {dag.py:3096} INFO - Sync 1 DAGs
[2025-07-15T21:53:18.097+0000] {logging_mixin.py:188} INFO - [2025-07-15T21:53:18.097+0000] {dag.py:3954} INFO - Setting next_dagrun for Projeto_Joao_Motta to None, run_after=None
[2025-07-15T21:53:18.143+0000] {processor.py:183} INFO - Processing /opt/airflow/dags/DAG 3.py took 1.485 seconds
[2025-07-15T21:53:38.652+0000] {processor.py:161} INFO - Started process (PID=71) to work on /opt/airflow/dags/DAG 3.py
[2025-07-15T21:53:38.655+0000] {processor.py:830} INFO - Processing file /opt/airflow/dags/DAG 3.py for tasks to queue
[2025-07-15T21:53:38.658+0000] {logging_mixin.py:188} INFO - [2025-07-15T21:53:38.658+0000] {dagbag.py:540} INFO - Filling up the DagBag from /opt/airflow/dags/DAG 3.py
[2025-07-15T21:53:39.912+0000] {processor.py:840} INFO - DAG(s) 'Projeto_Joao_Motta' retrieved from /opt/airflow/dags/DAG 3.py
[2025-07-15T21:53:39.943+0000] {logging_mixin.py:188} INFO - [2025-07-15T21:53:39.941+0000] {dag.py:3096} INFO - Sync 1 DAGs
[2025-07-15T21:53:39.957+0000] {logging_mixin.py:188} INFO - [2025-07-15T21:53:39.957+0000] {dag.py:3954} INFO - Setting next_dagrun for Projeto_Joao_Motta to None, run_after=None
[2025-07-15T21:53:39.984+0000] {processor.py:183} INFO - Processing /opt/airflow/dags/DAG 3.py took 1.345 seconds
[2025-07-15T21:53:48.441+0000] {processor.py:161} INFO - Started process (PID=73) to work on /opt/airflow/dags/DAG 3.py
[2025-07-15T21:53:48.443+0000] {processor.py:830} INFO - Processing file /opt/airflow/dags/DAG 3.py for tasks to queue
[2025-07-15T21:53:48.446+0000] {logging_mixin.py:188} INFO - [2025-07-15T21:53:48.445+0000] {dagbag.py:540} INFO - Filling up the DagBag from /opt/airflow/dags/DAG 3.py
[2025-07-15T21:53:49.744+0000] {processor.py:840} INFO - DAG(s) 'Projeto_Joao_Motta' retrieved from /opt/airflow/dags/DAG 3.py
[2025-07-15T21:53:49.775+0000] {logging_mixin.py:188} INFO - [2025-07-15T21:53:49.775+0000] {dag.py:3096} INFO - Sync 1 DAGs
[2025-07-15T21:53:49.790+0000] {logging_mixin.py:188} INFO - [2025-07-15T21:53:49.789+0000] {dag.py:3954} INFO - Setting next_dagrun for Projeto_Joao_Motta to None, run_after=None
[2025-07-15T21:53:49.818+0000] {processor.py:183} INFO - Processing /opt/airflow/dags/DAG 3.py took 1.387 seconds
[2025-07-15T21:54:10.497+0000] {processor.py:161} INFO - Started process (PID=76) to work on /opt/airflow/dags/DAG 3.py
[2025-07-15T21:54:10.503+0000] {processor.py:830} INFO - Processing file /opt/airflow/dags/DAG 3.py for tasks to queue
[2025-07-15T21:54:10.513+0000] {logging_mixin.py:188} INFO - [2025-07-15T21:54:10.512+0000] {dagbag.py:540} INFO - Filling up the DagBag from /opt/airflow/dags/DAG 3.py
[2025-07-15T21:54:11.891+0000] {processor.py:840} INFO - DAG(s) 'Projeto_Joao_Motta' retrieved from /opt/airflow/dags/DAG 3.py
[2025-07-15T21:54:11.930+0000] {logging_mixin.py:188} INFO - [2025-07-15T21:54:11.929+0000] {dag.py:3096} INFO - Sync 1 DAGs
[2025-07-15T21:54:11.944+0000] {logging_mixin.py:188} INFO - [2025-07-15T21:54:11.944+0000] {dag.py:3954} INFO - Setting next_dagrun for Projeto_Joao_Motta to None, run_after=None
[2025-07-15T21:54:11.973+0000] {processor.py:183} INFO - Processing /opt/airflow/dags/DAG 3.py took 1.513 seconds
[2025-07-15T21:54:19.954+0000] {processor.py:161} INFO - Started process (PID=78) to work on /opt/airflow/dags/DAG 3.py
[2025-07-15T21:54:19.956+0000] {processor.py:830} INFO - Processing file /opt/airflow/dags/DAG 3.py for tasks to queue
[2025-07-15T21:54:19.959+0000] {logging_mixin.py:188} INFO - [2025-07-15T21:54:19.959+0000] {dagbag.py:540} INFO - Filling up the DagBag from /opt/airflow/dags/DAG 3.py
[2025-07-15T21:54:21.201+0000] {processor.py:840} INFO - DAG(s) 'Projeto_Joao_Motta' retrieved from /opt/airflow/dags/DAG 3.py
[2025-07-15T21:54:21.232+0000] {logging_mixin.py:188} INFO - [2025-07-15T21:54:21.232+0000] {dag.py:3096} INFO - Sync 1 DAGs
[2025-07-15T21:54:21.246+0000] {logging_mixin.py:188} INFO - [2025-07-15T21:54:21.246+0000] {dag.py:3954} INFO - Setting next_dagrun for Projeto_Joao_Motta to None, run_after=None
[2025-07-15T21:54:21.272+0000] {processor.py:183} INFO - Processing /opt/airflow/dags/DAG 3.py took 1.327 seconds
[2025-07-15T21:55:54.202+0000] {processor.py:161} INFO - Started process (PID=33) to work on /opt/airflow/dags/DAG 3.py
[2025-07-15T21:55:54.211+0000] {processor.py:830} INFO - Processing file /opt/airflow/dags/DAG 3.py for tasks to queue
[2025-07-15T21:55:54.222+0000] {logging_mixin.py:188} INFO - [2025-07-15T21:55:54.221+0000] {dagbag.py:540} INFO - Filling up the DagBag from /opt/airflow/dags/DAG 3.py
[2025-07-15T21:55:56.144+0000] {processor.py:840} INFO - DAG(s) 'Projeto_Joao_Motta' retrieved from /opt/airflow/dags/DAG 3.py
[2025-07-15T21:55:56.188+0000] {logging_mixin.py:188} INFO - [2025-07-15T21:55:56.187+0000] {dag.py:3096} INFO - Sync 1 DAGs
[2025-07-15T21:55:56.213+0000] {logging_mixin.py:188} INFO - [2025-07-15T21:55:56.212+0000] {dag.py:3954} INFO - Setting next_dagrun for Projeto_Joao_Motta to None, run_after=None
[2025-07-15T21:55:56.247+0000] {processor.py:183} INFO - Processing /opt/airflow/dags/DAG 3.py took 2.101 seconds
[2025-07-15T21:56:26.931+0000] {processor.py:161} INFO - Started process (PID=38) to work on /opt/airflow/dags/DAG 3.py
[2025-07-15T21:56:26.933+0000] {processor.py:830} INFO - Processing file /opt/airflow/dags/DAG 3.py for tasks to queue
[2025-07-15T21:56:26.936+0000] {logging_mixin.py:188} INFO - [2025-07-15T21:56:26.935+0000] {dagbag.py:540} INFO - Filling up the DagBag from /opt/airflow/dags/DAG 3.py
[2025-07-15T21:56:29.395+0000] {processor.py:840} INFO - DAG(s) 'Projeto_Joao_Motta' retrieved from /opt/airflow/dags/DAG 3.py
[2025-07-15T21:56:29.478+0000] {logging_mixin.py:188} INFO - [2025-07-15T21:56:29.477+0000] {dag.py:3096} INFO - Sync 1 DAGs
[2025-07-15T21:56:29.553+0000] {logging_mixin.py:188} INFO - [2025-07-15T21:56:29.552+0000] {dag.py:3954} INFO - Setting next_dagrun for Projeto_Joao_Motta to None, run_after=None
[2025-07-15T21:56:29.648+0000] {processor.py:183} INFO - Processing /opt/airflow/dags/DAG 3.py took 2.730 seconds
[2025-07-15T21:57:00.159+0000] {processor.py:161} INFO - Started process (PID=43) to work on /opt/airflow/dags/DAG 3.py
[2025-07-15T21:57:00.162+0000] {processor.py:830} INFO - Processing file /opt/airflow/dags/DAG 3.py for tasks to queue
[2025-07-15T21:57:00.168+0000] {logging_mixin.py:188} INFO - [2025-07-15T21:57:00.167+0000] {dagbag.py:540} INFO - Filling up the DagBag from /opt/airflow/dags/DAG 3.py
[2025-07-15T21:57:02.307+0000] {processor.py:840} INFO - DAG(s) 'Projeto_Joao_Motta' retrieved from /opt/airflow/dags/DAG 3.py
[2025-07-15T21:57:02.324+0000] {logging_mixin.py:188} INFO - [2025-07-15T21:57:02.323+0000] {dag.py:3096} INFO - Sync 1 DAGs
[2025-07-15T21:57:02.338+0000] {logging_mixin.py:188} INFO - [2025-07-15T21:57:02.338+0000] {dag.py:3954} INFO - Setting next_dagrun for Projeto_Joao_Motta to None, run_after=None
[2025-07-15T21:57:02.367+0000] {processor.py:183} INFO - Processing /opt/airflow/dags/DAG 3.py took 2.222 seconds
[2025-07-15T21:57:32.562+0000] {processor.py:161} INFO - Started process (PID=48) to work on /opt/airflow/dags/DAG 3.py
[2025-07-15T21:57:32.564+0000] {processor.py:830} INFO - Processing file /opt/airflow/dags/DAG 3.py for tasks to queue
[2025-07-15T21:57:32.568+0000] {logging_mixin.py:188} INFO - [2025-07-15T21:57:32.567+0000] {dagbag.py:540} INFO - Filling up the DagBag from /opt/airflow/dags/DAG 3.py
[2025-07-15T21:57:34.626+0000] {processor.py:840} INFO - DAG(s) 'Projeto_Joao_Motta' retrieved from /opt/airflow/dags/DAG 3.py
[2025-07-15T21:57:34.651+0000] {logging_mixin.py:188} INFO - [2025-07-15T21:57:34.650+0000] {dag.py:3096} INFO - Sync 1 DAGs
[2025-07-15T21:57:34.682+0000] {logging_mixin.py:188} INFO - [2025-07-15T21:57:34.682+0000] {dag.py:3954} INFO - Setting next_dagrun for Projeto_Joao_Motta to None, run_after=None
[2025-07-15T21:57:34.732+0000] {processor.py:183} INFO - Processing /opt/airflow/dags/DAG 3.py took 2.185 seconds
[2025-07-15T21:58:04.840+0000] {processor.py:161} INFO - Started process (PID=53) to work on /opt/airflow/dags/DAG 3.py
[2025-07-15T21:58:04.842+0000] {processor.py:830} INFO - Processing file /opt/airflow/dags/DAG 3.py for tasks to queue
[2025-07-15T21:58:04.845+0000] {logging_mixin.py:188} INFO - [2025-07-15T21:58:04.845+0000] {dagbag.py:540} INFO - Filling up the DagBag from /opt/airflow/dags/DAG 3.py
[2025-07-15T21:58:06.460+0000] {processor.py:840} INFO - DAG(s) 'Projeto_Joao_Motta' retrieved from /opt/airflow/dags/DAG 3.py
[2025-07-15T21:58:06.476+0000] {logging_mixin.py:188} INFO - [2025-07-15T21:58:06.476+0000] {dag.py:3096} INFO - Sync 1 DAGs
[2025-07-15T21:58:06.495+0000] {logging_mixin.py:188} INFO - [2025-07-15T21:58:06.495+0000] {dag.py:3954} INFO - Setting next_dagrun for Projeto_Joao_Motta to None, run_after=None
[2025-07-15T21:58:06.525+0000] {processor.py:183} INFO - Processing /opt/airflow/dags/DAG 3.py took 1.695 seconds
[2025-07-15T21:58:37.061+0000] {processor.py:161} INFO - Started process (PID=58) to work on /opt/airflow/dags/DAG 3.py
[2025-07-15T21:58:37.063+0000] {processor.py:830} INFO - Processing file /opt/airflow/dags/DAG 3.py for tasks to queue
[2025-07-15T21:58:37.067+0000] {logging_mixin.py:188} INFO - [2025-07-15T21:58:37.066+0000] {dagbag.py:540} INFO - Filling up the DagBag from /opt/airflow/dags/DAG 3.py
[2025-07-15T21:58:38.533+0000] {processor.py:840} INFO - DAG(s) 'Projeto_Joao_Motta' retrieved from /opt/airflow/dags/DAG 3.py
[2025-07-15T21:58:38.551+0000] {logging_mixin.py:188} INFO - [2025-07-15T21:58:38.551+0000] {dag.py:3096} INFO - Sync 1 DAGs
[2025-07-15T21:58:38.569+0000] {logging_mixin.py:188} INFO - [2025-07-15T21:58:38.569+0000] {dag.py:3954} INFO - Setting next_dagrun for Projeto_Joao_Motta to None, run_after=None
[2025-07-15T21:58:38.600+0000] {processor.py:183} INFO - Processing /opt/airflow/dags/DAG 3.py took 1.555 seconds
[2025-07-15T21:59:09.082+0000] {processor.py:161} INFO - Started process (PID=63) to work on /opt/airflow/dags/DAG 3.py
[2025-07-15T21:59:09.084+0000] {processor.py:830} INFO - Processing file /opt/airflow/dags/DAG 3.py for tasks to queue
[2025-07-15T21:59:09.089+0000] {logging_mixin.py:188} INFO - [2025-07-15T21:59:09.088+0000] {dagbag.py:540} INFO - Filling up the DagBag from /opt/airflow/dags/DAG 3.py
[2025-07-15T21:59:11.486+0000] {processor.py:840} INFO - DAG(s) 'Projeto_Joao_Motta' retrieved from /opt/airflow/dags/DAG 3.py
[2025-07-15T21:59:11.513+0000] {logging_mixin.py:188} INFO - [2025-07-15T21:59:11.512+0000] {dag.py:3096} INFO - Sync 1 DAGs
[2025-07-15T21:59:11.557+0000] {logging_mixin.py:188} INFO - [2025-07-15T21:59:11.557+0000] {dag.py:3954} INFO - Setting next_dagrun for Projeto_Joao_Motta to None, run_after=None
[2025-07-15T21:59:11.665+0000] {processor.py:183} INFO - Processing /opt/airflow/dags/DAG 3.py took 2.625 seconds
[2025-07-15T21:59:42.087+0000] {processor.py:161} INFO - Started process (PID=68) to work on /opt/airflow/dags/DAG 3.py
[2025-07-15T21:59:42.089+0000] {processor.py:830} INFO - Processing file /opt/airflow/dags/DAG 3.py for tasks to queue
[2025-07-15T21:59:42.093+0000] {logging_mixin.py:188} INFO - [2025-07-15T21:59:42.092+0000] {dagbag.py:540} INFO - Filling up the DagBag from /opt/airflow/dags/DAG 3.py
[2025-07-15T21:59:43.638+0000] {processor.py:840} INFO - DAG(s) 'Projeto_Joao_Motta' retrieved from /opt/airflow/dags/DAG 3.py
[2025-07-15T21:59:43.656+0000] {logging_mixin.py:188} INFO - [2025-07-15T21:59:43.655+0000] {dag.py:3096} INFO - Sync 1 DAGs
[2025-07-15T21:59:43.673+0000] {logging_mixin.py:188} INFO - [2025-07-15T21:59:43.673+0000] {dag.py:3954} INFO - Setting next_dagrun for Projeto_Joao_Motta to None, run_after=None
[2025-07-15T21:59:43.704+0000] {processor.py:183} INFO - Processing /opt/airflow/dags/DAG 3.py took 1.626 seconds
[2025-07-15T22:00:13.985+0000] {processor.py:161} INFO - Started process (PID=73) to work on /opt/airflow/dags/DAG 3.py
[2025-07-15T22:00:13.987+0000] {processor.py:830} INFO - Processing file /opt/airflow/dags/DAG 3.py for tasks to queue
[2025-07-15T22:00:13.991+0000] {logging_mixin.py:188} INFO - [2025-07-15T22:00:13.991+0000] {dagbag.py:540} INFO - Filling up the DagBag from /opt/airflow/dags/DAG 3.py
[2025-07-15T22:00:16.382+0000] {processor.py:840} INFO - DAG(s) 'Projeto_Joao_Motta' retrieved from /opt/airflow/dags/DAG 3.py
[2025-07-15T22:00:16.399+0000] {logging_mixin.py:188} INFO - [2025-07-15T22:00:16.398+0000] {dag.py:3096} INFO - Sync 1 DAGs
[2025-07-15T22:00:16.419+0000] {logging_mixin.py:188} INFO - [2025-07-15T22:00:16.419+0000] {dag.py:3954} INFO - Setting next_dagrun for Projeto_Joao_Motta to None, run_after=None
[2025-07-15T22:00:16.453+0000] {processor.py:183} INFO - Processing /opt/airflow/dags/DAG 3.py took 2.481 seconds
[2025-07-15T22:00:46.723+0000] {processor.py:161} INFO - Started process (PID=78) to work on /opt/airflow/dags/DAG 3.py
[2025-07-15T22:00:46.725+0000] {processor.py:830} INFO - Processing file /opt/airflow/dags/DAG 3.py for tasks to queue
[2025-07-15T22:00:46.729+0000] {logging_mixin.py:188} INFO - [2025-07-15T22:00:46.728+0000] {dagbag.py:540} INFO - Filling up the DagBag from /opt/airflow/dags/DAG 3.py
[2025-07-15T22:00:48.777+0000] {processor.py:840} INFO - DAG(s) 'Projeto_Joao_Motta' retrieved from /opt/airflow/dags/DAG 3.py
[2025-07-15T22:00:48.796+0000] {logging_mixin.py:188} INFO - [2025-07-15T22:00:48.795+0000] {dag.py:3096} INFO - Sync 1 DAGs
[2025-07-15T22:00:48.814+0000] {logging_mixin.py:188} INFO - [2025-07-15T22:00:48.813+0000] {dag.py:3954} INFO - Setting next_dagrun for Projeto_Joao_Motta to None, run_after=None
[2025-07-15T22:00:48.849+0000] {processor.py:183} INFO - Processing /opt/airflow/dags/DAG 3.py took 2.139 seconds
[2025-07-15T22:01:19.077+0000] {processor.py:161} INFO - Started process (PID=83) to work on /opt/airflow/dags/DAG 3.py
[2025-07-15T22:01:19.078+0000] {processor.py:830} INFO - Processing file /opt/airflow/dags/DAG 3.py for tasks to queue
[2025-07-15T22:01:19.081+0000] {logging_mixin.py:188} INFO - [2025-07-15T22:01:19.081+0000] {dagbag.py:540} INFO - Filling up the DagBag from /opt/airflow/dags/DAG 3.py
[2025-07-15T22:01:20.566+0000] {processor.py:840} INFO - DAG(s) 'Projeto_Joao_Motta' retrieved from /opt/airflow/dags/DAG 3.py
[2025-07-15T22:01:20.585+0000] {logging_mixin.py:188} INFO - [2025-07-15T22:01:20.585+0000] {dag.py:3096} INFO - Sync 1 DAGs
[2025-07-15T22:01:20.607+0000] {logging_mixin.py:188} INFO - [2025-07-15T22:01:20.607+0000] {dag.py:3954} INFO - Setting next_dagrun for Projeto_Joao_Motta to None, run_after=None
[2025-07-15T22:01:20.635+0000] {processor.py:183} INFO - Processing /opt/airflow/dags/DAG 3.py took 1.571 seconds
[2025-07-15T22:01:50.983+0000] {processor.py:161} INFO - Started process (PID=88) to work on /opt/airflow/dags/DAG 3.py
[2025-07-15T22:01:50.985+0000] {processor.py:830} INFO - Processing file /opt/airflow/dags/DAG 3.py for tasks to queue
[2025-07-15T22:01:50.989+0000] {logging_mixin.py:188} INFO - [2025-07-15T22:01:50.989+0000] {dagbag.py:540} INFO - Filling up the DagBag from /opt/airflow/dags/DAG 3.py
[2025-07-15T22:01:53.581+0000] {processor.py:840} INFO - DAG(s) 'Projeto_Joao_Motta' retrieved from /opt/airflow/dags/DAG 3.py
[2025-07-15T22:01:53.601+0000] {logging_mixin.py:188} INFO - [2025-07-15T22:01:53.600+0000] {dag.py:3096} INFO - Sync 1 DAGs
[2025-07-15T22:01:53.624+0000] {logging_mixin.py:188} INFO - [2025-07-15T22:01:53.624+0000] {dag.py:3954} INFO - Setting next_dagrun for Projeto_Joao_Motta to None, run_after=None
[2025-07-15T22:01:53.672+0000] {processor.py:183} INFO - Processing /opt/airflow/dags/DAG 3.py took 2.703 seconds
[2025-07-15T22:03:43.327+0000] {processor.py:161} INFO - Started process (PID=29) to work on /opt/airflow/dags/DAG 3.py
[2025-07-15T22:03:43.329+0000] {processor.py:830} INFO - Processing file /opt/airflow/dags/DAG 3.py for tasks to queue
[2025-07-15T22:03:43.333+0000] {logging_mixin.py:188} INFO - [2025-07-15T22:03:43.332+0000] {dagbag.py:540} INFO - Filling up the DagBag from /opt/airflow/dags/DAG 3.py
[2025-07-15T22:03:49.258+0000] {processor.py:840} INFO - DAG(s) 'Projeto_Joao_Motta' retrieved from /opt/airflow/dags/DAG 3.py
[2025-07-15T22:03:49.585+0000] {logging_mixin.py:188} INFO - [2025-07-15T22:03:49.584+0000] {override.py:1829} INFO - Created Permission View: can read on DAG:Projeto_Joao_Motta
[2025-07-15T22:03:49.611+0000] {logging_mixin.py:188} INFO - [2025-07-15T22:03:49.611+0000] {override.py:1829} INFO - Created Permission View: can delete on DAG:Projeto_Joao_Motta
[2025-07-15T22:03:49.631+0000] {logging_mixin.py:188} INFO - [2025-07-15T22:03:49.630+0000] {override.py:1829} INFO - Created Permission View: can edit on DAG:Projeto_Joao_Motta
[2025-07-15T22:03:49.634+0000] {logging_mixin.py:188} INFO - [2025-07-15T22:03:49.632+0000] {dag.py:3096} INFO - Sync 1 DAGs
[2025-07-15T22:03:49.656+0000] {logging_mixin.py:188} INFO - [2025-07-15T22:03:49.656+0000] {dag.py:3118} INFO - Creating ORM DAG for Projeto_Joao_Motta
[2025-07-15T22:03:49.658+0000] {logging_mixin.py:188} INFO - [2025-07-15T22:03:49.658+0000] {dag.py:3954} INFO - Setting next_dagrun for Projeto_Joao_Motta to None, run_after=None
[2025-07-15T22:03:49.715+0000] {processor.py:183} INFO - Processing /opt/airflow/dags/DAG 3.py took 6.412 seconds
[2025-07-15T22:04:19.959+0000] {processor.py:161} INFO - Started process (PID=34) to work on /opt/airflow/dags/DAG 3.py
[2025-07-15T22:04:19.961+0000] {processor.py:830} INFO - Processing file /opt/airflow/dags/DAG 3.py for tasks to queue
[2025-07-15T22:04:19.966+0000] {logging_mixin.py:188} INFO - [2025-07-15T22:04:19.966+0000] {dagbag.py:540} INFO - Filling up the DagBag from /opt/airflow/dags/DAG 3.py
[2025-07-15T22:04:21.384+0000] {processor.py:840} INFO - DAG(s) 'Projeto_Joao_Motta' retrieved from /opt/airflow/dags/DAG 3.py
[2025-07-15T22:04:21.420+0000] {logging_mixin.py:188} INFO - [2025-07-15T22:04:21.419+0000] {dag.py:3096} INFO - Sync 1 DAGs
[2025-07-15T22:04:21.437+0000] {logging_mixin.py:188} INFO - [2025-07-15T22:04:21.437+0000] {dag.py:3954} INFO - Setting next_dagrun for Projeto_Joao_Motta to None, run_after=None
[2025-07-15T22:04:21.466+0000] {processor.py:183} INFO - Processing /opt/airflow/dags/DAG 3.py took 1.523 seconds
[2025-07-15T22:04:52.036+0000] {processor.py:161} INFO - Started process (PID=39) to work on /opt/airflow/dags/DAG 3.py
[2025-07-15T22:04:52.039+0000] {processor.py:830} INFO - Processing file /opt/airflow/dags/DAG 3.py for tasks to queue
[2025-07-15T22:04:52.043+0000] {logging_mixin.py:188} INFO - [2025-07-15T22:04:52.042+0000] {dagbag.py:540} INFO - Filling up the DagBag from /opt/airflow/dags/DAG 3.py
[2025-07-15T22:04:53.313+0000] {processor.py:840} INFO - DAG(s) 'Projeto_Joao_Motta' retrieved from /opt/airflow/dags/DAG 3.py
[2025-07-15T22:04:53.341+0000] {logging_mixin.py:188} INFO - [2025-07-15T22:04:53.340+0000] {dag.py:3096} INFO - Sync 1 DAGs
[2025-07-15T22:04:53.354+0000] {logging_mixin.py:188} INFO - [2025-07-15T22:04:53.354+0000] {dag.py:3954} INFO - Setting next_dagrun for Projeto_Joao_Motta to None, run_after=None
[2025-07-15T22:04:53.384+0000] {processor.py:183} INFO - Processing /opt/airflow/dags/DAG 3.py took 1.369 seconds
[2025-07-15T22:05:23.849+0000] {processor.py:161} INFO - Started process (PID=44) to work on /opt/airflow/dags/DAG 3.py
[2025-07-15T22:05:23.850+0000] {processor.py:830} INFO - Processing file /opt/airflow/dags/DAG 3.py for tasks to queue
[2025-07-15T22:05:23.853+0000] {logging_mixin.py:188} INFO - [2025-07-15T22:05:23.853+0000] {dagbag.py:540} INFO - Filling up the DagBag from /opt/airflow/dags/DAG 3.py
[2025-07-15T22:05:25.165+0000] {processor.py:840} INFO - DAG(s) 'Projeto_Joao_Motta' retrieved from /opt/airflow/dags/DAG 3.py
[2025-07-15T22:05:25.220+0000] {logging_mixin.py:188} INFO - [2025-07-15T22:05:25.219+0000] {dag.py:3096} INFO - Sync 1 DAGs
[2025-07-15T22:05:25.236+0000] {logging_mixin.py:188} INFO - [2025-07-15T22:05:25.236+0000] {dag.py:3954} INFO - Setting next_dagrun for Projeto_Joao_Motta to None, run_after=None
[2025-07-15T22:05:25.258+0000] {processor.py:183} INFO - Processing /opt/airflow/dags/DAG 3.py took 1.418 seconds
[2025-07-15T22:05:55.753+0000] {processor.py:161} INFO - Started process (PID=49) to work on /opt/airflow/dags/DAG 3.py
[2025-07-15T22:05:55.755+0000] {processor.py:830} INFO - Processing file /opt/airflow/dags/DAG 3.py for tasks to queue
[2025-07-15T22:05:55.758+0000] {logging_mixin.py:188} INFO - [2025-07-15T22:05:55.757+0000] {dagbag.py:540} INFO - Filling up the DagBag from /opt/airflow/dags/DAG 3.py
[2025-07-15T22:05:57.507+0000] {processor.py:840} INFO - DAG(s) 'Projeto_Joao_Motta' retrieved from /opt/airflow/dags/DAG 3.py
[2025-07-15T22:05:57.544+0000] {logging_mixin.py:188} INFO - [2025-07-15T22:05:57.543+0000] {dag.py:3096} INFO - Sync 1 DAGs
[2025-07-15T22:05:57.564+0000] {logging_mixin.py:188} INFO - [2025-07-15T22:05:57.564+0000] {dag.py:3954} INFO - Setting next_dagrun for Projeto_Joao_Motta to None, run_after=None
[2025-07-15T22:05:57.614+0000] {processor.py:183} INFO - Processing /opt/airflow/dags/DAG 3.py took 1.872 seconds
[2025-07-15T22:07:29.891+0000] {processor.py:161} INFO - Started process (PID=29) to work on /opt/airflow/dags/DAG 3.py
[2025-07-15T22:07:29.893+0000] {processor.py:830} INFO - Processing file /opt/airflow/dags/DAG 3.py for tasks to queue
[2025-07-15T22:07:29.898+0000] {logging_mixin.py:188} INFO - [2025-07-15T22:07:29.897+0000] {dagbag.py:540} INFO - Filling up the DagBag from /opt/airflow/dags/DAG 3.py
[2025-07-15T22:07:33.715+0000] {processor.py:840} INFO - DAG(s) 'Projeto_Joao_Motta' retrieved from /opt/airflow/dags/DAG 3.py
[2025-07-15T22:07:34.021+0000] {logging_mixin.py:188} INFO - [2025-07-15T22:07:34.020+0000] {override.py:1829} INFO - Created Permission View: can edit on DAG:Projeto_Joao_Motta
[2025-07-15T22:07:34.042+0000] {logging_mixin.py:188} INFO - [2025-07-15T22:07:34.041+0000] {override.py:1829} INFO - Created Permission View: can delete on DAG:Projeto_Joao_Motta
[2025-07-15T22:07:34.057+0000] {logging_mixin.py:188} INFO - [2025-07-15T22:07:34.057+0000] {override.py:1829} INFO - Created Permission View: can read on DAG:Projeto_Joao_Motta
[2025-07-15T22:07:34.059+0000] {logging_mixin.py:188} INFO - [2025-07-15T22:07:34.058+0000] {dag.py:3096} INFO - Sync 1 DAGs
[2025-07-15T22:07:34.080+0000] {logging_mixin.py:188} INFO - [2025-07-15T22:07:34.079+0000] {dag.py:3118} INFO - Creating ORM DAG for Projeto_Joao_Motta
[2025-07-15T22:07:34.081+0000] {logging_mixin.py:188} INFO - [2025-07-15T22:07:34.081+0000] {dag.py:3954} INFO - Setting next_dagrun for Projeto_Joao_Motta to None, run_after=None
[2025-07-15T22:07:34.124+0000] {processor.py:183} INFO - Processing /opt/airflow/dags/DAG 3.py took 4.250 seconds
[2025-07-15T22:08:04.376+0000] {processor.py:161} INFO - Started process (PID=34) to work on /opt/airflow/dags/DAG 3.py
[2025-07-15T22:08:04.382+0000] {processor.py:830} INFO - Processing file /opt/airflow/dags/DAG 3.py for tasks to queue
[2025-07-15T22:08:04.390+0000] {logging_mixin.py:188} INFO - [2025-07-15T22:08:04.389+0000] {dagbag.py:540} INFO - Filling up the DagBag from /opt/airflow/dags/DAG 3.py
[2025-07-15T22:08:05.948+0000] {processor.py:840} INFO - DAG(s) 'Projeto_Joao_Motta' retrieved from /opt/airflow/dags/DAG 3.py
[2025-07-15T22:08:06.003+0000] {logging_mixin.py:188} INFO - [2025-07-15T22:08:06.002+0000] {dag.py:3096} INFO - Sync 1 DAGs
[2025-07-15T22:08:06.028+0000] {logging_mixin.py:188} INFO - [2025-07-15T22:08:06.027+0000] {dag.py:3954} INFO - Setting next_dagrun for Projeto_Joao_Motta to None, run_after=None
[2025-07-15T22:08:06.062+0000] {processor.py:183} INFO - Processing /opt/airflow/dags/DAG 3.py took 1.699 seconds
[2025-07-15T22:08:36.545+0000] {processor.py:161} INFO - Started process (PID=39) to work on /opt/airflow/dags/DAG 3.py
[2025-07-15T22:08:36.547+0000] {processor.py:830} INFO - Processing file /opt/airflow/dags/DAG 3.py for tasks to queue
[2025-07-15T22:08:36.550+0000] {logging_mixin.py:188} INFO - [2025-07-15T22:08:36.550+0000] {dagbag.py:540} INFO - Filling up the DagBag from /opt/airflow/dags/DAG 3.py
[2025-07-15T22:08:37.833+0000] {processor.py:840} INFO - DAG(s) 'Projeto_Joao_Motta' retrieved from /opt/airflow/dags/DAG 3.py
[2025-07-15T22:08:37.866+0000] {logging_mixin.py:188} INFO - [2025-07-15T22:08:37.865+0000] {dag.py:3096} INFO - Sync 1 DAGs
[2025-07-15T22:08:37.882+0000] {logging_mixin.py:188} INFO - [2025-07-15T22:08:37.881+0000] {dag.py:3954} INFO - Setting next_dagrun for Projeto_Joao_Motta to None, run_after=None
[2025-07-15T22:08:37.909+0000] {processor.py:183} INFO - Processing /opt/airflow/dags/DAG 3.py took 1.373 seconds
[2025-07-15T22:09:08.164+0000] {processor.py:161} INFO - Started process (PID=44) to work on /opt/airflow/dags/DAG 3.py
[2025-07-15T22:09:08.165+0000] {processor.py:830} INFO - Processing file /opt/airflow/dags/DAG 3.py for tasks to queue
[2025-07-15T22:09:08.168+0000] {logging_mixin.py:188} INFO - [2025-07-15T22:09:08.168+0000] {dagbag.py:540} INFO - Filling up the DagBag from /opt/airflow/dags/DAG 3.py
[2025-07-15T22:09:09.681+0000] {processor.py:840} INFO - DAG(s) 'Projeto_Joao_Motta' retrieved from /opt/airflow/dags/DAG 3.py
[2025-07-15T22:09:09.716+0000] {logging_mixin.py:188} INFO - [2025-07-15T22:09:09.715+0000] {dag.py:3096} INFO - Sync 1 DAGs
[2025-07-15T22:09:09.730+0000] {logging_mixin.py:188} INFO - [2025-07-15T22:09:09.730+0000] {dag.py:3954} INFO - Setting next_dagrun for Projeto_Joao_Motta to None, run_after=None
[2025-07-15T22:09:09.763+0000] {processor.py:183} INFO - Processing /opt/airflow/dags/DAG 3.py took 1.608 seconds
[2025-07-15T22:09:40.327+0000] {processor.py:161} INFO - Started process (PID=49) to work on /opt/airflow/dags/DAG 3.py
[2025-07-15T22:09:40.330+0000] {processor.py:830} INFO - Processing file /opt/airflow/dags/DAG 3.py for tasks to queue
[2025-07-15T22:09:40.333+0000] {logging_mixin.py:188} INFO - [2025-07-15T22:09:40.332+0000] {dagbag.py:540} INFO - Filling up the DagBag from /opt/airflow/dags/DAG 3.py
[2025-07-15T22:09:41.586+0000] {processor.py:840} INFO - DAG(s) 'Projeto_Joao_Motta' retrieved from /opt/airflow/dags/DAG 3.py
[2025-07-15T22:09:41.615+0000] {logging_mixin.py:188} INFO - [2025-07-15T22:09:41.614+0000] {dag.py:3096} INFO - Sync 1 DAGs
[2025-07-15T22:09:41.628+0000] {logging_mixin.py:188} INFO - [2025-07-15T22:09:41.627+0000] {dag.py:3954} INFO - Setting next_dagrun for Projeto_Joao_Motta to None, run_after=None
[2025-07-15T22:09:41.652+0000] {processor.py:183} INFO - Processing /opt/airflow/dags/DAG 3.py took 1.335 seconds
[2025-07-15T22:10:11.972+0000] {processor.py:161} INFO - Started process (PID=54) to work on /opt/airflow/dags/DAG 3.py
[2025-07-15T22:10:11.974+0000] {processor.py:830} INFO - Processing file /opt/airflow/dags/DAG 3.py for tasks to queue
[2025-07-15T22:10:11.977+0000] {logging_mixin.py:188} INFO - [2025-07-15T22:10:11.977+0000] {dagbag.py:540} INFO - Filling up the DagBag from /opt/airflow/dags/DAG 3.py
[2025-07-15T22:10:14.536+0000] {processor.py:840} INFO - DAG(s) 'Projeto_Joao_Motta' retrieved from /opt/airflow/dags/DAG 3.py
[2025-07-15T22:10:14.577+0000] {logging_mixin.py:188} INFO - [2025-07-15T22:10:14.575+0000] {dag.py:3096} INFO - Sync 1 DAGs
[2025-07-15T22:10:14.597+0000] {logging_mixin.py:188} INFO - [2025-07-15T22:10:14.596+0000] {dag.py:3954} INFO - Setting next_dagrun for Projeto_Joao_Motta to None, run_after=None
[2025-07-15T22:10:14.655+0000] {processor.py:183} INFO - Processing /opt/airflow/dags/DAG 3.py took 2.695 seconds
[2025-07-15T22:10:45.187+0000] {processor.py:161} INFO - Started process (PID=59) to work on /opt/airflow/dags/DAG 3.py
[2025-07-15T22:10:45.189+0000] {processor.py:830} INFO - Processing file /opt/airflow/dags/DAG 3.py for tasks to queue
[2025-07-15T22:10:45.192+0000] {logging_mixin.py:188} INFO - [2025-07-15T22:10:45.191+0000] {dagbag.py:540} INFO - Filling up the DagBag from /opt/airflow/dags/DAG 3.py
[2025-07-15T22:10:46.505+0000] {processor.py:840} INFO - DAG(s) 'Projeto_Joao_Motta' retrieved from /opt/airflow/dags/DAG 3.py
[2025-07-15T22:10:46.533+0000] {logging_mixin.py:188} INFO - [2025-07-15T22:10:46.533+0000] {dag.py:3096} INFO - Sync 1 DAGs
[2025-07-15T22:10:46.549+0000] {logging_mixin.py:188} INFO - [2025-07-15T22:10:46.549+0000] {dag.py:3954} INFO - Setting next_dagrun for Projeto_Joao_Motta to None, run_after=None
[2025-07-15T22:10:46.575+0000] {processor.py:183} INFO - Processing /opt/airflow/dags/DAG 3.py took 1.398 seconds
[2025-07-15T22:11:16.959+0000] {processor.py:161} INFO - Started process (PID=64) to work on /opt/airflow/dags/DAG 3.py
[2025-07-15T22:11:16.960+0000] {processor.py:830} INFO - Processing file /opt/airflow/dags/DAG 3.py for tasks to queue
[2025-07-15T22:11:16.963+0000] {logging_mixin.py:188} INFO - [2025-07-15T22:11:16.963+0000] {dagbag.py:540} INFO - Filling up the DagBag from /opt/airflow/dags/DAG 3.py
[2025-07-15T22:11:18.794+0000] {processor.py:840} INFO - DAG(s) 'Projeto_Joao_Motta' retrieved from /opt/airflow/dags/DAG 3.py
[2025-07-15T22:11:18.840+0000] {logging_mixin.py:188} INFO - [2025-07-15T22:11:18.838+0000] {dag.py:3096} INFO - Sync 1 DAGs
[2025-07-15T22:11:18.856+0000] {logging_mixin.py:188} INFO - [2025-07-15T22:11:18.856+0000] {dag.py:3954} INFO - Setting next_dagrun for Projeto_Joao_Motta to None, run_after=None
[2025-07-15T22:11:18.888+0000] {processor.py:183} INFO - Processing /opt/airflow/dags/DAG 3.py took 1.938 seconds
[2025-07-15T22:11:49.698+0000] {processor.py:161} INFO - Started process (PID=69) to work on /opt/airflow/dags/DAG 3.py
[2025-07-15T22:11:49.703+0000] {processor.py:830} INFO - Processing file /opt/airflow/dags/DAG 3.py for tasks to queue
[2025-07-15T22:11:49.708+0000] {logging_mixin.py:188} INFO - [2025-07-15T22:11:49.707+0000] {dagbag.py:540} INFO - Filling up the DagBag from /opt/airflow/dags/DAG 3.py
[2025-07-15T22:11:51.288+0000] {processor.py:840} INFO - DAG(s) 'Projeto_Joao_Motta' retrieved from /opt/airflow/dags/DAG 3.py
[2025-07-15T22:11:51.324+0000] {logging_mixin.py:188} INFO - [2025-07-15T22:11:51.323+0000] {dag.py:3096} INFO - Sync 1 DAGs
[2025-07-15T22:11:51.345+0000] {logging_mixin.py:188} INFO - [2025-07-15T22:11:51.344+0000] {dag.py:3954} INFO - Setting next_dagrun for Projeto_Joao_Motta to None, run_after=None
[2025-07-15T22:11:51.380+0000] {processor.py:183} INFO - Processing /opt/airflow/dags/DAG 3.py took 1.711 seconds
[2025-07-15T22:12:21.919+0000] {processor.py:161} INFO - Started process (PID=74) to work on /opt/airflow/dags/DAG 3.py
[2025-07-15T22:12:21.921+0000] {processor.py:830} INFO - Processing file /opt/airflow/dags/DAG 3.py for tasks to queue
[2025-07-15T22:12:21.924+0000] {logging_mixin.py:188} INFO - [2025-07-15T22:12:21.923+0000] {dagbag.py:540} INFO - Filling up the DagBag from /opt/airflow/dags/DAG 3.py
[2025-07-15T22:12:23.446+0000] {processor.py:840} INFO - DAG(s) 'Projeto_Joao_Motta' retrieved from /opt/airflow/dags/DAG 3.py
[2025-07-15T22:12:23.485+0000] {logging_mixin.py:188} INFO - [2025-07-15T22:12:23.484+0000] {dag.py:3096} INFO - Sync 1 DAGs
[2025-07-15T22:12:23.506+0000] {logging_mixin.py:188} INFO - [2025-07-15T22:12:23.505+0000] {dag.py:3954} INFO - Setting next_dagrun for Projeto_Joao_Motta to None, run_after=None
[2025-07-15T22:12:23.538+0000] {processor.py:183} INFO - Processing /opt/airflow/dags/DAG 3.py took 1.628 seconds
[2025-07-15T22:12:54.058+0000] {processor.py:161} INFO - Started process (PID=79) to work on /opt/airflow/dags/DAG 3.py
[2025-07-15T22:12:54.060+0000] {processor.py:830} INFO - Processing file /opt/airflow/dags/DAG 3.py for tasks to queue
[2025-07-15T22:12:54.063+0000] {logging_mixin.py:188} INFO - [2025-07-15T22:12:54.063+0000] {dagbag.py:540} INFO - Filling up the DagBag from /opt/airflow/dags/DAG 3.py
[2025-07-15T22:12:55.276+0000] {processor.py:840} INFO - DAG(s) 'Projeto_Joao_Motta' retrieved from /opt/airflow/dags/DAG 3.py
[2025-07-15T22:12:55.307+0000] {logging_mixin.py:188} INFO - [2025-07-15T22:12:55.306+0000] {dag.py:3096} INFO - Sync 1 DAGs
[2025-07-15T22:12:55.322+0000] {logging_mixin.py:188} INFO - [2025-07-15T22:12:55.322+0000] {dag.py:3954} INFO - Setting next_dagrun for Projeto_Joao_Motta to None, run_after=None
[2025-07-15T22:12:55.351+0000] {processor.py:183} INFO - Processing /opt/airflow/dags/DAG 3.py took 1.302 seconds
[2025-07-15T22:13:25.719+0000] {processor.py:161} INFO - Started process (PID=84) to work on /opt/airflow/dags/DAG 3.py
[2025-07-15T22:13:25.720+0000] {processor.py:830} INFO - Processing file /opt/airflow/dags/DAG 3.py for tasks to queue
[2025-07-15T22:13:25.724+0000] {logging_mixin.py:188} INFO - [2025-07-15T22:13:25.723+0000] {dagbag.py:540} INFO - Filling up the DagBag from /opt/airflow/dags/DAG 3.py
[2025-07-15T22:13:27.212+0000] {processor.py:840} INFO - DAG(s) 'Projeto_Joao_Motta' retrieved from /opt/airflow/dags/DAG 3.py
[2025-07-15T22:13:27.261+0000] {logging_mixin.py:188} INFO - [2025-07-15T22:13:27.258+0000] {dag.py:3096} INFO - Sync 1 DAGs
[2025-07-15T22:13:27.292+0000] {logging_mixin.py:188} INFO - [2025-07-15T22:13:27.291+0000] {dag.py:3954} INFO - Setting next_dagrun for Projeto_Joao_Motta to None, run_after=None
[2025-07-15T22:13:27.322+0000] {processor.py:183} INFO - Processing /opt/airflow/dags/DAG 3.py took 1.612 seconds
[2025-07-15T22:13:57.905+0000] {processor.py:161} INFO - Started process (PID=89) to work on /opt/airflow/dags/DAG 3.py
[2025-07-15T22:13:57.907+0000] {processor.py:830} INFO - Processing file /opt/airflow/dags/DAG 3.py for tasks to queue
[2025-07-15T22:13:57.911+0000] {logging_mixin.py:188} INFO - [2025-07-15T22:13:57.910+0000] {dagbag.py:540} INFO - Filling up the DagBag from /opt/airflow/dags/DAG 3.py
[2025-07-15T22:14:00.471+0000] {processor.py:840} INFO - DAG(s) 'Projeto_Joao_Motta' retrieved from /opt/airflow/dags/DAG 3.py
[2025-07-15T22:14:00.526+0000] {logging_mixin.py:188} INFO - [2025-07-15T22:14:00.526+0000] {dag.py:3096} INFO - Sync 1 DAGs
[2025-07-15T22:14:00.548+0000] {logging_mixin.py:188} INFO - [2025-07-15T22:14:00.548+0000] {dag.py:3954} INFO - Setting next_dagrun for Projeto_Joao_Motta to None, run_after=None
[2025-07-15T22:14:00.581+0000] {processor.py:183} INFO - Processing /opt/airflow/dags/DAG 3.py took 2.687 seconds
[2025-07-15T22:14:31.174+0000] {processor.py:161} INFO - Started process (PID=94) to work on /opt/airflow/dags/DAG 3.py
[2025-07-15T22:14:31.176+0000] {processor.py:830} INFO - Processing file /opt/airflow/dags/DAG 3.py for tasks to queue
[2025-07-15T22:14:31.179+0000] {logging_mixin.py:188} INFO - [2025-07-15T22:14:31.179+0000] {dagbag.py:540} INFO - Filling up the DagBag from /opt/airflow/dags/DAG 3.py
[2025-07-15T22:14:32.805+0000] {processor.py:840} INFO - DAG(s) 'Projeto_Joao_Motta' retrieved from /opt/airflow/dags/DAG 3.py
[2025-07-15T22:14:32.834+0000] {logging_mixin.py:188} INFO - [2025-07-15T22:14:32.833+0000] {dag.py:3096} INFO - Sync 1 DAGs
[2025-07-15T22:14:32.848+0000] {logging_mixin.py:188} INFO - [2025-07-15T22:14:32.848+0000] {dag.py:3954} INFO - Setting next_dagrun for Projeto_Joao_Motta to None, run_after=None
[2025-07-15T22:14:32.880+0000] {processor.py:183} INFO - Processing /opt/airflow/dags/DAG 3.py took 1.719 seconds
[2025-07-15T22:15:02.980+0000] {processor.py:161} INFO - Started process (PID=99) to work on /opt/airflow/dags/DAG 3.py
[2025-07-15T22:15:02.982+0000] {processor.py:830} INFO - Processing file /opt/airflow/dags/DAG 3.py for tasks to queue
[2025-07-15T22:15:02.985+0000] {logging_mixin.py:188} INFO - [2025-07-15T22:15:02.985+0000] {dagbag.py:540} INFO - Filling up the DagBag from /opt/airflow/dags/DAG 3.py
[2025-07-15T22:15:04.193+0000] {processor.py:840} INFO - DAG(s) 'Projeto_Joao_Motta' retrieved from /opt/airflow/dags/DAG 3.py
[2025-07-15T22:15:04.222+0000] {logging_mixin.py:188} INFO - [2025-07-15T22:15:04.221+0000] {dag.py:3096} INFO - Sync 1 DAGs
[2025-07-15T22:15:04.236+0000] {logging_mixin.py:188} INFO - [2025-07-15T22:15:04.236+0000] {dag.py:3954} INFO - Setting next_dagrun for Projeto_Joao_Motta to None, run_after=None
[2025-07-15T22:15:04.266+0000] {processor.py:183} INFO - Processing /opt/airflow/dags/DAG 3.py took 1.298 seconds
[2025-07-15T22:15:34.410+0000] {processor.py:161} INFO - Started process (PID=104) to work on /opt/airflow/dags/DAG 3.py
[2025-07-15T22:15:34.412+0000] {processor.py:830} INFO - Processing file /opt/airflow/dags/DAG 3.py for tasks to queue
[2025-07-15T22:15:34.415+0000] {logging_mixin.py:188} INFO - [2025-07-15T22:15:34.415+0000] {dagbag.py:540} INFO - Filling up the DagBag from /opt/airflow/dags/DAG 3.py
[2025-07-15T22:15:35.719+0000] {processor.py:840} INFO - DAG(s) 'Projeto_Joao_Motta' retrieved from /opt/airflow/dags/DAG 3.py
[2025-07-15T22:15:35.751+0000] {logging_mixin.py:188} INFO - [2025-07-15T22:15:35.749+0000] {dag.py:3096} INFO - Sync 1 DAGs
[2025-07-15T22:15:35.765+0000] {logging_mixin.py:188} INFO - [2025-07-15T22:15:35.765+0000] {dag.py:3954} INFO - Setting next_dagrun for Projeto_Joao_Motta to None, run_after=None
[2025-07-15T22:15:35.795+0000] {processor.py:183} INFO - Processing /opt/airflow/dags/DAG 3.py took 1.394 seconds
[2025-07-15T22:16:06.021+0000] {processor.py:161} INFO - Started process (PID=109) to work on /opt/airflow/dags/DAG 3.py
[2025-07-15T22:16:06.022+0000] {processor.py:830} INFO - Processing file /opt/airflow/dags/DAG 3.py for tasks to queue
[2025-07-15T22:16:06.026+0000] {logging_mixin.py:188} INFO - [2025-07-15T22:16:06.026+0000] {dagbag.py:540} INFO - Filling up the DagBag from /opt/airflow/dags/DAG 3.py
[2025-07-15T22:16:07.464+0000] {processor.py:840} INFO - DAG(s) 'Projeto_Joao_Motta' retrieved from /opt/airflow/dags/DAG 3.py
[2025-07-15T22:16:07.503+0000] {logging_mixin.py:188} INFO - [2025-07-15T22:16:07.502+0000] {dag.py:3096} INFO - Sync 1 DAGs
[2025-07-15T22:16:07.523+0000] {logging_mixin.py:188} INFO - [2025-07-15T22:16:07.522+0000] {dag.py:3954} INFO - Setting next_dagrun for Projeto_Joao_Motta to None, run_after=None
[2025-07-15T22:16:07.556+0000] {processor.py:183} INFO - Processing /opt/airflow/dags/DAG 3.py took 1.546 seconds
[2025-07-15T22:16:38.460+0000] {processor.py:161} INFO - Started process (PID=114) to work on /opt/airflow/dags/DAG 3.py
[2025-07-15T22:16:38.462+0000] {processor.py:830} INFO - Processing file /opt/airflow/dags/DAG 3.py for tasks to queue
[2025-07-15T22:16:38.465+0000] {logging_mixin.py:188} INFO - [2025-07-15T22:16:38.465+0000] {dagbag.py:540} INFO - Filling up the DagBag from /opt/airflow/dags/DAG 3.py
[2025-07-15T22:16:39.963+0000] {processor.py:840} INFO - DAG(s) 'Projeto_Joao_Motta' retrieved from /opt/airflow/dags/DAG 3.py
[2025-07-15T22:16:39.992+0000] {logging_mixin.py:188} INFO - [2025-07-15T22:16:39.991+0000] {dag.py:3096} INFO - Sync 1 DAGs
[2025-07-15T22:16:40.006+0000] {logging_mixin.py:188} INFO - [2025-07-15T22:16:40.006+0000] {dag.py:3954} INFO - Setting next_dagrun for Projeto_Joao_Motta to None, run_after=None
[2025-07-15T22:16:40.031+0000] {processor.py:183} INFO - Processing /opt/airflow/dags/DAG 3.py took 1.580 seconds
