[2025-07-16T13:24:08.344+0000] {processor.py:157} INFO - Started process (PID=25) to work on /opt/airflow/dags/DAG 3.py
[2025-07-16T13:24:08.346+0000] {processor.py:829} INFO - Processing file /opt/airflow/dags/DAG 3.py for tasks to queue
[2025-07-16T13:24:08.352+0000] {logging_mixin.py:151} INFO - [2025-07-16T13:24:08.352+0000] {dagbag.py:539} INFO - Filling up the DagBag from /opt/airflow/dags/DAG 3.py
[2025-07-16T13:24:13.379+0000] {processor.py:839} INFO - DAG(s) dict_keys(['Projeto_Joao_Motta']) retrieved from /opt/airflow/dags/DAG 3.py
[2025-07-16T13:24:14.531+0000] {logging_mixin.py:151} INFO - [2025-07-16T13:24:14.531+0000] {manager.py:499} INFO - Created Permission View: %s
[2025-07-16T13:24:14.585+0000] {logging_mixin.py:151} INFO - [2025-07-16T13:24:14.585+0000] {manager.py:499} INFO - Created Permission View: %s
[2025-07-16T13:24:14.621+0000] {logging_mixin.py:151} INFO - [2025-07-16T13:24:14.620+0000] {manager.py:499} INFO - Created Permission View: %s
[2025-07-16T13:24:14.623+0000] {logging_mixin.py:151} INFO - [2025-07-16T13:24:14.622+0000] {security.py:708} INFO - Not syncing DAG-level permissions for DAG 'DAG:Projeto_Joao_Motta' as access control is unset.
[2025-07-16T13:24:14.625+0000] {logging_mixin.py:151} INFO - [2025-07-16T13:24:14.624+0000] {dag.py:2915} INFO - Sync 1 DAGs
[2025-07-16T13:24:14.679+0000] {logging_mixin.py:151} INFO - [2025-07-16T13:24:14.679+0000] {dag.py:2937} INFO - Creating ORM DAG for Projeto_Joao_Motta
[2025-07-16T13:24:14.686+0000] {logging_mixin.py:151} INFO - [2025-07-16T13:24:14.685+0000] {dag.py:3696} INFO - Setting next_dagrun for Projeto_Joao_Motta to None, run_after=None
[2025-07-16T13:24:14.793+0000] {processor.py:179} INFO - Processing /opt/airflow/dags/DAG 3.py took 6.456 seconds
[2025-07-16T13:24:45.017+0000] {processor.py:157} INFO - Started process (PID=30) to work on /opt/airflow/dags/DAG 3.py
[2025-07-16T13:24:45.019+0000] {processor.py:829} INFO - Processing file /opt/airflow/dags/DAG 3.py for tasks to queue
[2025-07-16T13:24:45.031+0000] {logging_mixin.py:151} INFO - [2025-07-16T13:24:45.027+0000] {dagbag.py:539} INFO - Filling up the DagBag from /opt/airflow/dags/DAG 3.py
[2025-07-16T13:24:48.131+0000] {processor.py:839} INFO - DAG(s) dict_keys(['Projeto_Joao_Motta']) retrieved from /opt/airflow/dags/DAG 3.py
[2025-07-16T13:24:48.194+0000] {logging_mixin.py:151} INFO - [2025-07-16T13:24:48.192+0000] {dag.py:2915} INFO - Sync 1 DAGs
[2025-07-16T13:24:48.226+0000] {logging_mixin.py:151} INFO - [2025-07-16T13:24:48.226+0000] {dag.py:3696} INFO - Setting next_dagrun for Projeto_Joao_Motta to None, run_after=None
[2025-07-16T13:24:48.266+0000] {processor.py:179} INFO - Processing /opt/airflow/dags/DAG 3.py took 3.266 seconds
[2025-07-16T13:25:18.449+0000] {processor.py:157} INFO - Started process (PID=35) to work on /opt/airflow/dags/DAG 3.py
[2025-07-16T13:25:18.452+0000] {processor.py:829} INFO - Processing file /opt/airflow/dags/DAG 3.py for tasks to queue
[2025-07-16T13:25:18.456+0000] {logging_mixin.py:151} INFO - [2025-07-16T13:25:18.456+0000] {dagbag.py:539} INFO - Filling up the DagBag from /opt/airflow/dags/DAG 3.py
[2025-07-16T13:25:19.887+0000] {processor.py:839} INFO - DAG(s) dict_keys(['Projeto_Joao_Motta']) retrieved from /opt/airflow/dags/DAG 3.py
[2025-07-16T13:25:19.917+0000] {logging_mixin.py:151} INFO - [2025-07-16T13:25:19.917+0000] {dag.py:2915} INFO - Sync 1 DAGs
[2025-07-16T13:25:19.932+0000] {logging_mixin.py:151} INFO - [2025-07-16T13:25:19.932+0000] {dag.py:3696} INFO - Setting next_dagrun for Projeto_Joao_Motta to None, run_after=None
[2025-07-16T13:25:19.957+0000] {processor.py:179} INFO - Processing /opt/airflow/dags/DAG 3.py took 1.515 seconds
[2025-07-16T13:25:50.085+0000] {processor.py:157} INFO - Started process (PID=40) to work on /opt/airflow/dags/DAG 3.py
[2025-07-16T13:25:50.087+0000] {processor.py:829} INFO - Processing file /opt/airflow/dags/DAG 3.py for tasks to queue
[2025-07-16T13:25:50.091+0000] {logging_mixin.py:151} INFO - [2025-07-16T13:25:50.091+0000] {dagbag.py:539} INFO - Filling up the DagBag from /opt/airflow/dags/DAG 3.py
[2025-07-16T13:25:51.461+0000] {processor.py:839} INFO - DAG(s) dict_keys(['Projeto_Joao_Motta']) retrieved from /opt/airflow/dags/DAG 3.py
[2025-07-16T13:25:51.494+0000] {logging_mixin.py:151} INFO - [2025-07-16T13:25:51.493+0000] {dag.py:2915} INFO - Sync 1 DAGs
[2025-07-16T13:25:51.507+0000] {logging_mixin.py:151} INFO - [2025-07-16T13:25:51.506+0000] {dag.py:3696} INFO - Setting next_dagrun for Projeto_Joao_Motta to None, run_after=None
[2025-07-16T13:25:51.536+0000] {processor.py:179} INFO - Processing /opt/airflow/dags/DAG 3.py took 1.458 seconds
[2025-07-16T13:26:22.022+0000] {processor.py:157} INFO - Started process (PID=45) to work on /opt/airflow/dags/DAG 3.py
[2025-07-16T13:26:22.025+0000] {processor.py:829} INFO - Processing file /opt/airflow/dags/DAG 3.py for tasks to queue
[2025-07-16T13:26:22.039+0000] {logging_mixin.py:151} INFO - [2025-07-16T13:26:22.038+0000] {dagbag.py:539} INFO - Filling up the DagBag from /opt/airflow/dags/DAG 3.py
[2025-07-16T13:26:24.657+0000] {processor.py:839} INFO - DAG(s) dict_keys(['Projeto_Joao_Motta']) retrieved from /opt/airflow/dags/DAG 3.py
[2025-07-16T13:26:24.748+0000] {logging_mixin.py:151} INFO - [2025-07-16T13:26:24.746+0000] {dag.py:2915} INFO - Sync 1 DAGs
[2025-07-16T13:26:24.788+0000] {logging_mixin.py:151} INFO - [2025-07-16T13:26:24.787+0000] {dag.py:3696} INFO - Setting next_dagrun for Projeto_Joao_Motta to None, run_after=None
[2025-07-16T13:26:24.853+0000] {processor.py:179} INFO - Processing /opt/airflow/dags/DAG 3.py took 2.845 seconds
[2025-07-16T13:26:55.427+0000] {processor.py:157} INFO - Started process (PID=50) to work on /opt/airflow/dags/DAG 3.py
[2025-07-16T13:26:55.428+0000] {processor.py:829} INFO - Processing file /opt/airflow/dags/DAG 3.py for tasks to queue
[2025-07-16T13:26:55.432+0000] {logging_mixin.py:151} INFO - [2025-07-16T13:26:55.432+0000] {dagbag.py:539} INFO - Filling up the DagBag from /opt/airflow/dags/DAG 3.py
[2025-07-16T13:26:57.127+0000] {processor.py:839} INFO - DAG(s) dict_keys(['Projeto_Joao_Motta']) retrieved from /opt/airflow/dags/DAG 3.py
[2025-07-16T13:26:57.161+0000] {logging_mixin.py:151} INFO - [2025-07-16T13:26:57.160+0000] {dag.py:2915} INFO - Sync 1 DAGs
[2025-07-16T13:26:57.175+0000] {logging_mixin.py:151} INFO - [2025-07-16T13:26:57.175+0000] {dag.py:3696} INFO - Setting next_dagrun for Projeto_Joao_Motta to None, run_after=None
[2025-07-16T13:26:57.218+0000] {processor.py:179} INFO - Processing /opt/airflow/dags/DAG 3.py took 1.797 seconds
[2025-07-16T13:27:27.627+0000] {processor.py:157} INFO - Started process (PID=55) to work on /opt/airflow/dags/DAG 3.py
[2025-07-16T13:27:27.629+0000] {processor.py:829} INFO - Processing file /opt/airflow/dags/DAG 3.py for tasks to queue
[2025-07-16T13:27:27.633+0000] {logging_mixin.py:151} INFO - [2025-07-16T13:27:27.632+0000] {dagbag.py:539} INFO - Filling up the DagBag from /opt/airflow/dags/DAG 3.py
[2025-07-16T13:27:29.120+0000] {processor.py:839} INFO - DAG(s) dict_keys(['Projeto_Joao_Motta']) retrieved from /opt/airflow/dags/DAG 3.py
[2025-07-16T13:27:29.165+0000] {logging_mixin.py:151} INFO - [2025-07-16T13:27:29.164+0000] {dag.py:2915} INFO - Sync 1 DAGs
[2025-07-16T13:27:29.186+0000] {logging_mixin.py:151} INFO - [2025-07-16T13:27:29.186+0000] {dag.py:3696} INFO - Setting next_dagrun for Projeto_Joao_Motta to None, run_after=None
[2025-07-16T13:27:29.218+0000] {processor.py:179} INFO - Processing /opt/airflow/dags/DAG 3.py took 1.596 seconds
[2025-07-16T13:27:59.779+0000] {processor.py:157} INFO - Started process (PID=60) to work on /opt/airflow/dags/DAG 3.py
[2025-07-16T13:27:59.780+0000] {processor.py:829} INFO - Processing file /opt/airflow/dags/DAG 3.py for tasks to queue
[2025-07-16T13:27:59.784+0000] {logging_mixin.py:151} INFO - [2025-07-16T13:27:59.784+0000] {dagbag.py:539} INFO - Filling up the DagBag from /opt/airflow/dags/DAG 3.py
[2025-07-16T13:28:01.284+0000] {processor.py:839} INFO - DAG(s) dict_keys(['Projeto_Joao_Motta']) retrieved from /opt/airflow/dags/DAG 3.py
[2025-07-16T13:28:01.320+0000] {logging_mixin.py:151} INFO - [2025-07-16T13:28:01.319+0000] {dag.py:2915} INFO - Sync 1 DAGs
[2025-07-16T13:28:01.337+0000] {logging_mixin.py:151} INFO - [2025-07-16T13:28:01.337+0000] {dag.py:3696} INFO - Setting next_dagrun for Projeto_Joao_Motta to None, run_after=None
[2025-07-16T13:28:01.391+0000] {processor.py:179} INFO - Processing /opt/airflow/dags/DAG 3.py took 1.617 seconds
[2025-07-16T13:28:31.608+0000] {processor.py:157} INFO - Started process (PID=65) to work on /opt/airflow/dags/DAG 3.py
[2025-07-16T13:28:31.609+0000] {processor.py:829} INFO - Processing file /opt/airflow/dags/DAG 3.py for tasks to queue
[2025-07-16T13:28:31.613+0000] {logging_mixin.py:151} INFO - [2025-07-16T13:28:31.613+0000] {dagbag.py:539} INFO - Filling up the DagBag from /opt/airflow/dags/DAG 3.py
[2025-07-16T13:28:32.856+0000] {processor.py:839} INFO - DAG(s) dict_keys(['Projeto_Joao_Motta']) retrieved from /opt/airflow/dags/DAG 3.py
[2025-07-16T13:28:32.887+0000] {logging_mixin.py:151} INFO - [2025-07-16T13:28:32.886+0000] {dag.py:2915} INFO - Sync 1 DAGs
[2025-07-16T13:28:32.900+0000] {logging_mixin.py:151} INFO - [2025-07-16T13:28:32.900+0000] {dag.py:3696} INFO - Setting next_dagrun for Projeto_Joao_Motta to None, run_after=None
[2025-07-16T13:28:32.928+0000] {processor.py:179} INFO - Processing /opt/airflow/dags/DAG 3.py took 1.326 seconds
[2025-07-16T13:29:03.295+0000] {processor.py:157} INFO - Started process (PID=70) to work on /opt/airflow/dags/DAG 3.py
[2025-07-16T13:29:03.297+0000] {processor.py:829} INFO - Processing file /opt/airflow/dags/DAG 3.py for tasks to queue
[2025-07-16T13:29:03.301+0000] {logging_mixin.py:151} INFO - [2025-07-16T13:29:03.301+0000] {dagbag.py:539} INFO - Filling up the DagBag from /opt/airflow/dags/DAG 3.py
[2025-07-16T13:29:04.516+0000] {processor.py:839} INFO - DAG(s) dict_keys(['Projeto_Joao_Motta']) retrieved from /opt/airflow/dags/DAG 3.py
[2025-07-16T13:29:04.544+0000] {logging_mixin.py:151} INFO - [2025-07-16T13:29:04.544+0000] {dag.py:2915} INFO - Sync 1 DAGs
[2025-07-16T13:29:04.557+0000] {logging_mixin.py:151} INFO - [2025-07-16T13:29:04.557+0000] {dag.py:3696} INFO - Setting next_dagrun for Projeto_Joao_Motta to None, run_after=None
[2025-07-16T13:29:04.587+0000] {processor.py:179} INFO - Processing /opt/airflow/dags/DAG 3.py took 1.297 seconds
[2025-07-16T13:29:34.668+0000] {processor.py:157} INFO - Started process (PID=75) to work on /opt/airflow/dags/DAG 3.py
[2025-07-16T13:29:34.670+0000] {processor.py:829} INFO - Processing file /opt/airflow/dags/DAG 3.py for tasks to queue
[2025-07-16T13:29:34.674+0000] {logging_mixin.py:151} INFO - [2025-07-16T13:29:34.673+0000] {dagbag.py:539} INFO - Filling up the DagBag from /opt/airflow/dags/DAG 3.py
[2025-07-16T13:29:35.897+0000] {processor.py:839} INFO - DAG(s) dict_keys(['Projeto_Joao_Motta']) retrieved from /opt/airflow/dags/DAG 3.py
[2025-07-16T13:29:35.931+0000] {logging_mixin.py:151} INFO - [2025-07-16T13:29:35.930+0000] {dag.py:2915} INFO - Sync 1 DAGs
[2025-07-16T13:29:35.948+0000] {logging_mixin.py:151} INFO - [2025-07-16T13:29:35.948+0000] {dag.py:3696} INFO - Setting next_dagrun for Projeto_Joao_Motta to None, run_after=None
[2025-07-16T13:29:35.977+0000] {processor.py:179} INFO - Processing /opt/airflow/dags/DAG 3.py took 1.314 seconds
[2025-07-16T13:30:06.131+0000] {processor.py:157} INFO - Started process (PID=80) to work on /opt/airflow/dags/DAG 3.py
[2025-07-16T13:30:06.133+0000] {processor.py:829} INFO - Processing file /opt/airflow/dags/DAG 3.py for tasks to queue
[2025-07-16T13:30:06.139+0000] {logging_mixin.py:151} INFO - [2025-07-16T13:30:06.138+0000] {dagbag.py:539} INFO - Filling up the DagBag from /opt/airflow/dags/DAG 3.py
[2025-07-16T13:30:07.807+0000] {processor.py:839} INFO - DAG(s) dict_keys(['Projeto_Joao_Motta']) retrieved from /opt/airflow/dags/DAG 3.py
[2025-07-16T13:30:07.836+0000] {logging_mixin.py:151} INFO - [2025-07-16T13:30:07.836+0000] {dag.py:2915} INFO - Sync 1 DAGs
[2025-07-16T13:30:07.849+0000] {logging_mixin.py:151} INFO - [2025-07-16T13:30:07.849+0000] {dag.py:3696} INFO - Setting next_dagrun for Projeto_Joao_Motta to None, run_after=None
[2025-07-16T13:30:07.876+0000] {processor.py:179} INFO - Processing /opt/airflow/dags/DAG 3.py took 1.753 seconds
[2025-07-16T13:30:38.373+0000] {processor.py:157} INFO - Started process (PID=85) to work on /opt/airflow/dags/DAG 3.py
[2025-07-16T13:30:38.375+0000] {processor.py:829} INFO - Processing file /opt/airflow/dags/DAG 3.py for tasks to queue
[2025-07-16T13:30:38.379+0000] {logging_mixin.py:151} INFO - [2025-07-16T13:30:38.379+0000] {dagbag.py:539} INFO - Filling up the DagBag from /opt/airflow/dags/DAG 3.py
[2025-07-16T13:30:39.758+0000] {processor.py:839} INFO - DAG(s) dict_keys(['Projeto_Joao_Motta']) retrieved from /opt/airflow/dags/DAG 3.py
[2025-07-16T13:30:39.787+0000] {logging_mixin.py:151} INFO - [2025-07-16T13:30:39.786+0000] {dag.py:2915} INFO - Sync 1 DAGs
[2025-07-16T13:30:39.800+0000] {logging_mixin.py:151} INFO - [2025-07-16T13:30:39.800+0000] {dag.py:3696} INFO - Setting next_dagrun for Projeto_Joao_Motta to None, run_after=None
[2025-07-16T13:30:39.827+0000] {processor.py:179} INFO - Processing /opt/airflow/dags/DAG 3.py took 1.459 seconds
[2025-07-16T13:31:10.399+0000] {processor.py:157} INFO - Started process (PID=90) to work on /opt/airflow/dags/DAG 3.py
[2025-07-16T13:31:10.401+0000] {processor.py:829} INFO - Processing file /opt/airflow/dags/DAG 3.py for tasks to queue
[2025-07-16T13:31:10.405+0000] {logging_mixin.py:151} INFO - [2025-07-16T13:31:10.405+0000] {dagbag.py:539} INFO - Filling up the DagBag from /opt/airflow/dags/DAG 3.py
[2025-07-16T13:31:11.638+0000] {processor.py:839} INFO - DAG(s) dict_keys(['Projeto_Joao_Motta']) retrieved from /opt/airflow/dags/DAG 3.py
[2025-07-16T13:31:11.668+0000] {logging_mixin.py:151} INFO - [2025-07-16T13:31:11.667+0000] {dag.py:2915} INFO - Sync 1 DAGs
[2025-07-16T13:31:11.680+0000] {logging_mixin.py:151} INFO - [2025-07-16T13:31:11.680+0000] {dag.py:3696} INFO - Setting next_dagrun for Projeto_Joao_Motta to None, run_after=None
[2025-07-16T13:31:11.713+0000] {processor.py:179} INFO - Processing /opt/airflow/dags/DAG 3.py took 1.318 seconds
[2025-07-16T13:31:41.837+0000] {processor.py:157} INFO - Started process (PID=95) to work on /opt/airflow/dags/DAG 3.py
[2025-07-16T13:31:41.839+0000] {processor.py:829} INFO - Processing file /opt/airflow/dags/DAG 3.py for tasks to queue
[2025-07-16T13:31:41.843+0000] {logging_mixin.py:151} INFO - [2025-07-16T13:31:41.843+0000] {dagbag.py:539} INFO - Filling up the DagBag from /opt/airflow/dags/DAG 3.py
[2025-07-16T13:31:43.059+0000] {processor.py:839} INFO - DAG(s) dict_keys(['Projeto_Joao_Motta']) retrieved from /opt/airflow/dags/DAG 3.py
[2025-07-16T13:31:43.086+0000] {logging_mixin.py:151} INFO - [2025-07-16T13:31:43.086+0000] {dag.py:2915} INFO - Sync 1 DAGs
[2025-07-16T13:31:43.100+0000] {logging_mixin.py:151} INFO - [2025-07-16T13:31:43.100+0000] {dag.py:3696} INFO - Setting next_dagrun for Projeto_Joao_Motta to None, run_after=None
[2025-07-16T13:31:43.129+0000] {processor.py:179} INFO - Processing /opt/airflow/dags/DAG 3.py took 1.299 seconds
[2025-07-16T13:32:13.250+0000] {processor.py:157} INFO - Started process (PID=100) to work on /opt/airflow/dags/DAG 3.py
[2025-07-16T13:32:13.252+0000] {processor.py:829} INFO - Processing file /opt/airflow/dags/DAG 3.py for tasks to queue
[2025-07-16T13:32:13.256+0000] {logging_mixin.py:151} INFO - [2025-07-16T13:32:13.256+0000] {dagbag.py:539} INFO - Filling up the DagBag from /opt/airflow/dags/DAG 3.py
[2025-07-16T13:32:14.509+0000] {processor.py:839} INFO - DAG(s) dict_keys(['Projeto_Joao_Motta']) retrieved from /opt/airflow/dags/DAG 3.py
[2025-07-16T13:32:14.539+0000] {logging_mixin.py:151} INFO - [2025-07-16T13:32:14.538+0000] {dag.py:2915} INFO - Sync 1 DAGs
[2025-07-16T13:32:14.556+0000] {logging_mixin.py:151} INFO - [2025-07-16T13:32:14.556+0000] {dag.py:3696} INFO - Setting next_dagrun for Projeto_Joao_Motta to None, run_after=None
[2025-07-16T13:32:14.585+0000] {processor.py:179} INFO - Processing /opt/airflow/dags/DAG 3.py took 1.340 seconds
[2025-07-16T13:32:44.999+0000] {processor.py:157} INFO - Started process (PID=105) to work on /opt/airflow/dags/DAG 3.py
[2025-07-16T13:32:45.001+0000] {processor.py:829} INFO - Processing file /opt/airflow/dags/DAG 3.py for tasks to queue
[2025-07-16T13:32:45.006+0000] {logging_mixin.py:151} INFO - [2025-07-16T13:32:45.005+0000] {dagbag.py:539} INFO - Filling up the DagBag from /opt/airflow/dags/DAG 3.py
[2025-07-16T13:32:46.481+0000] {processor.py:839} INFO - DAG(s) dict_keys(['Projeto_Joao_Motta']) retrieved from /opt/airflow/dags/DAG 3.py
[2025-07-16T13:32:46.567+0000] {logging_mixin.py:151} INFO - [2025-07-16T13:32:46.566+0000] {dag.py:2915} INFO - Sync 1 DAGs
[2025-07-16T13:32:46.595+0000] {logging_mixin.py:151} INFO - [2025-07-16T13:32:46.595+0000] {dag.py:3696} INFO - Setting next_dagrun for Projeto_Joao_Motta to None, run_after=None
[2025-07-16T13:32:46.640+0000] {processor.py:179} INFO - Processing /opt/airflow/dags/DAG 3.py took 1.645 seconds
[2025-07-16T13:33:17.128+0000] {processor.py:157} INFO - Started process (PID=110) to work on /opt/airflow/dags/DAG 3.py
[2025-07-16T13:33:17.130+0000] {processor.py:829} INFO - Processing file /opt/airflow/dags/DAG 3.py for tasks to queue
[2025-07-16T13:33:17.134+0000] {logging_mixin.py:151} INFO - [2025-07-16T13:33:17.134+0000] {dagbag.py:539} INFO - Filling up the DagBag from /opt/airflow/dags/DAG 3.py
[2025-07-16T13:33:18.406+0000] {processor.py:839} INFO - DAG(s) dict_keys(['Projeto_Joao_Motta']) retrieved from /opt/airflow/dags/DAG 3.py
[2025-07-16T13:33:18.443+0000] {logging_mixin.py:151} INFO - [2025-07-16T13:33:18.442+0000] {dag.py:2915} INFO - Sync 1 DAGs
[2025-07-16T13:33:18.456+0000] {logging_mixin.py:151} INFO - [2025-07-16T13:33:18.456+0000] {dag.py:3696} INFO - Setting next_dagrun for Projeto_Joao_Motta to None, run_after=None
[2025-07-16T13:33:18.484+0000] {processor.py:179} INFO - Processing /opt/airflow/dags/DAG 3.py took 1.361 seconds
[2025-07-16T13:33:48.716+0000] {processor.py:157} INFO - Started process (PID=115) to work on /opt/airflow/dags/DAG 3.py
[2025-07-16T13:33:48.718+0000] {processor.py:829} INFO - Processing file /opt/airflow/dags/DAG 3.py for tasks to queue
[2025-07-16T13:33:48.722+0000] {logging_mixin.py:151} INFO - [2025-07-16T13:33:48.722+0000] {dagbag.py:539} INFO - Filling up the DagBag from /opt/airflow/dags/DAG 3.py
[2025-07-16T13:33:50.075+0000] {processor.py:839} INFO - DAG(s) dict_keys(['Projeto_Joao_Motta']) retrieved from /opt/airflow/dags/DAG 3.py
[2025-07-16T13:33:50.103+0000] {logging_mixin.py:151} INFO - [2025-07-16T13:33:50.103+0000] {dag.py:2915} INFO - Sync 1 DAGs
[2025-07-16T13:33:50.118+0000] {logging_mixin.py:151} INFO - [2025-07-16T13:33:50.117+0000] {dag.py:3696} INFO - Setting next_dagrun for Projeto_Joao_Motta to None, run_after=None
[2025-07-16T13:33:50.147+0000] {processor.py:179} INFO - Processing /opt/airflow/dags/DAG 3.py took 1.449 seconds
[2025-07-16T13:34:20.372+0000] {processor.py:157} INFO - Started process (PID=120) to work on /opt/airflow/dags/DAG 3.py
[2025-07-16T13:34:20.374+0000] {processor.py:829} INFO - Processing file /opt/airflow/dags/DAG 3.py for tasks to queue
[2025-07-16T13:34:20.378+0000] {logging_mixin.py:151} INFO - [2025-07-16T13:34:20.377+0000] {dagbag.py:539} INFO - Filling up the DagBag from /opt/airflow/dags/DAG 3.py
[2025-07-16T13:34:21.669+0000] {processor.py:839} INFO - DAG(s) dict_keys(['Projeto_Joao_Motta']) retrieved from /opt/airflow/dags/DAG 3.py
[2025-07-16T13:34:21.707+0000] {logging_mixin.py:151} INFO - [2025-07-16T13:34:21.706+0000] {dag.py:2915} INFO - Sync 1 DAGs
[2025-07-16T13:34:21.723+0000] {logging_mixin.py:151} INFO - [2025-07-16T13:34:21.723+0000] {dag.py:3696} INFO - Setting next_dagrun for Projeto_Joao_Motta to None, run_after=None
[2025-07-16T13:34:21.771+0000] {processor.py:179} INFO - Processing /opt/airflow/dags/DAG 3.py took 1.405 seconds
[2025-07-16T13:34:52.077+0000] {processor.py:157} INFO - Started process (PID=125) to work on /opt/airflow/dags/DAG 3.py
[2025-07-16T13:34:52.079+0000] {processor.py:829} INFO - Processing file /opt/airflow/dags/DAG 3.py for tasks to queue
[2025-07-16T13:34:52.083+0000] {logging_mixin.py:151} INFO - [2025-07-16T13:34:52.082+0000] {dagbag.py:539} INFO - Filling up the DagBag from /opt/airflow/dags/DAG 3.py
[2025-07-16T13:34:53.478+0000] {processor.py:839} INFO - DAG(s) dict_keys(['Projeto_Joao_Motta']) retrieved from /opt/airflow/dags/DAG 3.py
[2025-07-16T13:34:53.508+0000] {logging_mixin.py:151} INFO - [2025-07-16T13:34:53.507+0000] {dag.py:2915} INFO - Sync 1 DAGs
[2025-07-16T13:34:53.521+0000] {logging_mixin.py:151} INFO - [2025-07-16T13:34:53.520+0000] {dag.py:3696} INFO - Setting next_dagrun for Projeto_Joao_Motta to None, run_after=None
[2025-07-16T13:34:53.550+0000] {processor.py:179} INFO - Processing /opt/airflow/dags/DAG 3.py took 1.478 seconds
[2025-07-16T13:35:23.696+0000] {processor.py:157} INFO - Started process (PID=130) to work on /opt/airflow/dags/DAG 3.py
[2025-07-16T13:35:23.698+0000] {processor.py:829} INFO - Processing file /opt/airflow/dags/DAG 3.py for tasks to queue
[2025-07-16T13:35:23.704+0000] {logging_mixin.py:151} INFO - [2025-07-16T13:35:23.703+0000] {dagbag.py:539} INFO - Filling up the DagBag from /opt/airflow/dags/DAG 3.py
[2025-07-16T13:35:25.910+0000] {processor.py:839} INFO - DAG(s) dict_keys(['Projeto_Joao_Motta']) retrieved from /opt/airflow/dags/DAG 3.py
[2025-07-16T13:35:25.950+0000] {logging_mixin.py:151} INFO - [2025-07-16T13:35:25.949+0000] {dag.py:2915} INFO - Sync 1 DAGs
[2025-07-16T13:35:25.972+0000] {logging_mixin.py:151} INFO - [2025-07-16T13:35:25.972+0000] {dag.py:3696} INFO - Setting next_dagrun for Projeto_Joao_Motta to None, run_after=None
[2025-07-16T13:35:26.006+0000] {processor.py:179} INFO - Processing /opt/airflow/dags/DAG 3.py took 2.320 seconds
[2025-07-16T13:35:56.398+0000] {processor.py:157} INFO - Started process (PID=135) to work on /opt/airflow/dags/DAG 3.py
[2025-07-16T13:35:56.400+0000] {processor.py:829} INFO - Processing file /opt/airflow/dags/DAG 3.py for tasks to queue
[2025-07-16T13:35:56.404+0000] {logging_mixin.py:151} INFO - [2025-07-16T13:35:56.404+0000] {dagbag.py:539} INFO - Filling up the DagBag from /opt/airflow/dags/DAG 3.py
[2025-07-16T13:35:58.017+0000] {processor.py:839} INFO - DAG(s) dict_keys(['Projeto_Joao_Motta']) retrieved from /opt/airflow/dags/DAG 3.py
[2025-07-16T13:35:58.048+0000] {logging_mixin.py:151} INFO - [2025-07-16T13:35:58.048+0000] {dag.py:2915} INFO - Sync 1 DAGs
[2025-07-16T13:35:58.063+0000] {logging_mixin.py:151} INFO - [2025-07-16T13:35:58.063+0000] {dag.py:3696} INFO - Setting next_dagrun for Projeto_Joao_Motta to None, run_after=None
[2025-07-16T13:35:58.095+0000] {processor.py:179} INFO - Processing /opt/airflow/dags/DAG 3.py took 1.702 seconds
[2025-07-16T13:36:28.491+0000] {processor.py:157} INFO - Started process (PID=140) to work on /opt/airflow/dags/DAG 3.py
[2025-07-16T13:36:28.496+0000] {processor.py:829} INFO - Processing file /opt/airflow/dags/DAG 3.py for tasks to queue
[2025-07-16T13:36:28.500+0000] {logging_mixin.py:151} INFO - [2025-07-16T13:36:28.499+0000] {dagbag.py:539} INFO - Filling up the DagBag from /opt/airflow/dags/DAG 3.py
[2025-07-16T13:36:30.250+0000] {processor.py:839} INFO - DAG(s) dict_keys(['Projeto_Joao_Motta']) retrieved from /opt/airflow/dags/DAG 3.py
[2025-07-16T13:36:30.288+0000] {logging_mixin.py:151} INFO - [2025-07-16T13:36:30.287+0000] {dag.py:2915} INFO - Sync 1 DAGs
[2025-07-16T13:36:30.301+0000] {logging_mixin.py:151} INFO - [2025-07-16T13:36:30.300+0000] {dag.py:3696} INFO - Setting next_dagrun for Projeto_Joao_Motta to None, run_after=None
[2025-07-16T13:36:30.329+0000] {processor.py:179} INFO - Processing /opt/airflow/dags/DAG 3.py took 1.845 seconds
[2025-07-16T13:37:00.877+0000] {processor.py:157} INFO - Started process (PID=145) to work on /opt/airflow/dags/DAG 3.py
[2025-07-16T13:37:00.880+0000] {processor.py:829} INFO - Processing file /opt/airflow/dags/DAG 3.py for tasks to queue
[2025-07-16T13:37:00.884+0000] {logging_mixin.py:151} INFO - [2025-07-16T13:37:00.883+0000] {dagbag.py:539} INFO - Filling up the DagBag from /opt/airflow/dags/DAG 3.py
[2025-07-16T13:37:02.464+0000] {processor.py:839} INFO - DAG(s) dict_keys(['Projeto_Joao_Motta']) retrieved from /opt/airflow/dags/DAG 3.py
[2025-07-16T13:37:02.502+0000] {logging_mixin.py:151} INFO - [2025-07-16T13:37:02.501+0000] {dag.py:2915} INFO - Sync 1 DAGs
[2025-07-16T13:37:02.522+0000] {logging_mixin.py:151} INFO - [2025-07-16T13:37:02.522+0000] {dag.py:3696} INFO - Setting next_dagrun for Projeto_Joao_Motta to None, run_after=None
[2025-07-16T13:37:02.551+0000] {processor.py:179} INFO - Processing /opt/airflow/dags/DAG 3.py took 1.680 seconds
[2025-07-16T13:37:33.037+0000] {processor.py:157} INFO - Started process (PID=150) to work on /opt/airflow/dags/DAG 3.py
[2025-07-16T13:37:33.039+0000] {processor.py:829} INFO - Processing file /opt/airflow/dags/DAG 3.py for tasks to queue
[2025-07-16T13:37:33.043+0000] {logging_mixin.py:151} INFO - [2025-07-16T13:37:33.043+0000] {dagbag.py:539} INFO - Filling up the DagBag from /opt/airflow/dags/DAG 3.py
[2025-07-16T13:37:34.637+0000] {processor.py:839} INFO - DAG(s) dict_keys(['Projeto_Joao_Motta']) retrieved from /opt/airflow/dags/DAG 3.py
[2025-07-16T13:37:34.667+0000] {logging_mixin.py:151} INFO - [2025-07-16T13:37:34.666+0000] {dag.py:2915} INFO - Sync 1 DAGs
[2025-07-16T13:37:34.680+0000] {logging_mixin.py:151} INFO - [2025-07-16T13:37:34.680+0000] {dag.py:3696} INFO - Setting next_dagrun for Projeto_Joao_Motta to None, run_after=None
[2025-07-16T13:37:34.710+0000] {processor.py:179} INFO - Processing /opt/airflow/dags/DAG 3.py took 1.678 seconds
[2025-07-16T13:38:04.944+0000] {processor.py:157} INFO - Started process (PID=155) to work on /opt/airflow/dags/DAG 3.py
[2025-07-16T13:38:04.946+0000] {processor.py:829} INFO - Processing file /opt/airflow/dags/DAG 3.py for tasks to queue
[2025-07-16T13:38:04.950+0000] {logging_mixin.py:151} INFO - [2025-07-16T13:38:04.950+0000] {dagbag.py:539} INFO - Filling up the DagBag from /opt/airflow/dags/DAG 3.py
[2025-07-16T13:38:06.230+0000] {processor.py:839} INFO - DAG(s) dict_keys(['Projeto_Joao_Motta']) retrieved from /opt/airflow/dags/DAG 3.py
[2025-07-16T13:38:06.284+0000] {logging_mixin.py:151} INFO - [2025-07-16T13:38:06.283+0000] {dag.py:2915} INFO - Sync 1 DAGs
[2025-07-16T13:38:06.309+0000] {logging_mixin.py:151} INFO - [2025-07-16T13:38:06.309+0000] {dag.py:3696} INFO - Setting next_dagrun for Projeto_Joao_Motta to None, run_after=None
[2025-07-16T13:38:06.358+0000] {processor.py:179} INFO - Processing /opt/airflow/dags/DAG 3.py took 1.419 seconds
[2025-07-16T13:38:36.506+0000] {processor.py:157} INFO - Started process (PID=160) to work on /opt/airflow/dags/DAG 3.py
[2025-07-16T13:38:36.509+0000] {processor.py:829} INFO - Processing file /opt/airflow/dags/DAG 3.py for tasks to queue
[2025-07-16T13:38:36.513+0000] {logging_mixin.py:151} INFO - [2025-07-16T13:38:36.513+0000] {dagbag.py:539} INFO - Filling up the DagBag from /opt/airflow/dags/DAG 3.py
[2025-07-16T13:38:38.623+0000] {processor.py:839} INFO - DAG(s) dict_keys(['Projeto_Joao_Motta']) retrieved from /opt/airflow/dags/DAG 3.py
[2025-07-16T13:38:38.652+0000] {logging_mixin.py:151} INFO - [2025-07-16T13:38:38.652+0000] {dag.py:2915} INFO - Sync 1 DAGs
[2025-07-16T13:38:38.667+0000] {logging_mixin.py:151} INFO - [2025-07-16T13:38:38.667+0000] {dag.py:3696} INFO - Setting next_dagrun for Projeto_Joao_Motta to None, run_after=None
[2025-07-16T13:38:38.698+0000] {processor.py:179} INFO - Processing /opt/airflow/dags/DAG 3.py took 2.199 seconds
[2025-07-16T13:39:09.203+0000] {processor.py:157} INFO - Started process (PID=165) to work on /opt/airflow/dags/DAG 3.py
[2025-07-16T13:39:09.205+0000] {processor.py:829} INFO - Processing file /opt/airflow/dags/DAG 3.py for tasks to queue
[2025-07-16T13:39:09.209+0000] {logging_mixin.py:151} INFO - [2025-07-16T13:39:09.209+0000] {dagbag.py:539} INFO - Filling up the DagBag from /opt/airflow/dags/DAG 3.py
[2025-07-16T13:39:11.048+0000] {processor.py:839} INFO - DAG(s) dict_keys(['Projeto_Joao_Motta']) retrieved from /opt/airflow/dags/DAG 3.py
[2025-07-16T13:39:11.091+0000] {logging_mixin.py:151} INFO - [2025-07-16T13:39:11.091+0000] {dag.py:2915} INFO - Sync 1 DAGs
[2025-07-16T13:39:11.105+0000] {logging_mixin.py:151} INFO - [2025-07-16T13:39:11.104+0000] {dag.py:3696} INFO - Setting next_dagrun for Projeto_Joao_Motta to None, run_after=None
[2025-07-16T13:39:11.128+0000] {processor.py:179} INFO - Processing /opt/airflow/dags/DAG 3.py took 1.929 seconds
[2025-07-16T13:39:41.679+0000] {processor.py:157} INFO - Started process (PID=170) to work on /opt/airflow/dags/DAG 3.py
[2025-07-16T13:39:41.681+0000] {processor.py:829} INFO - Processing file /opt/airflow/dags/DAG 3.py for tasks to queue
[2025-07-16T13:39:41.685+0000] {logging_mixin.py:151} INFO - [2025-07-16T13:39:41.684+0000] {dagbag.py:539} INFO - Filling up the DagBag from /opt/airflow/dags/DAG 3.py
[2025-07-16T13:39:43.010+0000] {processor.py:839} INFO - DAG(s) dict_keys(['Projeto_Joao_Motta']) retrieved from /opt/airflow/dags/DAG 3.py
[2025-07-16T13:39:43.040+0000] {logging_mixin.py:151} INFO - [2025-07-16T13:39:43.040+0000] {dag.py:2915} INFO - Sync 1 DAGs
[2025-07-16T13:39:43.056+0000] {logging_mixin.py:151} INFO - [2025-07-16T13:39:43.055+0000] {dag.py:3696} INFO - Setting next_dagrun for Projeto_Joao_Motta to None, run_after=None
[2025-07-16T13:39:43.085+0000] {processor.py:179} INFO - Processing /opt/airflow/dags/DAG 3.py took 1.410 seconds
[2025-07-16T13:40:13.559+0000] {processor.py:157} INFO - Started process (PID=175) to work on /opt/airflow/dags/DAG 3.py
[2025-07-16T13:40:13.561+0000] {processor.py:829} INFO - Processing file /opt/airflow/dags/DAG 3.py for tasks to queue
[2025-07-16T13:40:13.566+0000] {logging_mixin.py:151} INFO - [2025-07-16T13:40:13.565+0000] {dagbag.py:539} INFO - Filling up the DagBag from /opt/airflow/dags/DAG 3.py
[2025-07-16T13:40:15.154+0000] {processor.py:839} INFO - DAG(s) dict_keys(['Projeto_Joao_Motta']) retrieved from /opt/airflow/dags/DAG 3.py
[2025-07-16T13:40:15.192+0000] {logging_mixin.py:151} INFO - [2025-07-16T13:40:15.192+0000] {dag.py:2915} INFO - Sync 1 DAGs
[2025-07-16T13:40:15.210+0000] {logging_mixin.py:151} INFO - [2025-07-16T13:40:15.210+0000] {dag.py:3696} INFO - Setting next_dagrun for Projeto_Joao_Motta to None, run_after=None
[2025-07-16T13:40:15.236+0000] {processor.py:179} INFO - Processing /opt/airflow/dags/DAG 3.py took 1.685 seconds
[2025-07-16T13:40:45.556+0000] {processor.py:157} INFO - Started process (PID=180) to work on /opt/airflow/dags/DAG 3.py
[2025-07-16T13:40:45.558+0000] {processor.py:829} INFO - Processing file /opt/airflow/dags/DAG 3.py for tasks to queue
[2025-07-16T13:40:45.562+0000] {logging_mixin.py:151} INFO - [2025-07-16T13:40:45.561+0000] {dagbag.py:539} INFO - Filling up the DagBag from /opt/airflow/dags/DAG 3.py
[2025-07-16T13:40:47.634+0000] {processor.py:839} INFO - DAG(s) dict_keys(['Projeto_Joao_Motta']) retrieved from /opt/airflow/dags/DAG 3.py
[2025-07-16T13:40:47.667+0000] {logging_mixin.py:151} INFO - [2025-07-16T13:40:47.667+0000] {dag.py:2915} INFO - Sync 1 DAGs
[2025-07-16T13:40:47.689+0000] {logging_mixin.py:151} INFO - [2025-07-16T13:40:47.689+0000] {dag.py:3696} INFO - Setting next_dagrun for Projeto_Joao_Motta to None, run_after=None
[2025-07-16T13:40:47.721+0000] {processor.py:179} INFO - Processing /opt/airflow/dags/DAG 3.py took 2.172 seconds
[2025-07-16T13:42:49.618+0000] {processor.py:157} INFO - Started process (PID=25) to work on /opt/airflow/dags/DAG 3.py
[2025-07-16T13:42:49.620+0000] {processor.py:829} INFO - Processing file /opt/airflow/dags/DAG 3.py for tasks to queue
[2025-07-16T13:42:49.627+0000] {logging_mixin.py:151} INFO - [2025-07-16T13:42:49.626+0000] {dagbag.py:539} INFO - Filling up the DagBag from /opt/airflow/dags/DAG 3.py
[2025-07-16T13:42:54.606+0000] {processor.py:839} INFO - DAG(s) dict_keys(['Projeto_Joao_Motta']) retrieved from /opt/airflow/dags/DAG 3.py
[2025-07-16T13:42:55.932+0000] {logging_mixin.py:151} INFO - [2025-07-16T13:42:55.932+0000] {manager.py:499} INFO - Created Permission View: %s
[2025-07-16T13:42:55.992+0000] {logging_mixin.py:151} INFO - [2025-07-16T13:42:55.991+0000] {manager.py:499} INFO - Created Permission View: %s
[2025-07-16T13:42:56.034+0000] {logging_mixin.py:151} INFO - [2025-07-16T13:42:56.034+0000] {manager.py:499} INFO - Created Permission View: %s
[2025-07-16T13:42:56.042+0000] {logging_mixin.py:151} INFO - [2025-07-16T13:42:56.040+0000] {security.py:708} INFO - Not syncing DAG-level permissions for DAG 'DAG:Projeto_Joao_Motta' as access control is unset.
[2025-07-16T13:42:56.056+0000] {logging_mixin.py:151} INFO - [2025-07-16T13:42:56.043+0000] {dag.py:2915} INFO - Sync 1 DAGs
[2025-07-16T13:42:56.152+0000] {logging_mixin.py:151} INFO - [2025-07-16T13:42:56.141+0000] {dag.py:2937} INFO - Creating ORM DAG for Projeto_Joao_Motta
[2025-07-16T13:42:56.155+0000] {logging_mixin.py:151} INFO - [2025-07-16T13:42:56.155+0000] {dag.py:3696} INFO - Setting next_dagrun for Projeto_Joao_Motta to None, run_after=None
[2025-07-16T13:42:56.254+0000] {processor.py:179} INFO - Processing /opt/airflow/dags/DAG 3.py took 6.650 seconds
[2025-07-16T13:43:26.906+0000] {processor.py:157} INFO - Started process (PID=30) to work on /opt/airflow/dags/DAG 3.py
[2025-07-16T13:43:26.917+0000] {processor.py:829} INFO - Processing file /opt/airflow/dags/DAG 3.py for tasks to queue
[2025-07-16T13:43:26.922+0000] {logging_mixin.py:151} INFO - [2025-07-16T13:43:26.922+0000] {dagbag.py:539} INFO - Filling up the DagBag from /opt/airflow/dags/DAG 3.py
[2025-07-16T13:43:30.059+0000] {processor.py:839} INFO - DAG(s) dict_keys(['Projeto_Joao_Motta']) retrieved from /opt/airflow/dags/DAG 3.py
[2025-07-16T13:43:30.135+0000] {logging_mixin.py:151} INFO - [2025-07-16T13:43:30.134+0000] {dag.py:2915} INFO - Sync 1 DAGs
[2025-07-16T13:43:30.185+0000] {logging_mixin.py:151} INFO - [2025-07-16T13:43:30.185+0000] {dag.py:3696} INFO - Setting next_dagrun for Projeto_Joao_Motta to None, run_after=None
[2025-07-16T13:43:30.239+0000] {processor.py:179} INFO - Processing /opt/airflow/dags/DAG 3.py took 3.341 seconds
[2025-07-16T13:44:00.736+0000] {processor.py:157} INFO - Started process (PID=35) to work on /opt/airflow/dags/DAG 3.py
[2025-07-16T13:44:00.738+0000] {processor.py:829} INFO - Processing file /opt/airflow/dags/DAG 3.py for tasks to queue
[2025-07-16T13:44:00.743+0000] {logging_mixin.py:151} INFO - [2025-07-16T13:44:00.743+0000] {dagbag.py:539} INFO - Filling up the DagBag from /opt/airflow/dags/DAG 3.py
[2025-07-16T13:44:05.286+0000] {processor.py:839} INFO - DAG(s) dict_keys(['Projeto_Joao_Motta']) retrieved from /opt/airflow/dags/DAG 3.py
[2025-07-16T13:44:05.365+0000] {logging_mixin.py:151} INFO - [2025-07-16T13:44:05.364+0000] {dag.py:2915} INFO - Sync 1 DAGs
[2025-07-16T13:44:05.416+0000] {logging_mixin.py:151} INFO - [2025-07-16T13:44:05.416+0000] {dag.py:3696} INFO - Setting next_dagrun for Projeto_Joao_Motta to None, run_after=None
[2025-07-16T13:44:05.465+0000] {processor.py:179} INFO - Processing /opt/airflow/dags/DAG 3.py took 4.740 seconds
[2025-07-16T13:44:35.837+0000] {processor.py:157} INFO - Started process (PID=40) to work on /opt/airflow/dags/DAG 3.py
[2025-07-16T13:44:35.839+0000] {processor.py:829} INFO - Processing file /opt/airflow/dags/DAG 3.py for tasks to queue
[2025-07-16T13:44:35.843+0000] {logging_mixin.py:151} INFO - [2025-07-16T13:44:35.843+0000] {dagbag.py:539} INFO - Filling up the DagBag from /opt/airflow/dags/DAG 3.py
[2025-07-16T13:44:37.223+0000] {processor.py:839} INFO - DAG(s) dict_keys(['Projeto_Joao_Motta']) retrieved from /opt/airflow/dags/DAG 3.py
[2025-07-16T13:44:37.240+0000] {logging_mixin.py:151} INFO - [2025-07-16T13:44:37.238+0000] {dag.py:2915} INFO - Sync 1 DAGs
[2025-07-16T13:44:37.253+0000] {logging_mixin.py:151} INFO - [2025-07-16T13:44:37.253+0000] {dag.py:3696} INFO - Setting next_dagrun for Projeto_Joao_Motta to None, run_after=None
[2025-07-16T13:44:37.284+0000] {processor.py:179} INFO - Processing /opt/airflow/dags/DAG 3.py took 1.452 seconds
[2025-07-16T13:45:07.617+0000] {processor.py:157} INFO - Started process (PID=45) to work on /opt/airflow/dags/DAG 3.py
[2025-07-16T13:45:07.619+0000] {processor.py:829} INFO - Processing file /opt/airflow/dags/DAG 3.py for tasks to queue
[2025-07-16T13:45:07.633+0000] {logging_mixin.py:151} INFO - [2025-07-16T13:45:07.633+0000] {dagbag.py:539} INFO - Filling up the DagBag from /opt/airflow/dags/DAG 3.py
[2025-07-16T13:45:09.442+0000] {processor.py:839} INFO - DAG(s) dict_keys(['Projeto_Joao_Motta']) retrieved from /opt/airflow/dags/DAG 3.py
[2025-07-16T13:45:09.484+0000] {logging_mixin.py:151} INFO - [2025-07-16T13:45:09.483+0000] {dag.py:2915} INFO - Sync 1 DAGs
[2025-07-16T13:45:09.500+0000] {logging_mixin.py:151} INFO - [2025-07-16T13:45:09.500+0000] {dag.py:3696} INFO - Setting next_dagrun for Projeto_Joao_Motta to None, run_after=None
[2025-07-16T13:45:09.529+0000] {processor.py:179} INFO - Processing /opt/airflow/dags/DAG 3.py took 1.920 seconds
[2025-07-16T13:45:40.005+0000] {processor.py:157} INFO - Started process (PID=50) to work on /opt/airflow/dags/DAG 3.py
[2025-07-16T13:45:40.007+0000] {processor.py:829} INFO - Processing file /opt/airflow/dags/DAG 3.py for tasks to queue
[2025-07-16T13:45:40.010+0000] {logging_mixin.py:151} INFO - [2025-07-16T13:45:40.010+0000] {dagbag.py:539} INFO - Filling up the DagBag from /opt/airflow/dags/DAG 3.py
[2025-07-16T13:45:41.374+0000] {processor.py:839} INFO - DAG(s) dict_keys(['Projeto_Joao_Motta']) retrieved from /opt/airflow/dags/DAG 3.py
[2025-07-16T13:45:41.412+0000] {logging_mixin.py:151} INFO - [2025-07-16T13:45:41.412+0000] {dag.py:2915} INFO - Sync 1 DAGs
[2025-07-16T13:45:41.427+0000] {logging_mixin.py:151} INFO - [2025-07-16T13:45:41.427+0000] {dag.py:3696} INFO - Setting next_dagrun for Projeto_Joao_Motta to None, run_after=None
[2025-07-16T13:45:41.473+0000] {processor.py:179} INFO - Processing /opt/airflow/dags/DAG 3.py took 1.473 seconds
[2025-07-16T13:46:11.712+0000] {processor.py:157} INFO - Started process (PID=55) to work on /opt/airflow/dags/DAG 3.py
[2025-07-16T13:46:11.715+0000] {processor.py:829} INFO - Processing file /opt/airflow/dags/DAG 3.py for tasks to queue
[2025-07-16T13:46:11.725+0000] {logging_mixin.py:151} INFO - [2025-07-16T13:46:11.724+0000] {dagbag.py:539} INFO - Filling up the DagBag from /opt/airflow/dags/DAG 3.py
[2025-07-16T13:46:13.586+0000] {processor.py:839} INFO - DAG(s) dict_keys(['Projeto_Joao_Motta']) retrieved from /opt/airflow/dags/DAG 3.py
[2025-07-16T13:46:13.625+0000] {logging_mixin.py:151} INFO - [2025-07-16T13:46:13.624+0000] {dag.py:2915} INFO - Sync 1 DAGs
[2025-07-16T13:46:13.653+0000] {logging_mixin.py:151} INFO - [2025-07-16T13:46:13.653+0000] {dag.py:3696} INFO - Setting next_dagrun for Projeto_Joao_Motta to None, run_after=None
[2025-07-16T13:46:13.706+0000] {processor.py:179} INFO - Processing /opt/airflow/dags/DAG 3.py took 2.005 seconds
[2025-07-16T13:46:44.256+0000] {processor.py:157} INFO - Started process (PID=60) to work on /opt/airflow/dags/DAG 3.py
[2025-07-16T13:46:44.259+0000] {processor.py:829} INFO - Processing file /opt/airflow/dags/DAG 3.py for tasks to queue
[2025-07-16T13:46:44.274+0000] {logging_mixin.py:151} INFO - [2025-07-16T13:46:44.273+0000] {dagbag.py:539} INFO - Filling up the DagBag from /opt/airflow/dags/DAG 3.py
[2025-07-16T13:46:46.158+0000] {processor.py:839} INFO - DAG(s) dict_keys(['Projeto_Joao_Motta']) retrieved from /opt/airflow/dags/DAG 3.py
[2025-07-16T13:46:46.196+0000] {logging_mixin.py:151} INFO - [2025-07-16T13:46:46.195+0000] {dag.py:2915} INFO - Sync 1 DAGs
[2025-07-16T13:46:46.222+0000] {logging_mixin.py:151} INFO - [2025-07-16T13:46:46.222+0000] {dag.py:3696} INFO - Setting next_dagrun for Projeto_Joao_Motta to None, run_after=None
[2025-07-16T13:46:46.252+0000] {processor.py:179} INFO - Processing /opt/airflow/dags/DAG 3.py took 2.014 seconds
[2025-07-16T13:47:16.699+0000] {processor.py:157} INFO - Started process (PID=65) to work on /opt/airflow/dags/DAG 3.py
[2025-07-16T13:47:16.701+0000] {processor.py:829} INFO - Processing file /opt/airflow/dags/DAG 3.py for tasks to queue
[2025-07-16T13:47:16.704+0000] {logging_mixin.py:151} INFO - [2025-07-16T13:47:16.704+0000] {dagbag.py:539} INFO - Filling up the DagBag from /opt/airflow/dags/DAG 3.py
[2025-07-16T13:47:18.309+0000] {processor.py:839} INFO - DAG(s) dict_keys(['Projeto_Joao_Motta']) retrieved from /opt/airflow/dags/DAG 3.py
[2025-07-16T13:47:18.346+0000] {logging_mixin.py:151} INFO - [2025-07-16T13:47:18.346+0000] {dag.py:2915} INFO - Sync 1 DAGs
[2025-07-16T13:47:18.363+0000] {logging_mixin.py:151} INFO - [2025-07-16T13:47:18.363+0000] {dag.py:3696} INFO - Setting next_dagrun for Projeto_Joao_Motta to None, run_after=None
[2025-07-16T13:47:18.415+0000] {processor.py:179} INFO - Processing /opt/airflow/dags/DAG 3.py took 1.722 seconds
[2025-07-16T13:47:48.792+0000] {processor.py:157} INFO - Started process (PID=70) to work on /opt/airflow/dags/DAG 3.py
[2025-07-16T13:47:48.794+0000] {processor.py:829} INFO - Processing file /opt/airflow/dags/DAG 3.py for tasks to queue
[2025-07-16T13:47:48.799+0000] {logging_mixin.py:151} INFO - [2025-07-16T13:47:48.798+0000] {dagbag.py:539} INFO - Filling up the DagBag from /opt/airflow/dags/DAG 3.py
[2025-07-16T13:47:50.141+0000] {processor.py:839} INFO - DAG(s) dict_keys(['Projeto_Joao_Motta']) retrieved from /opt/airflow/dags/DAG 3.py
[2025-07-16T13:47:50.172+0000] {logging_mixin.py:151} INFO - [2025-07-16T13:47:50.172+0000] {dag.py:2915} INFO - Sync 1 DAGs
[2025-07-16T13:47:50.186+0000] {logging_mixin.py:151} INFO - [2025-07-16T13:47:50.186+0000] {dag.py:3696} INFO - Setting next_dagrun for Projeto_Joao_Motta to None, run_after=None
[2025-07-16T13:47:50.214+0000] {processor.py:179} INFO - Processing /opt/airflow/dags/DAG 3.py took 1.428 seconds
[2025-07-16T13:48:20.431+0000] {processor.py:157} INFO - Started process (PID=75) to work on /opt/airflow/dags/DAG 3.py
[2025-07-16T13:48:20.433+0000] {processor.py:829} INFO - Processing file /opt/airflow/dags/DAG 3.py for tasks to queue
[2025-07-16T13:48:20.437+0000] {logging_mixin.py:151} INFO - [2025-07-16T13:48:20.437+0000] {dagbag.py:539} INFO - Filling up the DagBag from /opt/airflow/dags/DAG 3.py
[2025-07-16T13:48:21.962+0000] {processor.py:839} INFO - DAG(s) dict_keys(['Projeto_Joao_Motta']) retrieved from /opt/airflow/dags/DAG 3.py
[2025-07-16T13:48:21.993+0000] {logging_mixin.py:151} INFO - [2025-07-16T13:48:21.992+0000] {dag.py:2915} INFO - Sync 1 DAGs
[2025-07-16T13:48:22.008+0000] {logging_mixin.py:151} INFO - [2025-07-16T13:48:22.008+0000] {dag.py:3696} INFO - Setting next_dagrun for Projeto_Joao_Motta to None, run_after=None
[2025-07-16T13:48:22.033+0000] {processor.py:179} INFO - Processing /opt/airflow/dags/DAG 3.py took 1.607 seconds
[2025-07-16T13:48:52.497+0000] {processor.py:157} INFO - Started process (PID=80) to work on /opt/airflow/dags/DAG 3.py
[2025-07-16T13:48:52.499+0000] {processor.py:829} INFO - Processing file /opt/airflow/dags/DAG 3.py for tasks to queue
[2025-07-16T13:48:52.503+0000] {logging_mixin.py:151} INFO - [2025-07-16T13:48:52.503+0000] {dagbag.py:539} INFO - Filling up the DagBag from /opt/airflow/dags/DAG 3.py
[2025-07-16T13:48:54.256+0000] {processor.py:839} INFO - DAG(s) dict_keys(['Projeto_Joao_Motta']) retrieved from /opt/airflow/dags/DAG 3.py
[2025-07-16T13:48:54.319+0000] {logging_mixin.py:151} INFO - [2025-07-16T13:48:54.315+0000] {dag.py:2915} INFO - Sync 1 DAGs
[2025-07-16T13:48:54.342+0000] {logging_mixin.py:151} INFO - [2025-07-16T13:48:54.342+0000] {dag.py:3696} INFO - Setting next_dagrun for Projeto_Joao_Motta to None, run_after=None
[2025-07-16T13:48:54.372+0000] {processor.py:179} INFO - Processing /opt/airflow/dags/DAG 3.py took 1.892 seconds
[2025-07-16T13:49:24.910+0000] {processor.py:157} INFO - Started process (PID=85) to work on /opt/airflow/dags/DAG 3.py
[2025-07-16T13:49:24.914+0000] {processor.py:829} INFO - Processing file /opt/airflow/dags/DAG 3.py for tasks to queue
[2025-07-16T13:49:24.922+0000] {logging_mixin.py:151} INFO - [2025-07-16T13:49:24.921+0000] {dagbag.py:539} INFO - Filling up the DagBag from /opt/airflow/dags/DAG 3.py
[2025-07-16T13:49:26.360+0000] {processor.py:839} INFO - DAG(s) dict_keys(['Projeto_Joao_Motta']) retrieved from /opt/airflow/dags/DAG 3.py
[2025-07-16T13:49:26.391+0000] {logging_mixin.py:151} INFO - [2025-07-16T13:49:26.390+0000] {dag.py:2915} INFO - Sync 1 DAGs
[2025-07-16T13:49:26.404+0000] {logging_mixin.py:151} INFO - [2025-07-16T13:49:26.404+0000] {dag.py:3696} INFO - Setting next_dagrun for Projeto_Joao_Motta to None, run_after=None
[2025-07-16T13:49:26.431+0000] {processor.py:179} INFO - Processing /opt/airflow/dags/DAG 3.py took 1.528 seconds
[2025-07-16T13:49:56.774+0000] {processor.py:157} INFO - Started process (PID=90) to work on /opt/airflow/dags/DAG 3.py
[2025-07-16T13:49:56.777+0000] {processor.py:829} INFO - Processing file /opt/airflow/dags/DAG 3.py for tasks to queue
[2025-07-16T13:49:56.781+0000] {logging_mixin.py:151} INFO - [2025-07-16T13:49:56.780+0000] {dagbag.py:539} INFO - Filling up the DagBag from /opt/airflow/dags/DAG 3.py
[2025-07-16T13:49:58.080+0000] {processor.py:839} INFO - DAG(s) dict_keys(['Projeto_Joao_Motta']) retrieved from /opt/airflow/dags/DAG 3.py
[2025-07-16T13:49:58.112+0000] {logging_mixin.py:151} INFO - [2025-07-16T13:49:58.111+0000] {dag.py:2915} INFO - Sync 1 DAGs
[2025-07-16T13:49:58.125+0000] {logging_mixin.py:151} INFO - [2025-07-16T13:49:58.125+0000] {dag.py:3696} INFO - Setting next_dagrun for Projeto_Joao_Motta to None, run_after=None
[2025-07-16T13:49:58.156+0000] {processor.py:179} INFO - Processing /opt/airflow/dags/DAG 3.py took 1.391 seconds
[2025-07-16T13:50:28.600+0000] {processor.py:157} INFO - Started process (PID=95) to work on /opt/airflow/dags/DAG 3.py
[2025-07-16T13:50:28.602+0000] {processor.py:829} INFO - Processing file /opt/airflow/dags/DAG 3.py for tasks to queue
[2025-07-16T13:50:28.606+0000] {logging_mixin.py:151} INFO - [2025-07-16T13:50:28.605+0000] {dagbag.py:539} INFO - Filling up the DagBag from /opt/airflow/dags/DAG 3.py
[2025-07-16T13:50:29.957+0000] {processor.py:839} INFO - DAG(s) dict_keys(['Projeto_Joao_Motta']) retrieved from /opt/airflow/dags/DAG 3.py
[2025-07-16T13:50:29.993+0000] {logging_mixin.py:151} INFO - [2025-07-16T13:50:29.993+0000] {dag.py:2915} INFO - Sync 1 DAGs
[2025-07-16T13:50:30.012+0000] {logging_mixin.py:151} INFO - [2025-07-16T13:50:30.012+0000] {dag.py:3696} INFO - Setting next_dagrun for Projeto_Joao_Motta to None, run_after=None
[2025-07-16T13:50:30.047+0000] {processor.py:179} INFO - Processing /opt/airflow/dags/DAG 3.py took 1.453 seconds
[2025-07-16T13:51:00.501+0000] {processor.py:157} INFO - Started process (PID=100) to work on /opt/airflow/dags/DAG 3.py
[2025-07-16T13:51:00.503+0000] {processor.py:829} INFO - Processing file /opt/airflow/dags/DAG 3.py for tasks to queue
[2025-07-16T13:51:00.506+0000] {logging_mixin.py:151} INFO - [2025-07-16T13:51:00.506+0000] {dagbag.py:539} INFO - Filling up the DagBag from /opt/airflow/dags/DAG 3.py
[2025-07-16T13:51:01.928+0000] {processor.py:839} INFO - DAG(s) dict_keys(['Projeto_Joao_Motta']) retrieved from /opt/airflow/dags/DAG 3.py
[2025-07-16T13:51:01.996+0000] {logging_mixin.py:151} INFO - [2025-07-16T13:51:01.995+0000] {dag.py:2915} INFO - Sync 1 DAGs
[2025-07-16T13:51:02.016+0000] {logging_mixin.py:151} INFO - [2025-07-16T13:51:02.016+0000] {dag.py:3696} INFO - Setting next_dagrun for Projeto_Joao_Motta to None, run_after=None
[2025-07-16T13:51:02.044+0000] {processor.py:179} INFO - Processing /opt/airflow/dags/DAG 3.py took 1.548 seconds
[2025-07-16T13:51:32.481+0000] {processor.py:157} INFO - Started process (PID=105) to work on /opt/airflow/dags/DAG 3.py
[2025-07-16T13:51:32.483+0000] {processor.py:829} INFO - Processing file /opt/airflow/dags/DAG 3.py for tasks to queue
[2025-07-16T13:51:32.486+0000] {logging_mixin.py:151} INFO - [2025-07-16T13:51:32.486+0000] {dagbag.py:539} INFO - Filling up the DagBag from /opt/airflow/dags/DAG 3.py
[2025-07-16T13:51:34.340+0000] {processor.py:839} INFO - DAG(s) dict_keys(['Projeto_Joao_Motta']) retrieved from /opt/airflow/dags/DAG 3.py
[2025-07-16T13:51:34.386+0000] {logging_mixin.py:151} INFO - [2025-07-16T13:51:34.385+0000] {dag.py:2915} INFO - Sync 1 DAGs
[2025-07-16T13:51:34.400+0000] {logging_mixin.py:151} INFO - [2025-07-16T13:51:34.400+0000] {dag.py:3696} INFO - Setting next_dagrun for Projeto_Joao_Motta to None, run_after=None
[2025-07-16T13:51:34.454+0000] {processor.py:179} INFO - Processing /opt/airflow/dags/DAG 3.py took 1.978 seconds
[2025-07-16T13:52:04.919+0000] {processor.py:157} INFO - Started process (PID=110) to work on /opt/airflow/dags/DAG 3.py
[2025-07-16T13:52:04.921+0000] {processor.py:829} INFO - Processing file /opt/airflow/dags/DAG 3.py for tasks to queue
[2025-07-16T13:52:04.925+0000] {logging_mixin.py:151} INFO - [2025-07-16T13:52:04.925+0000] {dagbag.py:539} INFO - Filling up the DagBag from /opt/airflow/dags/DAG 3.py
[2025-07-16T13:52:06.877+0000] {processor.py:839} INFO - DAG(s) dict_keys(['Projeto_Joao_Motta']) retrieved from /opt/airflow/dags/DAG 3.py
[2025-07-16T13:52:06.955+0000] {logging_mixin.py:151} INFO - [2025-07-16T13:52:06.949+0000] {dag.py:2915} INFO - Sync 1 DAGs
[2025-07-16T13:52:07.008+0000] {logging_mixin.py:151} INFO - [2025-07-16T13:52:07.008+0000] {dag.py:3696} INFO - Setting next_dagrun for Projeto_Joao_Motta to None, run_after=None
[2025-07-16T13:52:07.051+0000] {processor.py:179} INFO - Processing /opt/airflow/dags/DAG 3.py took 2.137 seconds
[2025-07-16T14:48:18.927+0000] {processor.py:157} INFO - Started process (PID=13) to work on /opt/airflow/dags/DAG 3.py
[2025-07-16T14:48:18.934+0000] {processor.py:829} INFO - Processing file /opt/airflow/dags/DAG 3.py for tasks to queue
[2025-07-16T14:48:18.945+0000] {logging_mixin.py:151} INFO - [2025-07-16T14:48:18.944+0000] {dagbag.py:539} INFO - Filling up the DagBag from /opt/airflow/dags/DAG 3.py
[2025-07-16T14:48:26.224+0000] {processor.py:839} INFO - DAG(s) dict_keys(['Projeto_Joao_Motta']) retrieved from /opt/airflow/dags/DAG 3.py
[2025-07-16T14:48:26.438+0000] {logging_mixin.py:151} INFO - [2025-07-16T14:48:26.435+0000] {dag.py:2915} INFO - Sync 1 DAGs
[2025-07-16T14:48:26.514+0000] {logging_mixin.py:151} INFO - [2025-07-16T14:48:26.513+0000] {dag.py:3696} INFO - Setting next_dagrun for Projeto_Joao_Motta to None, run_after=None
[2025-07-16T14:48:26.630+0000] {processor.py:179} INFO - Processing /opt/airflow/dags/DAG 3.py took 7.723 seconds
[2025-07-16T14:48:57.597+0000] {processor.py:157} INFO - Started process (PID=18) to work on /opt/airflow/dags/DAG 3.py
[2025-07-16T14:48:57.610+0000] {processor.py:829} INFO - Processing file /opt/airflow/dags/DAG 3.py for tasks to queue
[2025-07-16T14:48:57.633+0000] {logging_mixin.py:151} INFO - [2025-07-16T14:48:57.628+0000] {dagbag.py:539} INFO - Filling up the DagBag from /opt/airflow/dags/DAG 3.py
[2025-07-16T14:49:00.787+0000] {processor.py:839} INFO - DAG(s) dict_keys(['Projeto_Joao_Motta']) retrieved from /opt/airflow/dags/DAG 3.py
[2025-07-16T14:49:01.042+0000] {logging_mixin.py:151} INFO - [2025-07-16T14:49:01.041+0000] {dag.py:2915} INFO - Sync 1 DAGs
[2025-07-16T14:49:01.059+0000] {logging_mixin.py:151} INFO - [2025-07-16T14:49:01.059+0000] {dag.py:3696} INFO - Setting next_dagrun for Projeto_Joao_Motta to None, run_after=None
[2025-07-16T14:49:01.090+0000] {processor.py:179} INFO - Processing /opt/airflow/dags/DAG 3.py took 3.599 seconds
[2025-07-16T14:49:31.323+0000] {processor.py:157} INFO - Started process (PID=23) to work on /opt/airflow/dags/DAG 3.py
[2025-07-16T14:49:31.326+0000] {processor.py:829} INFO - Processing file /opt/airflow/dags/DAG 3.py for tasks to queue
[2025-07-16T14:49:31.334+0000] {logging_mixin.py:151} INFO - [2025-07-16T14:49:31.333+0000] {dagbag.py:539} INFO - Filling up the DagBag from /opt/airflow/dags/DAG 3.py
[2025-07-16T14:49:33.269+0000] {processor.py:839} INFO - DAG(s) dict_keys(['Projeto_Joao_Motta']) retrieved from /opt/airflow/dags/DAG 3.py
[2025-07-16T14:49:33.342+0000] {logging_mixin.py:151} INFO - [2025-07-16T14:49:33.340+0000] {dag.py:2915} INFO - Sync 1 DAGs
[2025-07-16T14:49:33.361+0000] {logging_mixin.py:151} INFO - [2025-07-16T14:49:33.360+0000] {dag.py:3696} INFO - Setting next_dagrun for Projeto_Joao_Motta to None, run_after=None
[2025-07-16T14:49:33.401+0000] {processor.py:179} INFO - Processing /opt/airflow/dags/DAG 3.py took 2.090 seconds
[2025-07-16T14:50:03.764+0000] {processor.py:157} INFO - Started process (PID=28) to work on /opt/airflow/dags/DAG 3.py
[2025-07-16T14:50:03.766+0000] {processor.py:829} INFO - Processing file /opt/airflow/dags/DAG 3.py for tasks to queue
[2025-07-16T14:50:03.772+0000] {logging_mixin.py:151} INFO - [2025-07-16T14:50:03.771+0000] {dagbag.py:539} INFO - Filling up the DagBag from /opt/airflow/dags/DAG 3.py
[2025-07-16T14:50:05.236+0000] {processor.py:839} INFO - DAG(s) dict_keys(['Projeto_Joao_Motta']) retrieved from /opt/airflow/dags/DAG 3.py
[2025-07-16T14:50:05.265+0000] {logging_mixin.py:151} INFO - [2025-07-16T14:50:05.264+0000] {dag.py:2915} INFO - Sync 1 DAGs
[2025-07-16T14:50:05.283+0000] {logging_mixin.py:151} INFO - [2025-07-16T14:50:05.282+0000] {dag.py:3696} INFO - Setting next_dagrun for Projeto_Joao_Motta to None, run_after=None
[2025-07-16T14:50:05.314+0000] {processor.py:179} INFO - Processing /opt/airflow/dags/DAG 3.py took 1.556 seconds
[2025-07-16T14:50:35.466+0000] {processor.py:157} INFO - Started process (PID=33) to work on /opt/airflow/dags/DAG 3.py
[2025-07-16T14:50:35.468+0000] {processor.py:829} INFO - Processing file /opt/airflow/dags/DAG 3.py for tasks to queue
[2025-07-16T14:50:35.472+0000] {logging_mixin.py:151} INFO - [2025-07-16T14:50:35.471+0000] {dagbag.py:539} INFO - Filling up the DagBag from /opt/airflow/dags/DAG 3.py
[2025-07-16T14:50:37.932+0000] {processor.py:839} INFO - DAG(s) dict_keys(['Projeto_Joao_Motta']) retrieved from /opt/airflow/dags/DAG 3.py
[2025-07-16T14:50:38.015+0000] {logging_mixin.py:151} INFO - [2025-07-16T14:50:38.010+0000] {dag.py:2915} INFO - Sync 1 DAGs
[2025-07-16T14:50:38.053+0000] {logging_mixin.py:151} INFO - [2025-07-16T14:50:38.052+0000] {dag.py:3696} INFO - Setting next_dagrun for Projeto_Joao_Motta to None, run_after=None
[2025-07-16T14:50:38.148+0000] {processor.py:179} INFO - Processing /opt/airflow/dags/DAG 3.py took 2.687 seconds
[2025-07-16T14:51:08.583+0000] {processor.py:157} INFO - Started process (PID=38) to work on /opt/airflow/dags/DAG 3.py
[2025-07-16T14:51:08.586+0000] {processor.py:829} INFO - Processing file /opt/airflow/dags/DAG 3.py for tasks to queue
[2025-07-16T14:51:08.590+0000] {logging_mixin.py:151} INFO - [2025-07-16T14:51:08.589+0000] {dagbag.py:539} INFO - Filling up the DagBag from /opt/airflow/dags/DAG 3.py
[2025-07-16T14:51:09.821+0000] {processor.py:839} INFO - DAG(s) dict_keys(['Projeto_Joao_Motta']) retrieved from /opt/airflow/dags/DAG 3.py
[2025-07-16T14:51:09.963+0000] {logging_mixin.py:151} INFO - [2025-07-16T14:51:09.963+0000] {dag.py:2915} INFO - Sync 1 DAGs
[2025-07-16T14:51:09.976+0000] {logging_mixin.py:151} INFO - [2025-07-16T14:51:09.976+0000] {dag.py:3696} INFO - Setting next_dagrun for Projeto_Joao_Motta to None, run_after=None
[2025-07-16T14:51:10.004+0000] {processor.py:179} INFO - Processing /opt/airflow/dags/DAG 3.py took 1.427 seconds
[2025-07-16T14:51:40.452+0000] {processor.py:157} INFO - Started process (PID=43) to work on /opt/airflow/dags/DAG 3.py
[2025-07-16T14:51:40.456+0000] {processor.py:829} INFO - Processing file /opt/airflow/dags/DAG 3.py for tasks to queue
[2025-07-16T14:51:40.463+0000] {logging_mixin.py:151} INFO - [2025-07-16T14:51:40.462+0000] {dagbag.py:539} INFO - Filling up the DagBag from /opt/airflow/dags/DAG 3.py
[2025-07-16T14:51:42.059+0000] {processor.py:839} INFO - DAG(s) dict_keys(['Projeto_Joao_Motta']) retrieved from /opt/airflow/dags/DAG 3.py
[2025-07-16T14:51:42.093+0000] {logging_mixin.py:151} INFO - [2025-07-16T14:51:42.093+0000] {dag.py:2915} INFO - Sync 1 DAGs
[2025-07-16T14:51:42.111+0000] {logging_mixin.py:151} INFO - [2025-07-16T14:51:42.110+0000] {dag.py:3696} INFO - Setting next_dagrun for Projeto_Joao_Motta to None, run_after=None
[2025-07-16T14:51:42.150+0000] {processor.py:179} INFO - Processing /opt/airflow/dags/DAG 3.py took 1.710 seconds
[2025-07-16T14:52:12.391+0000] {processor.py:157} INFO - Started process (PID=48) to work on /opt/airflow/dags/DAG 3.py
[2025-07-16T14:52:12.393+0000] {processor.py:829} INFO - Processing file /opt/airflow/dags/DAG 3.py for tasks to queue
[2025-07-16T14:52:12.397+0000] {logging_mixin.py:151} INFO - [2025-07-16T14:52:12.397+0000] {dagbag.py:539} INFO - Filling up the DagBag from /opt/airflow/dags/DAG 3.py
[2025-07-16T14:52:13.850+0000] {processor.py:839} INFO - DAG(s) dict_keys(['Projeto_Joao_Motta']) retrieved from /opt/airflow/dags/DAG 3.py
[2025-07-16T14:52:13.880+0000] {logging_mixin.py:151} INFO - [2025-07-16T14:52:13.879+0000] {dag.py:2915} INFO - Sync 1 DAGs
[2025-07-16T14:52:13.893+0000] {logging_mixin.py:151} INFO - [2025-07-16T14:52:13.892+0000] {dag.py:3696} INFO - Setting next_dagrun for Projeto_Joao_Motta to None, run_after=None
[2025-07-16T14:52:13.920+0000] {processor.py:179} INFO - Processing /opt/airflow/dags/DAG 3.py took 1.533 seconds
[2025-07-16T14:52:44.059+0000] {processor.py:157} INFO - Started process (PID=53) to work on /opt/airflow/dags/DAG 3.py
[2025-07-16T14:52:44.061+0000] {processor.py:829} INFO - Processing file /opt/airflow/dags/DAG 3.py for tasks to queue
[2025-07-16T14:52:44.065+0000] {logging_mixin.py:151} INFO - [2025-07-16T14:52:44.065+0000] {dagbag.py:539} INFO - Filling up the DagBag from /opt/airflow/dags/DAG 3.py
[2025-07-16T14:52:45.572+0000] {processor.py:839} INFO - DAG(s) dict_keys(['Projeto_Joao_Motta']) retrieved from /opt/airflow/dags/DAG 3.py
[2025-07-16T14:52:45.601+0000] {logging_mixin.py:151} INFO - [2025-07-16T14:52:45.600+0000] {dag.py:2915} INFO - Sync 1 DAGs
[2025-07-16T14:52:45.615+0000] {logging_mixin.py:151} INFO - [2025-07-16T14:52:45.615+0000] {dag.py:3696} INFO - Setting next_dagrun for Projeto_Joao_Motta to None, run_after=None
[2025-07-16T14:52:45.642+0000] {processor.py:179} INFO - Processing /opt/airflow/dags/DAG 3.py took 1.588 seconds
[2025-07-16T14:53:16.096+0000] {processor.py:157} INFO - Started process (PID=58) to work on /opt/airflow/dags/DAG 3.py
[2025-07-16T14:53:16.098+0000] {processor.py:829} INFO - Processing file /opt/airflow/dags/DAG 3.py for tasks to queue
[2025-07-16T14:53:16.102+0000] {logging_mixin.py:151} INFO - [2025-07-16T14:53:16.101+0000] {dagbag.py:539} INFO - Filling up the DagBag from /opt/airflow/dags/DAG 3.py
[2025-07-16T14:53:18.336+0000] {processor.py:839} INFO - DAG(s) dict_keys(['Projeto_Joao_Motta']) retrieved from /opt/airflow/dags/DAG 3.py
[2025-07-16T14:53:18.391+0000] {logging_mixin.py:151} INFO - [2025-07-16T14:53:18.389+0000] {dag.py:2915} INFO - Sync 1 DAGs
[2025-07-16T14:53:18.431+0000] {logging_mixin.py:151} INFO - [2025-07-16T14:53:18.431+0000] {dag.py:3696} INFO - Setting next_dagrun for Projeto_Joao_Motta to None, run_after=None
[2025-07-16T14:53:18.478+0000] {processor.py:179} INFO - Processing /opt/airflow/dags/DAG 3.py took 2.387 seconds
[2025-07-16T14:53:48.606+0000] {processor.py:157} INFO - Started process (PID=63) to work on /opt/airflow/dags/DAG 3.py
[2025-07-16T14:53:48.609+0000] {processor.py:829} INFO - Processing file /opt/airflow/dags/DAG 3.py for tasks to queue
[2025-07-16T14:53:48.613+0000] {logging_mixin.py:151} INFO - [2025-07-16T14:53:48.612+0000] {dagbag.py:539} INFO - Filling up the DagBag from /opt/airflow/dags/DAG 3.py
[2025-07-16T14:53:50.519+0000] {processor.py:839} INFO - DAG(s) dict_keys(['Projeto_Joao_Motta']) retrieved from /opt/airflow/dags/DAG 3.py
[2025-07-16T14:53:50.820+0000] {logging_mixin.py:151} INFO - [2025-07-16T14:53:50.813+0000] {dag.py:2915} INFO - Sync 1 DAGs
[2025-07-16T14:53:50.875+0000] {logging_mixin.py:151} INFO - [2025-07-16T14:53:50.874+0000] {dag.py:3696} INFO - Setting next_dagrun for Projeto_Joao_Motta to None, run_after=None
[2025-07-16T14:53:50.946+0000] {processor.py:179} INFO - Processing /opt/airflow/dags/DAG 3.py took 2.346 seconds
[2025-07-16T14:54:21.260+0000] {processor.py:157} INFO - Started process (PID=68) to work on /opt/airflow/dags/DAG 3.py
[2025-07-16T14:54:21.262+0000] {processor.py:829} INFO - Processing file /opt/airflow/dags/DAG 3.py for tasks to queue
[2025-07-16T14:54:21.266+0000] {logging_mixin.py:151} INFO - [2025-07-16T14:54:21.265+0000] {dagbag.py:539} INFO - Filling up the DagBag from /opt/airflow/dags/DAG 3.py
[2025-07-16T14:54:22.630+0000] {processor.py:839} INFO - DAG(s) dict_keys(['Projeto_Joao_Motta']) retrieved from /opt/airflow/dags/DAG 3.py
[2025-07-16T14:54:22.679+0000] {logging_mixin.py:151} INFO - [2025-07-16T14:54:22.678+0000] {dag.py:2915} INFO - Sync 1 DAGs
[2025-07-16T14:54:22.692+0000] {logging_mixin.py:151} INFO - [2025-07-16T14:54:22.691+0000] {dag.py:3696} INFO - Setting next_dagrun for Projeto_Joao_Motta to None, run_after=None
[2025-07-16T14:54:22.720+0000] {processor.py:179} INFO - Processing /opt/airflow/dags/DAG 3.py took 1.466 seconds
[2025-07-16T14:54:52.980+0000] {processor.py:157} INFO - Started process (PID=73) to work on /opt/airflow/dags/DAG 3.py
[2025-07-16T14:54:52.982+0000] {processor.py:829} INFO - Processing file /opt/airflow/dags/DAG 3.py for tasks to queue
[2025-07-16T14:54:52.986+0000] {logging_mixin.py:151} INFO - [2025-07-16T14:54:52.986+0000] {dagbag.py:539} INFO - Filling up the DagBag from /opt/airflow/dags/DAG 3.py
[2025-07-16T14:54:54.665+0000] {processor.py:839} INFO - DAG(s) dict_keys(['Projeto_Joao_Motta']) retrieved from /opt/airflow/dags/DAG 3.py
[2025-07-16T14:54:54.697+0000] {logging_mixin.py:151} INFO - [2025-07-16T14:54:54.696+0000] {dag.py:2915} INFO - Sync 1 DAGs
[2025-07-16T14:54:54.712+0000] {logging_mixin.py:151} INFO - [2025-07-16T14:54:54.712+0000] {dag.py:3696} INFO - Setting next_dagrun for Projeto_Joao_Motta to None, run_after=None
[2025-07-16T14:54:54.738+0000] {processor.py:179} INFO - Processing /opt/airflow/dags/DAG 3.py took 1.766 seconds
[2025-07-16T14:55:24.974+0000] {processor.py:157} INFO - Started process (PID=78) to work on /opt/airflow/dags/DAG 3.py
[2025-07-16T14:55:24.976+0000] {processor.py:829} INFO - Processing file /opt/airflow/dags/DAG 3.py for tasks to queue
[2025-07-16T14:55:24.980+0000] {logging_mixin.py:151} INFO - [2025-07-16T14:55:24.979+0000] {dagbag.py:539} INFO - Filling up the DagBag from /opt/airflow/dags/DAG 3.py
[2025-07-16T14:55:26.837+0000] {processor.py:839} INFO - DAG(s) dict_keys(['Projeto_Joao_Motta']) retrieved from /opt/airflow/dags/DAG 3.py
[2025-07-16T14:55:26.871+0000] {logging_mixin.py:151} INFO - [2025-07-16T14:55:26.870+0000] {dag.py:2915} INFO - Sync 1 DAGs
[2025-07-16T14:55:26.886+0000] {logging_mixin.py:151} INFO - [2025-07-16T14:55:26.885+0000] {dag.py:3696} INFO - Setting next_dagrun for Projeto_Joao_Motta to None, run_after=None
[2025-07-16T14:55:26.914+0000] {processor.py:179} INFO - Processing /opt/airflow/dags/DAG 3.py took 1.946 seconds
[2025-07-16T14:55:57.011+0000] {processor.py:157} INFO - Started process (PID=83) to work on /opt/airflow/dags/DAG 3.py
[2025-07-16T14:55:57.013+0000] {processor.py:829} INFO - Processing file /opt/airflow/dags/DAG 3.py for tasks to queue
[2025-07-16T14:55:57.016+0000] {logging_mixin.py:151} INFO - [2025-07-16T14:55:57.016+0000] {dagbag.py:539} INFO - Filling up the DagBag from /opt/airflow/dags/DAG 3.py
[2025-07-16T14:55:58.290+0000] {processor.py:839} INFO - DAG(s) dict_keys(['Projeto_Joao_Motta']) retrieved from /opt/airflow/dags/DAG 3.py
[2025-07-16T14:55:58.428+0000] {logging_mixin.py:151} INFO - [2025-07-16T14:55:58.428+0000] {dag.py:2915} INFO - Sync 1 DAGs
[2025-07-16T14:55:58.441+0000] {logging_mixin.py:151} INFO - [2025-07-16T14:55:58.441+0000] {dag.py:3696} INFO - Setting next_dagrun for Projeto_Joao_Motta to None, run_after=None
[2025-07-16T14:55:58.469+0000] {processor.py:179} INFO - Processing /opt/airflow/dags/DAG 3.py took 1.464 seconds
[2025-07-16T14:56:28.968+0000] {processor.py:157} INFO - Started process (PID=88) to work on /opt/airflow/dags/DAG 3.py
[2025-07-16T14:56:28.970+0000] {processor.py:829} INFO - Processing file /opt/airflow/dags/DAG 3.py for tasks to queue
[2025-07-16T14:56:28.975+0000] {logging_mixin.py:151} INFO - [2025-07-16T14:56:28.975+0000] {dagbag.py:539} INFO - Filling up the DagBag from /opt/airflow/dags/DAG 3.py
[2025-07-16T14:56:30.476+0000] {processor.py:839} INFO - DAG(s) dict_keys(['Projeto_Joao_Motta']) retrieved from /opt/airflow/dags/DAG 3.py
[2025-07-16T14:56:30.586+0000] {logging_mixin.py:151} INFO - [2025-07-16T14:56:30.585+0000] {dag.py:2915} INFO - Sync 1 DAGs
[2025-07-16T14:56:30.610+0000] {logging_mixin.py:151} INFO - [2025-07-16T14:56:30.609+0000] {dag.py:3696} INFO - Setting next_dagrun for Projeto_Joao_Motta to None, run_after=None
[2025-07-16T14:56:31.336+0000] {processor.py:179} INFO - Processing /opt/airflow/dags/DAG 3.py took 2.374 seconds
